
*** Running vivado
    with args -log design_1_top_0_0.vds -m64 -product Vivado -mode batch -messageDb vivado.pb -notrace -source design_1_top_0_0.tcl


****** Vivado v2018.2 (64-bit)
  **** SW Build 2258646 on Thu Jun 14 20:03:12 MDT 2018
  **** IP Build 2256618 on Thu Jun 14 22:10:49 MDT 2018
    ** Copyright 1986-2018 Xilinx, Inc. All Rights Reserved.

source design_1_top_0_0.tcl -notrace
Command: synth_design -top design_1_top_0_0 -part xc7z010clg400-1 -mode out_of_context
Starting synth_design
Attempting to get a license for feature 'Synthesis' and/or device 'xc7z010'
INFO: [Common 17-349] Got license for feature 'Synthesis' and/or device 'xc7z010'
INFO: Launching helper process for spawning children vivado processes
INFO: Helper process launched with PID 2552 
---------------------------------------------------------------------------------
Starting RTL Elaboration : Time (s): cpu = 00:00:01 ; elapsed = 00:00:02 . Memory (MB): peak = 411.711 ; gain = 103.484
---------------------------------------------------------------------------------
INFO: [Synth 8-6157] synthesizing module 'design_1_top_0_0' [c:/Users/Emerson/Documents/fpga/duinocoin_miner_ebaz4205_fpga/project_ebaz_miner.srcs/sources_1/bd/design_1/ip/design_1_top_0_0/synth/design_1_top_0_0.v:58]
INFO: [Synth 8-6157] synthesizing module 'top' [C:/Users/Emerson/Documents/fpga/duinocoin_miner_ebaz4205_fpga/project_ebaz_miner.srcs/sources_1/new/top.v:10]
	Parameter CLK_FRE bound to: 50 - type: integer 
	Parameter UART_FRE bound to: 115200 - type: integer 
	Parameter DIFFICULTY bound to: 100000000 - type: integer 
	Parameter MAX_CORE bound to: 8 - type: integer 
	Parameter BUFFER_SIZE bound to: 80 - type: integer 
	Parameter STATE_RESET bound to: 3'b000 
	Parameter STATE_IDLE bound to: 3'b001 
	Parameter STATE_INIT_SHA1 bound to: 3'b010 
	Parameter STATE_RUNNING bound to: 3'b011 
	Parameter STATE_DONE_WAIT bound to: 3'b100 
	Parameter STATE_RESULT bound to: 3'b101 
	Parameter UART_IDLE bound to: 2'b00 
	Parameter UART_BUFFER_FULL bound to: 2'b01 
	Parameter UART_TRANSMIT_NONCE bound to: 2'b10 
	Parameter UART_TX_DONE bound to: 2'b11 
INFO: [Synth 8-6157] synthesizing module 'nonce_bcd_simple' [C:/Users/Emerson/Documents/fpga/duinocoin_miner_ebaz4205_fpga/project_ebaz_miner.srcs/sources_1/new/nonce_bcd_simple.v:7]
INFO: [Synth 8-6155] done synthesizing module 'nonce_bcd_simple' (1#1) [C:/Users/Emerson/Documents/fpga/duinocoin_miner_ebaz4205_fpga/project_ebaz_miner.srcs/sources_1/new/nonce_bcd_simple.v:7]
INFO: [Synth 8-6157] synthesizing module 'sha1_core' [C:/Users/Emerson/Documents/fpga/duinocoin_miner_ebaz4205_fpga/project_ebaz_miner.srcs/sources_1/new/sha1_core.v:41]
	Parameter H0_0 bound to: 1732584193 - type: integer 
	Parameter H0_1 bound to: -271733879 - type: integer 
	Parameter H0_2 bound to: -1732584194 - type: integer 
	Parameter H0_3 bound to: 271733878 - type: integer 
	Parameter H0_4 bound to: -1009589776 - type: integer 
	Parameter SHA1_ROUNDS bound to: 79 - type: integer 
	Parameter CTRL_IDLE bound to: 0 - type: integer 
	Parameter CTRL_ROUNDS bound to: 1 - type: integer 
	Parameter CTRL_DONE bound to: 2 - type: integer 
INFO: [Synth 8-6157] synthesizing module 'sha1_w_mem' [C:/Users/Emerson/Documents/fpga/duinocoin_miner_ebaz4205_fpga/project_ebaz_miner.srcs/sources_1/new/sha1_w_mem.v:41]
INFO: [Synth 8-6155] done synthesizing module 'sha1_w_mem' (2#1) [C:/Users/Emerson/Documents/fpga/duinocoin_miner_ebaz4205_fpga/project_ebaz_miner.srcs/sources_1/new/sha1_w_mem.v:41]
INFO: [Synth 8-155] case statement is not full and has no default [C:/Users/Emerson/Documents/fpga/duinocoin_miner_ebaz4205_fpga/project_ebaz_miner.srcs/sources_1/new/sha1_core.v:373]
INFO: [Synth 8-6155] done synthesizing module 'sha1_core' (3#1) [C:/Users/Emerson/Documents/fpga/duinocoin_miner_ebaz4205_fpga/project_ebaz_miner.srcs/sources_1/new/sha1_core.v:41]
INFO: [Synth 8-6157] synthesizing module 'uart_rx' [C:/Users/Emerson/Documents/fpga/duinocoin_miner_ebaz4205_fpga/project_ebaz_miner.srcs/sources_1/new/uart_rx.v:3]
	Parameter CLK_FRE bound to: 50 - type: integer 
	Parameter BAUD_RATE bound to: 115200 - type: integer 
	Parameter CYCLE bound to: 434 - type: integer 
	Parameter S_IDLE bound to: 1 - type: integer 
	Parameter S_START bound to: 2 - type: integer 
	Parameter S_REC_BYTE bound to: 3 - type: integer 
	Parameter S_STOP bound to: 4 - type: integer 
	Parameter S_DATA bound to: 5 - type: integer 
INFO: [Synth 8-6155] done synthesizing module 'uart_rx' (4#1) [C:/Users/Emerson/Documents/fpga/duinocoin_miner_ebaz4205_fpga/project_ebaz_miner.srcs/sources_1/new/uart_rx.v:3]
INFO: [Synth 8-6157] synthesizing module 'uart_tx' [C:/Users/Emerson/Documents/fpga/duinocoin_miner_ebaz4205_fpga/project_ebaz_miner.srcs/sources_1/new/uart_tx.v:3]
	Parameter CLK_FRE bound to: 50 - type: integer 
	Parameter BAUD_RATE bound to: 115200 - type: integer 
	Parameter CYCLE bound to: 434 - type: integer 
	Parameter S_IDLE bound to: 1 - type: integer 
	Parameter S_START bound to: 2 - type: integer 
	Parameter S_SEND_BYTE bound to: 3 - type: integer 
	Parameter S_STOP bound to: 4 - type: integer 
INFO: [Synth 8-6155] done synthesizing module 'uart_tx' (5#1) [C:/Users/Emerson/Documents/fpga/duinocoin_miner_ebaz4205_fpga/project_ebaz_miner.srcs/sources_1/new/uart_tx.v:3]
WARNING: [Synth 8-6014] Unused sequential element sha1_digest_valid_reg_reg[0] was removed.  [C:/Users/Emerson/Documents/fpga/duinocoin_miner_ebaz4205_fpga/project_ebaz_miner.srcs/sources_1/new/top.v:610]
WARNING: [Synth 8-6014] Unused sequential element sha1_digest_valid_reg_reg[1] was removed.  [C:/Users/Emerson/Documents/fpga/duinocoin_miner_ebaz4205_fpga/project_ebaz_miner.srcs/sources_1/new/top.v:610]
WARNING: [Synth 8-6014] Unused sequential element sha1_digest_valid_reg_reg[2] was removed.  [C:/Users/Emerson/Documents/fpga/duinocoin_miner_ebaz4205_fpga/project_ebaz_miner.srcs/sources_1/new/top.v:610]
WARNING: [Synth 8-6014] Unused sequential element sha1_digest_valid_reg_reg[3] was removed.  [C:/Users/Emerson/Documents/fpga/duinocoin_miner_ebaz4205_fpga/project_ebaz_miner.srcs/sources_1/new/top.v:610]
WARNING: [Synth 8-6014] Unused sequential element sha1_digest_valid_reg_reg[4] was removed.  [C:/Users/Emerson/Documents/fpga/duinocoin_miner_ebaz4205_fpga/project_ebaz_miner.srcs/sources_1/new/top.v:610]
WARNING: [Synth 8-6014] Unused sequential element sha1_digest_valid_reg_reg[5] was removed.  [C:/Users/Emerson/Documents/fpga/duinocoin_miner_ebaz4205_fpga/project_ebaz_miner.srcs/sources_1/new/top.v:610]
WARNING: [Synth 8-6014] Unused sequential element sha1_digest_valid_reg_reg[6] was removed.  [C:/Users/Emerson/Documents/fpga/duinocoin_miner_ebaz4205_fpga/project_ebaz_miner.srcs/sources_1/new/top.v:610]
WARNING: [Synth 8-6014] Unused sequential element sha1_digest_valid_reg_reg[7] was removed.  [C:/Users/Emerson/Documents/fpga/duinocoin_miner_ebaz4205_fpga/project_ebaz_miner.srcs/sources_1/new/top.v:610]
INFO: [Synth 8-4471] merging register 'sha1_next_reg[1]' into 'sha1_next_reg[0]' [C:/Users/Emerson/Documents/fpga/duinocoin_miner_ebaz4205_fpga/project_ebaz_miner.srcs/sources_1/new/top.v:431]
INFO: [Synth 8-4471] merging register 'sha1_next_reg[2]' into 'sha1_next_reg[0]' [C:/Users/Emerson/Documents/fpga/duinocoin_miner_ebaz4205_fpga/project_ebaz_miner.srcs/sources_1/new/top.v:431]
INFO: [Synth 8-4471] merging register 'sha1_next_reg[3]' into 'sha1_next_reg[0]' [C:/Users/Emerson/Documents/fpga/duinocoin_miner_ebaz4205_fpga/project_ebaz_miner.srcs/sources_1/new/top.v:431]
INFO: [Synth 8-4471] merging register 'sha1_next_reg[4]' into 'sha1_next_reg[0]' [C:/Users/Emerson/Documents/fpga/duinocoin_miner_ebaz4205_fpga/project_ebaz_miner.srcs/sources_1/new/top.v:431]
INFO: [Synth 8-4471] merging register 'sha1_next_reg[5]' into 'sha1_next_reg[0]' [C:/Users/Emerson/Documents/fpga/duinocoin_miner_ebaz4205_fpga/project_ebaz_miner.srcs/sources_1/new/top.v:431]
INFO: [Synth 8-4471] merging register 'sha1_next_reg[6]' into 'sha1_next_reg[0]' [C:/Users/Emerson/Documents/fpga/duinocoin_miner_ebaz4205_fpga/project_ebaz_miner.srcs/sources_1/new/top.v:431]
INFO: [Synth 8-4471] merging register 'sha1_next_reg[7]' into 'sha1_next_reg[0]' [C:/Users/Emerson/Documents/fpga/duinocoin_miner_ebaz4205_fpga/project_ebaz_miner.srcs/sources_1/new/top.v:431]
WARNING: [Synth 8-6014] Unused sequential element sha1_next_reg[1] was removed.  [C:/Users/Emerson/Documents/fpga/duinocoin_miner_ebaz4205_fpga/project_ebaz_miner.srcs/sources_1/new/top.v:431]
WARNING: [Synth 8-6014] Unused sequential element sha1_next_reg[2] was removed.  [C:/Users/Emerson/Documents/fpga/duinocoin_miner_ebaz4205_fpga/project_ebaz_miner.srcs/sources_1/new/top.v:431]
WARNING: [Synth 8-6014] Unused sequential element sha1_next_reg[3] was removed.  [C:/Users/Emerson/Documents/fpga/duinocoin_miner_ebaz4205_fpga/project_ebaz_miner.srcs/sources_1/new/top.v:431]
WARNING: [Synth 8-6014] Unused sequential element sha1_next_reg[4] was removed.  [C:/Users/Emerson/Documents/fpga/duinocoin_miner_ebaz4205_fpga/project_ebaz_miner.srcs/sources_1/new/top.v:431]
WARNING: [Synth 8-6014] Unused sequential element sha1_next_reg[5] was removed.  [C:/Users/Emerson/Documents/fpga/duinocoin_miner_ebaz4205_fpga/project_ebaz_miner.srcs/sources_1/new/top.v:431]
WARNING: [Synth 8-6014] Unused sequential element sha1_next_reg[6] was removed.  [C:/Users/Emerson/Documents/fpga/duinocoin_miner_ebaz4205_fpga/project_ebaz_miner.srcs/sources_1/new/top.v:431]
WARNING: [Synth 8-6014] Unused sequential element sha1_next_reg[7] was removed.  [C:/Users/Emerson/Documents/fpga/duinocoin_miner_ebaz4205_fpga/project_ebaz_miner.srcs/sources_1/new/top.v:431]
INFO: [Synth 8-4471] merging register 'sha1_init_reg[1]' into 'sha1_init_reg[0]' [C:/Users/Emerson/Documents/fpga/duinocoin_miner_ebaz4205_fpga/project_ebaz_miner.srcs/sources_1/new/top.v:430]
INFO: [Synth 8-4471] merging register 'sha1_init_reg[2]' into 'sha1_init_reg[0]' [C:/Users/Emerson/Documents/fpga/duinocoin_miner_ebaz4205_fpga/project_ebaz_miner.srcs/sources_1/new/top.v:430]
INFO: [Synth 8-4471] merging register 'sha1_init_reg[3]' into 'sha1_init_reg[0]' [C:/Users/Emerson/Documents/fpga/duinocoin_miner_ebaz4205_fpga/project_ebaz_miner.srcs/sources_1/new/top.v:430]
INFO: [Synth 8-4471] merging register 'sha1_init_reg[4]' into 'sha1_init_reg[0]' [C:/Users/Emerson/Documents/fpga/duinocoin_miner_ebaz4205_fpga/project_ebaz_miner.srcs/sources_1/new/top.v:430]
INFO: [Synth 8-4471] merging register 'sha1_init_reg[5]' into 'sha1_init_reg[0]' [C:/Users/Emerson/Documents/fpga/duinocoin_miner_ebaz4205_fpga/project_ebaz_miner.srcs/sources_1/new/top.v:430]
INFO: [Synth 8-4471] merging register 'sha1_init_reg[6]' into 'sha1_init_reg[0]' [C:/Users/Emerson/Documents/fpga/duinocoin_miner_ebaz4205_fpga/project_ebaz_miner.srcs/sources_1/new/top.v:430]
INFO: [Synth 8-4471] merging register 'sha1_init_reg[7]' into 'sha1_init_reg[0]' [C:/Users/Emerson/Documents/fpga/duinocoin_miner_ebaz4205_fpga/project_ebaz_miner.srcs/sources_1/new/top.v:430]
WARNING: [Synth 8-6014] Unused sequential element sha1_init_reg[1] was removed.  [C:/Users/Emerson/Documents/fpga/duinocoin_miner_ebaz4205_fpga/project_ebaz_miner.srcs/sources_1/new/top.v:430]
WARNING: [Synth 8-6014] Unused sequential element sha1_init_reg[2] was removed.  [C:/Users/Emerson/Documents/fpga/duinocoin_miner_ebaz4205_fpga/project_ebaz_miner.srcs/sources_1/new/top.v:430]
WARNING: [Synth 8-6014] Unused sequential element sha1_init_reg[3] was removed.  [C:/Users/Emerson/Documents/fpga/duinocoin_miner_ebaz4205_fpga/project_ebaz_miner.srcs/sources_1/new/top.v:430]
WARNING: [Synth 8-6014] Unused sequential element sha1_init_reg[4] was removed.  [C:/Users/Emerson/Documents/fpga/duinocoin_miner_ebaz4205_fpga/project_ebaz_miner.srcs/sources_1/new/top.v:430]
WARNING: [Synth 8-6014] Unused sequential element sha1_init_reg[5] was removed.  [C:/Users/Emerson/Documents/fpga/duinocoin_miner_ebaz4205_fpga/project_ebaz_miner.srcs/sources_1/new/top.v:430]
WARNING: [Synth 8-6014] Unused sequential element sha1_init_reg[6] was removed.  [C:/Users/Emerson/Documents/fpga/duinocoin_miner_ebaz4205_fpga/project_ebaz_miner.srcs/sources_1/new/top.v:430]
WARNING: [Synth 8-6014] Unused sequential element sha1_init_reg[7] was removed.  [C:/Users/Emerson/Documents/fpga/duinocoin_miner_ebaz4205_fpga/project_ebaz_miner.srcs/sources_1/new/top.v:430]
WARNING: [Synth 8-5788] Register buffer_reg[0] in module top is has both Set and reset with same priority. This may cause simulation mismatches. Consider rewriting code  [C:/Users/Emerson/Documents/fpga/duinocoin_miner_ebaz4205_fpga/project_ebaz_miner.srcs/sources_1/new/top.v:758]
WARNING: [Synth 8-5788] Register buffer_reg[1] in module top is has both Set and reset with same priority. This may cause simulation mismatches. Consider rewriting code  [C:/Users/Emerson/Documents/fpga/duinocoin_miner_ebaz4205_fpga/project_ebaz_miner.srcs/sources_1/new/top.v:758]
WARNING: [Synth 8-5788] Register buffer_reg[2] in module top is has both Set and reset with same priority. This may cause simulation mismatches. Consider rewriting code  [C:/Users/Emerson/Documents/fpga/duinocoin_miner_ebaz4205_fpga/project_ebaz_miner.srcs/sources_1/new/top.v:758]
WARNING: [Synth 8-5788] Register buffer_reg[3] in module top is has both Set and reset with same priority. This may cause simulation mismatches. Consider rewriting code  [C:/Users/Emerson/Documents/fpga/duinocoin_miner_ebaz4205_fpga/project_ebaz_miner.srcs/sources_1/new/top.v:758]
WARNING: [Synth 8-5788] Register buffer_reg[4] in module top is has both Set and reset with same priority. This may cause simulation mismatches. Consider rewriting code  [C:/Users/Emerson/Documents/fpga/duinocoin_miner_ebaz4205_fpga/project_ebaz_miner.srcs/sources_1/new/top.v:758]
WARNING: [Synth 8-5788] Register buffer_reg[5] in module top is has both Set and reset with same priority. This may cause simulation mismatches. Consider rewriting code  [C:/Users/Emerson/Documents/fpga/duinocoin_miner_ebaz4205_fpga/project_ebaz_miner.srcs/sources_1/new/top.v:758]
WARNING: [Synth 8-5788] Register buffer_reg[6] in module top is has both Set and reset with same priority. This may cause simulation mismatches. Consider rewriting code  [C:/Users/Emerson/Documents/fpga/duinocoin_miner_ebaz4205_fpga/project_ebaz_miner.srcs/sources_1/new/top.v:758]
WARNING: [Synth 8-5788] Register buffer_reg[7] in module top is has both Set and reset with same priority. This may cause simulation mismatches. Consider rewriting code  [C:/Users/Emerson/Documents/fpga/duinocoin_miner_ebaz4205_fpga/project_ebaz_miner.srcs/sources_1/new/top.v:758]
WARNING: [Synth 8-5788] Register buffer_reg[8] in module top is has both Set and reset with same priority. This may cause simulation mismatches. Consider rewriting code  [C:/Users/Emerson/Documents/fpga/duinocoin_miner_ebaz4205_fpga/project_ebaz_miner.srcs/sources_1/new/top.v:758]
WARNING: [Synth 8-5788] Register buffer_reg[9] in module top is has both Set and reset with same priority. This may cause simulation mismatches. Consider rewriting code  [C:/Users/Emerson/Documents/fpga/duinocoin_miner_ebaz4205_fpga/project_ebaz_miner.srcs/sources_1/new/top.v:758]
WARNING: [Synth 8-5788] Register buffer_reg[10] in module top is has both Set and reset with same priority. This may cause simulation mismatches. Consider rewriting code  [C:/Users/Emerson/Documents/fpga/duinocoin_miner_ebaz4205_fpga/project_ebaz_miner.srcs/sources_1/new/top.v:758]
WARNING: [Synth 8-5788] Register buffer_reg[11] in module top is has both Set and reset with same priority. This may cause simulation mismatches. Consider rewriting code  [C:/Users/Emerson/Documents/fpga/duinocoin_miner_ebaz4205_fpga/project_ebaz_miner.srcs/sources_1/new/top.v:758]
WARNING: [Synth 8-5788] Register buffer_reg[12] in module top is has both Set and reset with same priority. This may cause simulation mismatches. Consider rewriting code  [C:/Users/Emerson/Documents/fpga/duinocoin_miner_ebaz4205_fpga/project_ebaz_miner.srcs/sources_1/new/top.v:758]
WARNING: [Synth 8-5788] Register buffer_reg[13] in module top is has both Set and reset with same priority. This may cause simulation mismatches. Consider rewriting code  [C:/Users/Emerson/Documents/fpga/duinocoin_miner_ebaz4205_fpga/project_ebaz_miner.srcs/sources_1/new/top.v:758]
WARNING: [Synth 8-5788] Register buffer_reg[14] in module top is has both Set and reset with same priority. This may cause simulation mismatches. Consider rewriting code  [C:/Users/Emerson/Documents/fpga/duinocoin_miner_ebaz4205_fpga/project_ebaz_miner.srcs/sources_1/new/top.v:758]
WARNING: [Synth 8-5788] Register buffer_reg[15] in module top is has both Set and reset with same priority. This may cause simulation mismatches. Consider rewriting code  [C:/Users/Emerson/Documents/fpga/duinocoin_miner_ebaz4205_fpga/project_ebaz_miner.srcs/sources_1/new/top.v:758]
WARNING: [Synth 8-5788] Register buffer_reg[16] in module top is has both Set and reset with same priority. This may cause simulation mismatches. Consider rewriting code  [C:/Users/Emerson/Documents/fpga/duinocoin_miner_ebaz4205_fpga/project_ebaz_miner.srcs/sources_1/new/top.v:758]
WARNING: [Synth 8-5788] Register buffer_reg[17] in module top is has both Set and reset with same priority. This may cause simulation mismatches. Consider rewriting code  [C:/Users/Emerson/Documents/fpga/duinocoin_miner_ebaz4205_fpga/project_ebaz_miner.srcs/sources_1/new/top.v:758]
WARNING: [Synth 8-5788] Register buffer_reg[18] in module top is has both Set and reset with same priority. This may cause simulation mismatches. Consider rewriting code  [C:/Users/Emerson/Documents/fpga/duinocoin_miner_ebaz4205_fpga/project_ebaz_miner.srcs/sources_1/new/top.v:758]
WARNING: [Synth 8-5788] Register buffer_reg[19] in module top is has both Set and reset with same priority. This may cause simulation mismatches. Consider rewriting code  [C:/Users/Emerson/Documents/fpga/duinocoin_miner_ebaz4205_fpga/project_ebaz_miner.srcs/sources_1/new/top.v:758]
WARNING: [Synth 8-5788] Register buffer_reg[20] in module top is has both Set and reset with same priority. This may cause simulation mismatches. Consider rewriting code  [C:/Users/Emerson/Documents/fpga/duinocoin_miner_ebaz4205_fpga/project_ebaz_miner.srcs/sources_1/new/top.v:758]
WARNING: [Synth 8-5788] Register buffer_reg[21] in module top is has both Set and reset with same priority. This may cause simulation mismatches. Consider rewriting code  [C:/Users/Emerson/Documents/fpga/duinocoin_miner_ebaz4205_fpga/project_ebaz_miner.srcs/sources_1/new/top.v:758]
WARNING: [Synth 8-5788] Register buffer_reg[22] in module top is has both Set and reset with same priority. This may cause simulation mismatches. Consider rewriting code  [C:/Users/Emerson/Documents/fpga/duinocoin_miner_ebaz4205_fpga/project_ebaz_miner.srcs/sources_1/new/top.v:758]
WARNING: [Synth 8-5788] Register buffer_reg[23] in module top is has both Set and reset with same priority. This may cause simulation mismatches. Consider rewriting code  [C:/Users/Emerson/Documents/fpga/duinocoin_miner_ebaz4205_fpga/project_ebaz_miner.srcs/sources_1/new/top.v:758]
WARNING: [Synth 8-5788] Register buffer_reg[24] in module top is has both Set and reset with same priority. This may cause simulation mismatches. Consider rewriting code  [C:/Users/Emerson/Documents/fpga/duinocoin_miner_ebaz4205_fpga/project_ebaz_miner.srcs/sources_1/new/top.v:758]
WARNING: [Synth 8-5788] Register buffer_reg[25] in module top is has both Set and reset with same priority. This may cause simulation mismatches. Consider rewriting code  [C:/Users/Emerson/Documents/fpga/duinocoin_miner_ebaz4205_fpga/project_ebaz_miner.srcs/sources_1/new/top.v:758]
WARNING: [Synth 8-5788] Register buffer_reg[26] in module top is has both Set and reset with same priority. This may cause simulation mismatches. Consider rewriting code  [C:/Users/Emerson/Documents/fpga/duinocoin_miner_ebaz4205_fpga/project_ebaz_miner.srcs/sources_1/new/top.v:758]
WARNING: [Synth 8-5788] Register buffer_reg[27] in module top is has both Set and reset with same priority. This may cause simulation mismatches. Consider rewriting code  [C:/Users/Emerson/Documents/fpga/duinocoin_miner_ebaz4205_fpga/project_ebaz_miner.srcs/sources_1/new/top.v:758]
WARNING: [Synth 8-5788] Register buffer_reg[28] in module top is has both Set and reset with same priority. This may cause simulation mismatches. Consider rewriting code  [C:/Users/Emerson/Documents/fpga/duinocoin_miner_ebaz4205_fpga/project_ebaz_miner.srcs/sources_1/new/top.v:758]
WARNING: [Synth 8-5788] Register buffer_reg[29] in module top is has both Set and reset with same priority. This may cause simulation mismatches. Consider rewriting code  [C:/Users/Emerson/Documents/fpga/duinocoin_miner_ebaz4205_fpga/project_ebaz_miner.srcs/sources_1/new/top.v:758]
WARNING: [Synth 8-5788] Register buffer_reg[30] in module top is has both Set and reset with same priority. This may cause simulation mismatches. Consider rewriting code  [C:/Users/Emerson/Documents/fpga/duinocoin_miner_ebaz4205_fpga/project_ebaz_miner.srcs/sources_1/new/top.v:758]
WARNING: [Synth 8-5788] Register buffer_reg[31] in module top is has both Set and reset with same priority. This may cause simulation mismatches. Consider rewriting code  [C:/Users/Emerson/Documents/fpga/duinocoin_miner_ebaz4205_fpga/project_ebaz_miner.srcs/sources_1/new/top.v:758]
WARNING: [Synth 8-5788] Register buffer_reg[32] in module top is has both Set and reset with same priority. This may cause simulation mismatches. Consider rewriting code  [C:/Users/Emerson/Documents/fpga/duinocoin_miner_ebaz4205_fpga/project_ebaz_miner.srcs/sources_1/new/top.v:758]
WARNING: [Synth 8-5788] Register buffer_reg[33] in module top is has both Set and reset with same priority. This may cause simulation mismatches. Consider rewriting code  [C:/Users/Emerson/Documents/fpga/duinocoin_miner_ebaz4205_fpga/project_ebaz_miner.srcs/sources_1/new/top.v:758]
WARNING: [Synth 8-5788] Register buffer_reg[34] in module top is has both Set and reset with same priority. This may cause simulation mismatches. Consider rewriting code  [C:/Users/Emerson/Documents/fpga/duinocoin_miner_ebaz4205_fpga/project_ebaz_miner.srcs/sources_1/new/top.v:758]
WARNING: [Synth 8-5788] Register buffer_reg[35] in module top is has both Set and reset with same priority. This may cause simulation mismatches. Consider rewriting code  [C:/Users/Emerson/Documents/fpga/duinocoin_miner_ebaz4205_fpga/project_ebaz_miner.srcs/sources_1/new/top.v:758]
WARNING: [Synth 8-5788] Register buffer_reg[36] in module top is has both Set and reset with same priority. This may cause simulation mismatches. Consider rewriting code  [C:/Users/Emerson/Documents/fpga/duinocoin_miner_ebaz4205_fpga/project_ebaz_miner.srcs/sources_1/new/top.v:758]
WARNING: [Synth 8-5788] Register buffer_reg[37] in module top is has both Set and reset with same priority. This may cause simulation mismatches. Consider rewriting code  [C:/Users/Emerson/Documents/fpga/duinocoin_miner_ebaz4205_fpga/project_ebaz_miner.srcs/sources_1/new/top.v:758]
WARNING: [Synth 8-5788] Register buffer_reg[38] in module top is has both Set and reset with same priority. This may cause simulation mismatches. Consider rewriting code  [C:/Users/Emerson/Documents/fpga/duinocoin_miner_ebaz4205_fpga/project_ebaz_miner.srcs/sources_1/new/top.v:758]
WARNING: [Synth 8-5788] Register buffer_reg[39] in module top is has both Set and reset with same priority. This may cause simulation mismatches. Consider rewriting code  [C:/Users/Emerson/Documents/fpga/duinocoin_miner_ebaz4205_fpga/project_ebaz_miner.srcs/sources_1/new/top.v:758]
WARNING: [Synth 8-5788] Register buffer_reg[40] in module top is has both Set and reset with same priority. This may cause simulation mismatches. Consider rewriting code  [C:/Users/Emerson/Documents/fpga/duinocoin_miner_ebaz4205_fpga/project_ebaz_miner.srcs/sources_1/new/top.v:758]
WARNING: [Synth 8-5788] Register buffer_reg[41] in module top is has both Set and reset with same priority. This may cause simulation mismatches. Consider rewriting code  [C:/Users/Emerson/Documents/fpga/duinocoin_miner_ebaz4205_fpga/project_ebaz_miner.srcs/sources_1/new/top.v:758]
WARNING: [Synth 8-5788] Register buffer_reg[42] in module top is has both Set and reset with same priority. This may cause simulation mismatches. Consider rewriting code  [C:/Users/Emerson/Documents/fpga/duinocoin_miner_ebaz4205_fpga/project_ebaz_miner.srcs/sources_1/new/top.v:758]
WARNING: [Synth 8-5788] Register buffer_reg[43] in module top is has both Set and reset with same priority. This may cause simulation mismatches. Consider rewriting code  [C:/Users/Emerson/Documents/fpga/duinocoin_miner_ebaz4205_fpga/project_ebaz_miner.srcs/sources_1/new/top.v:758]
WARNING: [Synth 8-5788] Register buffer_reg[44] in module top is has both Set and reset with same priority. This may cause simulation mismatches. Consider rewriting code  [C:/Users/Emerson/Documents/fpga/duinocoin_miner_ebaz4205_fpga/project_ebaz_miner.srcs/sources_1/new/top.v:758]
WARNING: [Synth 8-5788] Register buffer_reg[45] in module top is has both Set and reset with same priority. This may cause simulation mismatches. Consider rewriting code  [C:/Users/Emerson/Documents/fpga/duinocoin_miner_ebaz4205_fpga/project_ebaz_miner.srcs/sources_1/new/top.v:758]
WARNING: [Synth 8-5788] Register buffer_reg[46] in module top is has both Set and reset with same priority. This may cause simulation mismatches. Consider rewriting code  [C:/Users/Emerson/Documents/fpga/duinocoin_miner_ebaz4205_fpga/project_ebaz_miner.srcs/sources_1/new/top.v:758]
WARNING: [Synth 8-5788] Register buffer_reg[47] in module top is has both Set and reset with same priority. This may cause simulation mismatches. Consider rewriting code  [C:/Users/Emerson/Documents/fpga/duinocoin_miner_ebaz4205_fpga/project_ebaz_miner.srcs/sources_1/new/top.v:758]
WARNING: [Synth 8-5788] Register buffer_reg[48] in module top is has both Set and reset with same priority. This may cause simulation mismatches. Consider rewriting code  [C:/Users/Emerson/Documents/fpga/duinocoin_miner_ebaz4205_fpga/project_ebaz_miner.srcs/sources_1/new/top.v:758]
WARNING: [Synth 8-5788] Register buffer_reg[49] in module top is has both Set and reset with same priority. This may cause simulation mismatches. Consider rewriting code  [C:/Users/Emerson/Documents/fpga/duinocoin_miner_ebaz4205_fpga/project_ebaz_miner.srcs/sources_1/new/top.v:758]
WARNING: [Synth 8-5788] Register buffer_reg[50] in module top is has both Set and reset with same priority. This may cause simulation mismatches. Consider rewriting code  [C:/Users/Emerson/Documents/fpga/duinocoin_miner_ebaz4205_fpga/project_ebaz_miner.srcs/sources_1/new/top.v:758]
WARNING: [Synth 8-5788] Register buffer_reg[51] in module top is has both Set and reset with same priority. This may cause simulation mismatches. Consider rewriting code  [C:/Users/Emerson/Documents/fpga/duinocoin_miner_ebaz4205_fpga/project_ebaz_miner.srcs/sources_1/new/top.v:758]
WARNING: [Synth 8-5788] Register buffer_reg[52] in module top is has both Set and reset with same priority. This may cause simulation mismatches. Consider rewriting code  [C:/Users/Emerson/Documents/fpga/duinocoin_miner_ebaz4205_fpga/project_ebaz_miner.srcs/sources_1/new/top.v:758]
WARNING: [Synth 8-5788] Register buffer_reg[53] in module top is has both Set and reset with same priority. This may cause simulation mismatches. Consider rewriting code  [C:/Users/Emerson/Documents/fpga/duinocoin_miner_ebaz4205_fpga/project_ebaz_miner.srcs/sources_1/new/top.v:758]
WARNING: [Synth 8-5788] Register buffer_reg[54] in module top is has both Set and reset with same priority. This may cause simulation mismatches. Consider rewriting code  [C:/Users/Emerson/Documents/fpga/duinocoin_miner_ebaz4205_fpga/project_ebaz_miner.srcs/sources_1/new/top.v:758]
WARNING: [Synth 8-5788] Register buffer_reg[55] in module top is has both Set and reset with same priority. This may cause simulation mismatches. Consider rewriting code  [C:/Users/Emerson/Documents/fpga/duinocoin_miner_ebaz4205_fpga/project_ebaz_miner.srcs/sources_1/new/top.v:758]
WARNING: [Synth 8-5788] Register buffer_reg[56] in module top is has both Set and reset with same priority. This may cause simulation mismatches. Consider rewriting code  [C:/Users/Emerson/Documents/fpga/duinocoin_miner_ebaz4205_fpga/project_ebaz_miner.srcs/sources_1/new/top.v:758]
WARNING: [Synth 8-5788] Register buffer_reg[57] in module top is has both Set and reset with same priority. This may cause simulation mismatches. Consider rewriting code  [C:/Users/Emerson/Documents/fpga/duinocoin_miner_ebaz4205_fpga/project_ebaz_miner.srcs/sources_1/new/top.v:758]
WARNING: [Synth 8-5788] Register buffer_reg[58] in module top is has both Set and reset with same priority. This may cause simulation mismatches. Consider rewriting code  [C:/Users/Emerson/Documents/fpga/duinocoin_miner_ebaz4205_fpga/project_ebaz_miner.srcs/sources_1/new/top.v:758]
WARNING: [Synth 8-5788] Register buffer_reg[59] in module top is has both Set and reset with same priority. This may cause simulation mismatches. Consider rewriting code  [C:/Users/Emerson/Documents/fpga/duinocoin_miner_ebaz4205_fpga/project_ebaz_miner.srcs/sources_1/new/top.v:758]
WARNING: [Synth 8-5788] Register buffer_reg[60] in module top is has both Set and reset with same priority. This may cause simulation mismatches. Consider rewriting code  [C:/Users/Emerson/Documents/fpga/duinocoin_miner_ebaz4205_fpga/project_ebaz_miner.srcs/sources_1/new/top.v:758]
WARNING: [Synth 8-5788] Register buffer_reg[61] in module top is has both Set and reset with same priority. This may cause simulation mismatches. Consider rewriting code  [C:/Users/Emerson/Documents/fpga/duinocoin_miner_ebaz4205_fpga/project_ebaz_miner.srcs/sources_1/new/top.v:758]
WARNING: [Synth 8-5788] Register buffer_reg[62] in module top is has both Set and reset with same priority. This may cause simulation mismatches. Consider rewriting code  [C:/Users/Emerson/Documents/fpga/duinocoin_miner_ebaz4205_fpga/project_ebaz_miner.srcs/sources_1/new/top.v:758]
WARNING: [Synth 8-5788] Register buffer_reg[63] in module top is has both Set and reset with same priority. This may cause simulation mismatches. Consider rewriting code  [C:/Users/Emerson/Documents/fpga/duinocoin_miner_ebaz4205_fpga/project_ebaz_miner.srcs/sources_1/new/top.v:758]
WARNING: [Synth 8-5788] Register buffer_reg[64] in module top is has both Set and reset with same priority. This may cause simulation mismatches. Consider rewriting code  [C:/Users/Emerson/Documents/fpga/duinocoin_miner_ebaz4205_fpga/project_ebaz_miner.srcs/sources_1/new/top.v:758]
WARNING: [Synth 8-5788] Register buffer_reg[65] in module top is has both Set and reset with same priority. This may cause simulation mismatches. Consider rewriting code  [C:/Users/Emerson/Documents/fpga/duinocoin_miner_ebaz4205_fpga/project_ebaz_miner.srcs/sources_1/new/top.v:758]
WARNING: [Synth 8-5788] Register buffer_reg[66] in module top is has both Set and reset with same priority. This may cause simulation mismatches. Consider rewriting code  [C:/Users/Emerson/Documents/fpga/duinocoin_miner_ebaz4205_fpga/project_ebaz_miner.srcs/sources_1/new/top.v:758]
WARNING: [Synth 8-5788] Register buffer_reg[67] in module top is has both Set and reset with same priority. This may cause simulation mismatches. Consider rewriting code  [C:/Users/Emerson/Documents/fpga/duinocoin_miner_ebaz4205_fpga/project_ebaz_miner.srcs/sources_1/new/top.v:758]
WARNING: [Synth 8-5788] Register buffer_reg[68] in module top is has both Set and reset with same priority. This may cause simulation mismatches. Consider rewriting code  [C:/Users/Emerson/Documents/fpga/duinocoin_miner_ebaz4205_fpga/project_ebaz_miner.srcs/sources_1/new/top.v:758]
WARNING: [Synth 8-5788] Register buffer_reg[69] in module top is has both Set and reset with same priority. This may cause simulation mismatches. Consider rewriting code  [C:/Users/Emerson/Documents/fpga/duinocoin_miner_ebaz4205_fpga/project_ebaz_miner.srcs/sources_1/new/top.v:758]
WARNING: [Synth 8-5788] Register buffer_reg[70] in module top is has both Set and reset with same priority. This may cause simulation mismatches. Consider rewriting code  [C:/Users/Emerson/Documents/fpga/duinocoin_miner_ebaz4205_fpga/project_ebaz_miner.srcs/sources_1/new/top.v:758]
WARNING: [Synth 8-5788] Register buffer_reg[71] in module top is has both Set and reset with same priority. This may cause simulation mismatches. Consider rewriting code  [C:/Users/Emerson/Documents/fpga/duinocoin_miner_ebaz4205_fpga/project_ebaz_miner.srcs/sources_1/new/top.v:758]
WARNING: [Synth 8-5788] Register buffer_reg[72] in module top is has both Set and reset with same priority. This may cause simulation mismatches. Consider rewriting code  [C:/Users/Emerson/Documents/fpga/duinocoin_miner_ebaz4205_fpga/project_ebaz_miner.srcs/sources_1/new/top.v:758]
WARNING: [Synth 8-5788] Register buffer_reg[73] in module top is has both Set and reset with same priority. This may cause simulation mismatches. Consider rewriting code  [C:/Users/Emerson/Documents/fpga/duinocoin_miner_ebaz4205_fpga/project_ebaz_miner.srcs/sources_1/new/top.v:758]
WARNING: [Synth 8-5788] Register buffer_reg[74] in module top is has both Set and reset with same priority. This may cause simulation mismatches. Consider rewriting code  [C:/Users/Emerson/Documents/fpga/duinocoin_miner_ebaz4205_fpga/project_ebaz_miner.srcs/sources_1/new/top.v:758]
WARNING: [Synth 8-5788] Register buffer_reg[75] in module top is has both Set and reset with same priority. This may cause simulation mismatches. Consider rewriting code  [C:/Users/Emerson/Documents/fpga/duinocoin_miner_ebaz4205_fpga/project_ebaz_miner.srcs/sources_1/new/top.v:758]
WARNING: [Synth 8-5788] Register buffer_reg[76] in module top is has both Set and reset with same priority. This may cause simulation mismatches. Consider rewriting code  [C:/Users/Emerson/Documents/fpga/duinocoin_miner_ebaz4205_fpga/project_ebaz_miner.srcs/sources_1/new/top.v:758]
WARNING: [Synth 8-5788] Register buffer_reg[77] in module top is has both Set and reset with same priority. This may cause simulation mismatches. Consider rewriting code  [C:/Users/Emerson/Documents/fpga/duinocoin_miner_ebaz4205_fpga/project_ebaz_miner.srcs/sources_1/new/top.v:758]
WARNING: [Synth 8-5788] Register buffer_reg[78] in module top is has both Set and reset with same priority. This may cause simulation mismatches. Consider rewriting code  [C:/Users/Emerson/Documents/fpga/duinocoin_miner_ebaz4205_fpga/project_ebaz_miner.srcs/sources_1/new/top.v:758]
WARNING: [Synth 8-5788] Register buffer_reg[79] in module top is has both Set and reset with same priority. This may cause simulation mismatches. Consider rewriting code  [C:/Users/Emerson/Documents/fpga/duinocoin_miner_ebaz4205_fpga/project_ebaz_miner.srcs/sources_1/new/top.v:758]
WARNING: [Synth 8-5788] Register nonce_to_transmit_reg in module top is has both Set and reset with same priority. This may cause simulation mismatches. Consider rewriting code  [C:/Users/Emerson/Documents/fpga/duinocoin_miner_ebaz4205_fpga/project_ebaz_miner.srcs/sources_1/new/top.v:784]
INFO: [Synth 8-6155] done synthesizing module 'top' (6#1) [C:/Users/Emerson/Documents/fpga/duinocoin_miner_ebaz4205_fpga/project_ebaz_miner.srcs/sources_1/new/top.v:10]
INFO: [Synth 8-6155] done synthesizing module 'design_1_top_0_0' (7#1) [c:/Users/Emerson/Documents/fpga/duinocoin_miner_ebaz4205_fpga/project_ebaz_miner.srcs/sources_1/bd/design_1/ip/design_1_top_0_0/synth/design_1_top_0_0.v:58]
---------------------------------------------------------------------------------
Finished RTL Elaboration : Time (s): cpu = 00:00:02 ; elapsed = 00:00:03 . Memory (MB): peak = 486.625 ; gain = 178.398
---------------------------------------------------------------------------------

Report Check Netlist: 
+------+------------------+-------+---------+-------+------------------+
|      |Item              |Errors |Warnings |Status |Description       |
+------+------------------+-------+---------+-------+------------------+
|1     |multi_driven_nets |      0|        0|Passed |Multi driven nets |
+------+------------------+-------+---------+-------+------------------+
---------------------------------------------------------------------------------
Start Handling Custom Attributes
---------------------------------------------------------------------------------
---------------------------------------------------------------------------------
Finished Handling Custom Attributes : Time (s): cpu = 00:00:02 ; elapsed = 00:00:03 . Memory (MB): peak = 486.625 ; gain = 178.398
---------------------------------------------------------------------------------
---------------------------------------------------------------------------------
Finished RTL Optimization Phase 1 : Time (s): cpu = 00:00:02 ; elapsed = 00:00:03 . Memory (MB): peak = 486.625 ; gain = 178.398
---------------------------------------------------------------------------------
INFO: [Device 21-403] Loading part xc7z010clg400-1
INFO: [Project 1-570] Preparing netlist for logic optimization

Processing XDC Constraints
Initializing timing engine
Completed Processing XDC Constraints

INFO: [Project 1-111] Unisim Transformation Summary:
No Unisim elements were transformed.

WARNING: [Constraints 18-5210] No constraint will be written out.
Constraint Validation Runtime : Time (s): cpu = 00:00:00 ; elapsed = 00:00:00.172 . Memory (MB): peak = 859.758 ; gain = 5.809
---------------------------------------------------------------------------------
Finished Constraint Validation : Time (s): cpu = 00:00:11 ; elapsed = 00:00:12 . Memory (MB): peak = 859.758 ; gain = 551.531
---------------------------------------------------------------------------------
---------------------------------------------------------------------------------
Start Loading Part and Timing Information
---------------------------------------------------------------------------------
Loading part: xc7z010clg400-1
---------------------------------------------------------------------------------
Finished Loading Part and Timing Information : Time (s): cpu = 00:00:11 ; elapsed = 00:00:12 . Memory (MB): peak = 859.758 ; gain = 551.531
---------------------------------------------------------------------------------
---------------------------------------------------------------------------------
Start Applying 'set_property' XDC Constraints
---------------------------------------------------------------------------------
---------------------------------------------------------------------------------
Finished applying 'set_property' XDC Constraints : Time (s): cpu = 00:00:11 ; elapsed = 00:00:12 . Memory (MB): peak = 859.758 ; gain = 551.531
---------------------------------------------------------------------------------
INFO: [Synth 8-802] inferred FSM for state register 'state_reg' in module 'uart_rx'
INFO: [Synth 8-5546] ROM "bit_cnt" won't be mapped to RAM because it is too sparse
INFO: [Synth 8-5546] ROM "next_state" won't be mapped to RAM because it is too sparse
INFO: [Synth 8-5546] ROM "next_state" won't be mapped to RAM because it is too sparse
INFO: [Synth 8-5544] ROM "next_state" won't be mapped to Block RAM because address size (1) smaller than threshold (5)
INFO: [Synth 8-5546] ROM "next_state" won't be mapped to RAM because it is too sparse
INFO: [Synth 8-5544] ROM "next_state" won't be mapped to Block RAM because address size (1) smaller than threshold (5)
INFO: [Synth 8-5546] ROM "next_state" won't be mapped to RAM because it is too sparse
INFO: [Synth 8-5544] ROM "next_state" won't be mapped to Block RAM because address size (1) smaller than threshold (5)
INFO: [Synth 8-802] inferred FSM for state register 'state_reg' in module 'uart_tx'
INFO: [Synth 8-5546] ROM "bit_cnt" won't be mapped to RAM because it is too sparse
INFO: [Synth 8-5546] ROM "next_state" won't be mapped to RAM because it is too sparse
INFO: [Synth 8-5546] ROM "next_state" won't be mapped to RAM because it is too sparse
INFO: [Synth 8-5544] ROM "next_state" won't be mapped to Block RAM because address size (1) smaller than threshold (5)
INFO: [Synth 8-5546] ROM "next_state" won't be mapped to RAM because it is too sparse
INFO: [Synth 8-5544] ROM "next_state" won't be mapped to Block RAM because address size (1) smaller than threshold (5)
INFO: [Synth 8-5546] ROM "next_state" won't be mapped to RAM because it is too sparse
INFO: [Synth 8-5545] ROM "digit_count" won't be mapped to RAM because address size (32) is larger than maximum supported(25)
INFO: [Synth 8-5845] Not enough pipeline registers after wide multiplier. Recommended levels of pipeline registers is 2 [C:/Users/Emerson/Documents/fpga/duinocoin_miner_ebaz4205_fpga/project_ebaz_miner.srcs/sources_1/new/nonce_bcd_simple.v:35]
INFO: [Synth 8-5545] ROM "digit_count" won't be mapped to RAM because address size (32) is larger than maximum supported(25)
INFO: [Synth 8-5544] ROM "digit_count7" won't be mapped to Block RAM because address size (1) smaller than threshold (5)
INFO: [Synth 8-802] inferred FSM for state register 'sha1_ctrl_reg_reg' in module 'sha1_core'
INFO: [Synth 8-5546] ROM "sha1_ctrl_we" won't be mapped to RAM because it is too sparse
INFO: [Synth 8-5544] ROM "digest_valid_new" won't be mapped to Block RAM because address size (2) smaller than threshold (5)
INFO: [Synth 8-5544] ROM "state_update" won't be mapped to Block RAM because address size (2) smaller than threshold (5)
INFO: [Synth 8-5544] ROM "ready_flag" won't be mapped to Block RAM because address size (2) smaller than threshold (5)
INFO: [Synth 8-5546] ROM "sha1_ctrl_new" won't be mapped to RAM because it is too sparse
INFO: [Synth 8-5546] ROM "sha1_ctrl_we" won't be mapped to RAM because it is too sparse
INFO: [Synth 8-5544] ROM "digest_valid_new" won't be mapped to Block RAM because address size (2) smaller than threshold (5)
INFO: [Synth 8-5544] ROM "state_update" won't be mapped to Block RAM because address size (2) smaller than threshold (5)
INFO: [Synth 8-5544] ROM "ready_flag" won't be mapped to Block RAM because address size (2) smaller than threshold (5)
INFO: [Synth 8-5546] ROM "sha1_ctrl_new" won't be mapped to RAM because it is too sparse
INFO: [Synth 8-5544] ROM "H0_new" won't be mapped to Block RAM because address size (1) smaller than threshold (5)
INFO: [Synth 8-5544] ROM "H1_new" won't be mapped to Block RAM because address size (1) smaller than threshold (5)
INFO: [Synth 8-5544] ROM "H2_new" won't be mapped to Block RAM because address size (1) smaller than threshold (5)
INFO: [Synth 8-5544] ROM "H3_new" won't be mapped to Block RAM because address size (1) smaller than threshold (5)
INFO: [Synth 8-5544] ROM "H4_new" won't be mapped to Block RAM because address size (1) smaller than threshold (5)
INFO: [Synth 8-802] inferred FSM for state register 'state_reg' in module 'top'
INFO: [Synth 8-802] inferred FSM for state register 'uart_state_reg' in module 'top'
INFO: [Synth 8-5546] ROM "buffer_reg[0]" won't be mapped to RAM because it is too sparse
INFO: [Synth 8-5546] ROM "buffer_reg[1]" won't be mapped to RAM because it is too sparse
INFO: [Synth 8-5546] ROM "buffer_reg[2]" won't be mapped to RAM because it is too sparse
INFO: [Synth 8-5546] ROM "buffer_reg[3]" won't be mapped to RAM because it is too sparse
INFO: [Synth 8-5546] ROM "buffer_reg[4]" won't be mapped to RAM because it is too sparse
INFO: [Synth 8-5546] ROM "buffer_reg[5]" won't be mapped to RAM because it is too sparse
INFO: [Synth 8-5546] ROM "buffer_reg[6]" won't be mapped to RAM because it is too sparse
INFO: [Synth 8-5546] ROM "buffer_reg[7]" won't be mapped to RAM because it is too sparse
INFO: [Synth 8-5546] ROM "buffer_reg[8]" won't be mapped to RAM because it is too sparse
INFO: [Synth 8-5546] ROM "buffer_reg[9]" won't be mapped to RAM because it is too sparse
INFO: [Synth 8-5546] ROM "buffer_reg[10]" won't be mapped to RAM because it is too sparse
INFO: [Synth 8-5546] ROM "buffer_reg[11]" won't be mapped to RAM because it is too sparse
INFO: [Synth 8-5546] ROM "buffer_reg[12]" won't be mapped to RAM because it is too sparse
INFO: [Synth 8-5546] ROM "buffer_reg[13]" won't be mapped to RAM because it is too sparse
INFO: [Synth 8-5546] ROM "buffer_reg[14]" won't be mapped to RAM because it is too sparse
INFO: [Synth 8-5546] ROM "buffer_reg[15]" won't be mapped to RAM because it is too sparse
INFO: [Synth 8-5546] ROM "buffer_reg[16]" won't be mapped to RAM because it is too sparse
INFO: [Synth 8-5546] ROM "buffer_reg[17]" won't be mapped to RAM because it is too sparse
INFO: [Synth 8-5546] ROM "buffer_reg[18]" won't be mapped to RAM because it is too sparse
INFO: [Synth 8-5546] ROM "buffer_reg[19]" won't be mapped to RAM because it is too sparse
INFO: [Synth 8-5546] ROM "buffer_reg[20]" won't be mapped to RAM because it is too sparse
INFO: [Synth 8-5546] ROM "buffer_reg[21]" won't be mapped to RAM because it is too sparse
INFO: [Synth 8-5546] ROM "buffer_reg[22]" won't be mapped to RAM because it is too sparse
INFO: [Synth 8-5546] ROM "buffer_reg[23]" won't be mapped to RAM because it is too sparse
INFO: [Synth 8-5546] ROM "buffer_reg[24]" won't be mapped to RAM because it is too sparse
INFO: [Synth 8-5546] ROM "buffer_reg[25]" won't be mapped to RAM because it is too sparse
INFO: [Synth 8-5546] ROM "buffer_reg[26]" won't be mapped to RAM because it is too sparse
INFO: [Synth 8-5546] ROM "buffer_reg[27]" won't be mapped to RAM because it is too sparse
INFO: [Synth 8-5546] ROM "buffer_reg[28]" won't be mapped to RAM because it is too sparse
INFO: [Synth 8-5546] ROM "buffer_reg[29]" won't be mapped to RAM because it is too sparse
INFO: [Synth 8-5546] ROM "buffer_reg[30]" won't be mapped to RAM because it is too sparse
INFO: [Synth 8-5546] ROM "buffer_reg[31]" won't be mapped to RAM because it is too sparse
INFO: [Synth 8-5546] ROM "buffer_reg[32]" won't be mapped to RAM because it is too sparse
INFO: [Synth 8-5546] ROM "buffer_reg[33]" won't be mapped to RAM because it is too sparse
INFO: [Synth 8-5546] ROM "buffer_reg[34]" won't be mapped to RAM because it is too sparse
INFO: [Synth 8-5546] ROM "buffer_reg[35]" won't be mapped to RAM because it is too sparse
INFO: [Synth 8-5546] ROM "buffer_reg[36]" won't be mapped to RAM because it is too sparse
INFO: [Synth 8-5546] ROM "buffer_reg[37]" won't be mapped to RAM because it is too sparse
INFO: [Synth 8-5546] ROM "buffer_reg[38]" won't be mapped to RAM because it is too sparse
INFO: [Synth 8-5546] ROM "buffer_reg[39]" won't be mapped to RAM because it is too sparse
INFO: [Synth 8-5546] ROM "buffer_reg[40]" won't be mapped to RAM because it is too sparse
INFO: [Synth 8-5546] ROM "buffer_reg[41]" won't be mapped to RAM because it is too sparse
INFO: [Synth 8-5546] ROM "buffer_reg[42]" won't be mapped to RAM because it is too sparse
INFO: [Synth 8-5546] ROM "buffer_reg[43]" won't be mapped to RAM because it is too sparse
INFO: [Synth 8-5546] ROM "buffer_reg[44]" won't be mapped to RAM because it is too sparse
INFO: [Synth 8-5546] ROM "buffer_reg[45]" won't be mapped to RAM because it is too sparse
INFO: [Synth 8-5546] ROM "buffer_reg[46]" won't be mapped to RAM because it is too sparse
INFO: [Synth 8-5546] ROM "buffer_reg[47]" won't be mapped to RAM because it is too sparse
INFO: [Synth 8-5546] ROM "buffer_reg[48]" won't be mapped to RAM because it is too sparse
INFO: [Synth 8-5546] ROM "buffer_reg[49]" won't be mapped to RAM because it is too sparse
INFO: [Synth 8-5546] ROM "buffer_reg[50]" won't be mapped to RAM because it is too sparse
INFO: [Synth 8-5546] ROM "buffer_reg[51]" won't be mapped to RAM because it is too sparse
INFO: [Synth 8-5546] ROM "buffer_reg[52]" won't be mapped to RAM because it is too sparse
INFO: [Synth 8-5546] ROM "buffer_reg[53]" won't be mapped to RAM because it is too sparse
INFO: [Synth 8-5546] ROM "buffer_reg[54]" won't be mapped to RAM because it is too sparse
INFO: [Synth 8-5546] ROM "buffer_reg[55]" won't be mapped to RAM because it is too sparse
INFO: [Synth 8-5546] ROM "buffer_reg[56]" won't be mapped to RAM because it is too sparse
INFO: [Synth 8-5546] ROM "buffer_reg[57]" won't be mapped to RAM because it is too sparse
INFO: [Synth 8-5546] ROM "buffer_reg[58]" won't be mapped to RAM because it is too sparse
INFO: [Synth 8-5546] ROM "buffer_reg[59]" won't be mapped to RAM because it is too sparse
INFO: [Synth 8-5546] ROM "buffer_reg[60]" won't be mapped to RAM because it is too sparse
INFO: [Synth 8-5546] ROM "buffer_reg[61]" won't be mapped to RAM because it is too sparse
INFO: [Synth 8-5546] ROM "buffer_reg[62]" won't be mapped to RAM because it is too sparse
INFO: [Synth 8-5546] ROM "buffer_reg[63]" won't be mapped to RAM because it is too sparse
INFO: [Synth 8-5546] ROM "buffer_reg[64]" won't be mapped to RAM because it is too sparse
INFO: [Synth 8-5546] ROM "buffer_reg[65]" won't be mapped to RAM because it is too sparse
INFO: [Synth 8-5546] ROM "buffer_reg[66]" won't be mapped to RAM because it is too sparse
INFO: [Synth 8-5546] ROM "buffer_reg[67]" won't be mapped to RAM because it is too sparse
INFO: [Synth 8-5546] ROM "buffer_reg[68]" won't be mapped to RAM because it is too sparse
INFO: [Synth 8-5546] ROM "buffer_reg[69]" won't be mapped to RAM because it is too sparse
INFO: [Synth 8-5546] ROM "buffer_reg[70]" won't be mapped to RAM because it is too sparse
INFO: [Synth 8-5546] ROM "buffer_reg[71]" won't be mapped to RAM because it is too sparse
INFO: [Synth 8-5546] ROM "buffer_reg[72]" won't be mapped to RAM because it is too sparse
INFO: [Synth 8-5546] ROM "buffer_reg[73]" won't be mapped to RAM because it is too sparse
INFO: [Synth 8-5546] ROM "buffer_reg[74]" won't be mapped to RAM because it is too sparse
INFO: [Synth 8-5546] ROM "buffer_reg[75]" won't be mapped to RAM because it is too sparse
INFO: [Synth 8-5546] ROM "buffer_reg[76]" won't be mapped to RAM because it is too sparse
INFO: [Synth 8-5546] ROM "buffer_reg[77]" won't be mapped to RAM because it is too sparse
INFO: [Synth 8-5546] ROM "buffer_reg[78]" won't be mapped to RAM because it is too sparse
INFO: [Synth 8-5546] ROM "buffer_reg[79]" won't be mapped to RAM because it is too sparse
INFO: [Synth 8-5544] ROM "sha1_init" won't be mapped to Block RAM because address size (3) smaller than threshold (5)
INFO: [Synth 8-5544] ROM "led_red_output" won't be mapped to Block RAM because address size (3) smaller than threshold (5)
INFO: [Synth 8-5544] ROM "state" won't be mapped to Block RAM because address size (1) smaller than threshold (5)
INFO: [Synth 8-5544] ROM "sha1_start" won't be mapped to Block RAM because address size (2) smaller than threshold (5)
INFO: [Synth 8-5544] ROM "uart_tx_done_signal" won't be mapped to Block RAM because address size (2) smaller than threshold (5)
INFO: [Synth 8-5546] ROM "buffer_reg[0]" won't be mapped to RAM because it is too sparse
INFO: [Synth 8-5546] ROM "buffer_reg[1]" won't be mapped to RAM because it is too sparse
INFO: [Synth 8-5546] ROM "buffer_reg[2]" won't be mapped to RAM because it is too sparse
INFO: [Synth 8-5546] ROM "buffer_reg[3]" won't be mapped to RAM because it is too sparse
INFO: [Synth 8-5546] ROM "buffer_reg[4]" won't be mapped to RAM because it is too sparse
INFO: [Synth 8-5546] ROM "buffer_reg[5]" won't be mapped to RAM because it is too sparse
INFO: [Common 17-14] Message 'Synth 8-5546' appears 100 times and further instances of the messages will be disabled. Use the Tcl command set_msg_config to change the current settings.
INFO: [Synth 8-5544] ROM "sha1_init" won't be mapped to Block RAM because address size (3) smaller than threshold (5)
INFO: [Synth 8-5544] ROM "led_red_output" won't be mapped to Block RAM because address size (3) smaller than threshold (5)
INFO: [Synth 8-5544] ROM "state" won't be mapped to Block RAM because address size (1) smaller than threshold (5)
INFO: [Synth 8-5544] ROM "sha1_start" won't be mapped to Block RAM because address size (2) smaller than threshold (5)
INFO: [Synth 8-5544] ROM "uart_tx_done_signal" won't be mapped to Block RAM because address size (2) smaller than threshold (5)
---------------------------------------------------------------------------------------------------
                   State |                     New Encoding |                Previous Encoding 
---------------------------------------------------------------------------------------------------
                  S_IDLE |                            00001 |                              001
                 S_START |                            10000 |                              010
              S_REC_BYTE |                            01000 |                              011
                  S_STOP |                            00100 |                              100
                  S_DATA |                            00010 |                              101
---------------------------------------------------------------------------------------------------
INFO: [Synth 8-3354] encoded FSM with state register 'state_reg' using encoding 'one-hot' in module 'uart_rx'
---------------------------------------------------------------------------------------------------
                   State |                     New Encoding |                Previous Encoding 
---------------------------------------------------------------------------------------------------
                  S_IDLE |                             0001 |                              001
                 S_START |                             0010 |                              010
             S_SEND_BYTE |                             0100 |                              011
                  S_STOP |                             1000 |                              100
---------------------------------------------------------------------------------------------------
INFO: [Synth 8-3354] encoded FSM with state register 'state_reg' using encoding 'one-hot' in module 'uart_tx'
---------------------------------------------------------------------------------------------------
                   State |                     New Encoding |                Previous Encoding 
---------------------------------------------------------------------------------------------------
               CTRL_IDLE |                               00 |                               00
             CTRL_ROUNDS |                               01 |                               01
               CTRL_DONE |                               10 |                               10
---------------------------------------------------------------------------------------------------
INFO: [Synth 8-3354] encoded FSM with state register 'sha1_ctrl_reg_reg' using encoding 'sequential' in module 'sha1_core'
---------------------------------------------------------------------------------------------------
                   State |                     New Encoding |                Previous Encoding 
---------------------------------------------------------------------------------------------------
               UART_IDLE |                               00 |                               00
        UART_BUFFER_FULL |                               01 |                               01
     UART_TRANSMIT_NONCE |                               10 |                               10
            UART_TX_DONE |                               11 |                               11
---------------------------------------------------------------------------------------------------
INFO: [Synth 8-3354] encoded FSM with state register 'uart_state_reg' using encoding 'sequential' in module 'top'
---------------------------------------------------------------------------------------------------
                   State |                     New Encoding |                Previous Encoding 
---------------------------------------------------------------------------------------------------
             STATE_RESET |                              000 |                              000
              STATE_IDLE |                              001 |                              001
         STATE_INIT_SHA1 |                              010 |                              010
           STATE_RUNNING |                              011 |                              011
         STATE_DONE_WAIT |                              100 |                              100
            STATE_RESULT |                              101 |                              101
---------------------------------------------------------------------------------------------------
INFO: [Synth 8-3354] encoded FSM with state register 'state_reg' using encoding 'sequential' in module 'top'
---------------------------------------------------------------------------------
Finished RTL Optimization Phase 2 : Time (s): cpu = 00:00:13 ; elapsed = 00:00:15 . Memory (MB): peak = 859.758 ; gain = 551.531
---------------------------------------------------------------------------------

Report RTL Partitions: 
+------+--------------+------------+----------+
|      |RTL Partition |Replication |Instances |
+------+--------------+------------+----------+
|1     |top__GB0      |           1|     29631|
|2     |top__GB1      |           1|     10978|
|3     |top__GB2      |           1|     23258|
|4     |top__GB3      |           1|     35057|
+------+--------------+------------+----------+
---------------------------------------------------------------------------------
Start RTL Component Statistics 
---------------------------------------------------------------------------------
Detailed RTL Component Info : 
+---Adders : 
	   3 Input     32 Bit       Adders := 8     
	   5 Input     32 Bit       Adders := 8     
	   2 Input     32 Bit       Adders := 7     
	   2 Input     28 Bit       Adders := 1     
	   2 Input     27 Bit       Adders := 1     
	   2 Input     16 Bit       Adders := 2     
	   2 Input      9 Bit       Adders := 8     
	   2 Input      8 Bit       Adders := 80    
	   2 Input      7 Bit       Adders := 17    
	   2 Input      5 Bit       Adders := 1     
	   2 Input      3 Bit       Adders := 2     
+---XORs : 
	   4 Input     32 Bit         XORs := 8     
	   2 Input     32 Bit         XORs := 8     
	   3 Input     32 Bit         XORs := 16    
+---Registers : 
	              160 Bit    Registers := 8     
	               32 Bit    Registers := 170   
	               28 Bit    Registers := 1     
	               16 Bit    Registers := 2     
	                8 Bit    Registers := 84    
	                7 Bit    Registers := 17    
	                5 Bit    Registers := 1     
	                3 Bit    Registers := 2     
	                1 Bit    Registers := 21    
+---Muxes : 
	   2 Input     32 Bit        Muxes := 386   
	   5 Input     32 Bit        Muxes := 8     
	   6 Input     32 Bit        Muxes := 1     
	   2 Input     28 Bit        Muxes := 3     
	   6 Input     28 Bit        Muxes := 1     
	   2 Input     16 Bit        Muxes := 2     
	   2 Input      8 Bit        Muxes := 42    
	   4 Input      8 Bit        Muxes := 2     
	   2 Input      7 Bit        Muxes := 16    
	   4 Input      7 Bit        Muxes := 1     
	   5 Input      5 Bit        Muxes := 1     
	   2 Input      5 Bit        Muxes := 5     
	   4 Input      5 Bit        Muxes := 1     
	   4 Input      4 Bit        Muxes := 1     
	   2 Input      4 Bit        Muxes := 28    
	  10 Input      4 Bit        Muxes := 64    
	   2 Input      3 Bit        Muxes := 40    
	   5 Input      3 Bit        Muxes := 2     
	   4 Input      3 Bit        Muxes := 2     
	   6 Input      3 Bit        Muxes := 1     
	   2 Input      2 Bit        Muxes := 29    
	   3 Input      2 Bit        Muxes := 16    
	   4 Input      2 Bit        Muxes := 1     
	   2 Input      1 Bit        Muxes := 157   
	   3 Input      1 Bit        Muxes := 57    
	   4 Input      1 Bit        Muxes := 86    
	   6 Input      1 Bit        Muxes := 11    
---------------------------------------------------------------------------------
Finished RTL Component Statistics 
---------------------------------------------------------------------------------
---------------------------------------------------------------------------------
Start RTL Hierarchical Component Statistics 
---------------------------------------------------------------------------------
Hierarchical RTL Component report 
Module uart_rx 
Detailed RTL Component Info : 
+---Adders : 
	   2 Input     16 Bit       Adders := 1     
	   2 Input      3 Bit       Adders := 1     
+---Registers : 
	               16 Bit    Registers := 1     
	                8 Bit    Registers := 2     
	                3 Bit    Registers := 1     
	                1 Bit    Registers := 3     
+---Muxes : 
	   2 Input     16 Bit        Muxes := 1     
	   2 Input      8 Bit        Muxes := 1     
	   5 Input      5 Bit        Muxes := 1     
	   2 Input      5 Bit        Muxes := 5     
	   2 Input      3 Bit        Muxes := 4     
	   5 Input      3 Bit        Muxes := 2     
	   2 Input      2 Bit        Muxes := 2     
	   2 Input      1 Bit        Muxes := 3     
Module uart_tx 
Detailed RTL Component Info : 
+---Adders : 
	   2 Input     16 Bit       Adders := 1     
	   2 Input      3 Bit       Adders := 1     
+---Registers : 
	               16 Bit    Registers := 1     
	                8 Bit    Registers := 1     
	                3 Bit    Registers := 1     
	                1 Bit    Registers := 2     
+---Muxes : 
	   2 Input     16 Bit        Muxes := 1     
	   4 Input      4 Bit        Muxes := 1     
	   2 Input      4 Bit        Muxes := 4     
	   2 Input      3 Bit        Muxes := 3     
	   4 Input      3 Bit        Muxes := 2     
	   2 Input      2 Bit        Muxes := 2     
	   2 Input      1 Bit        Muxes := 4     
	   3 Input      1 Bit        Muxes := 1     
Module nonce_bcd_simple__1 
Detailed RTL Component Info : 
+---Adders : 
	   3 Input     32 Bit       Adders := 1     
+---Muxes : 
	  10 Input      4 Bit        Muxes := 8     
	   2 Input      4 Bit        Muxes := 3     
	   2 Input      3 Bit        Muxes := 4     
	   3 Input      2 Bit        Muxes := 1     
Module nonce_bcd_simple__2 
Detailed RTL Component Info : 
+---Adders : 
	   3 Input     32 Bit       Adders := 1     
+---Muxes : 
	  10 Input      4 Bit        Muxes := 8     
	   2 Input      4 Bit        Muxes := 3     
	   2 Input      3 Bit        Muxes := 4     
	   3 Input      2 Bit        Muxes := 1     
Module sha1_w_mem__1 
Detailed RTL Component Info : 
+---Adders : 
	   2 Input      7 Bit       Adders := 1     
+---XORs : 
	   4 Input     32 Bit         XORs := 1     
+---Registers : 
	               32 Bit    Registers := 16    
	                7 Bit    Registers := 1     
+---Muxes : 
	   2 Input     32 Bit        Muxes := 33    
	   2 Input      7 Bit        Muxes := 1     
	   2 Input      1 Bit        Muxes := 2     
Module sha1_core__1 
Detailed RTL Component Info : 
+---Adders : 
	   5 Input     32 Bit       Adders := 1     
	   2 Input      7 Bit       Adders := 1     
+---XORs : 
	   2 Input     32 Bit         XORs := 1     
	   3 Input     32 Bit         XORs := 2     
+---Registers : 
	               32 Bit    Registers := 5     
	                7 Bit    Registers := 1     
	                1 Bit    Registers := 1     
+---Muxes : 
	   5 Input     32 Bit        Muxes := 1     
	   2 Input     32 Bit        Muxes := 15    
	   2 Input      7 Bit        Muxes := 1     
	   3 Input      2 Bit        Muxes := 1     
	   2 Input      2 Bit        Muxes := 3     
	   2 Input      1 Bit        Muxes := 6     
	   3 Input      1 Bit        Muxes := 7     
Module sha1_w_mem__2 
Detailed RTL Component Info : 
+---Adders : 
	   2 Input      7 Bit       Adders := 1     
+---XORs : 
	   4 Input     32 Bit         XORs := 1     
+---Registers : 
	               32 Bit    Registers := 16    
	                7 Bit    Registers := 1     
+---Muxes : 
	   2 Input     32 Bit        Muxes := 33    
	   2 Input      7 Bit        Muxes := 1     
	   2 Input      1 Bit        Muxes := 2     
Module sha1_core__2 
Detailed RTL Component Info : 
+---Adders : 
	   5 Input     32 Bit       Adders := 1     
	   2 Input      7 Bit       Adders := 1     
+---XORs : 
	   2 Input     32 Bit         XORs := 1     
	   3 Input     32 Bit         XORs := 2     
+---Registers : 
	               32 Bit    Registers := 5     
	                7 Bit    Registers := 1     
	                1 Bit    Registers := 1     
+---Muxes : 
	   5 Input     32 Bit        Muxes := 1     
	   2 Input     32 Bit        Muxes := 15    
	   2 Input      7 Bit        Muxes := 1     
	   3 Input      2 Bit        Muxes := 1     
	   2 Input      2 Bit        Muxes := 3     
	   2 Input      1 Bit        Muxes := 6     
	   3 Input      1 Bit        Muxes := 7     
Module sha1_w_mem__3 
Detailed RTL Component Info : 
+---Adders : 
	   2 Input      7 Bit       Adders := 1     
+---XORs : 
	   4 Input     32 Bit         XORs := 1     
+---Registers : 
	               32 Bit    Registers := 16    
	                7 Bit    Registers := 1     
+---Muxes : 
	   2 Input     32 Bit        Muxes := 33    
	   2 Input      7 Bit        Muxes := 1     
	   2 Input      1 Bit        Muxes := 2     
Module sha1_core__3 
Detailed RTL Component Info : 
+---Adders : 
	   5 Input     32 Bit       Adders := 1     
	   2 Input      7 Bit       Adders := 1     
+---XORs : 
	   2 Input     32 Bit         XORs := 1     
	   3 Input     32 Bit         XORs := 2     
+---Registers : 
	               32 Bit    Registers := 5     
	                7 Bit    Registers := 1     
	                1 Bit    Registers := 1     
+---Muxes : 
	   5 Input     32 Bit        Muxes := 1     
	   2 Input     32 Bit        Muxes := 15    
	   2 Input      7 Bit        Muxes := 1     
	   3 Input      2 Bit        Muxes := 1     
	   2 Input      2 Bit        Muxes := 3     
	   2 Input      1 Bit        Muxes := 6     
	   3 Input      1 Bit        Muxes := 7     
Module nonce_bcd_simple__3 
Detailed RTL Component Info : 
+---Adders : 
	   3 Input     32 Bit       Adders := 1     
+---Muxes : 
	  10 Input      4 Bit        Muxes := 8     
	   2 Input      4 Bit        Muxes := 3     
	   2 Input      3 Bit        Muxes := 4     
	   3 Input      2 Bit        Muxes := 1     
Module sha1_w_mem__4 
Detailed RTL Component Info : 
+---Adders : 
	   2 Input      7 Bit       Adders := 1     
+---XORs : 
	   4 Input     32 Bit         XORs := 1     
+---Registers : 
	               32 Bit    Registers := 16    
	                7 Bit    Registers := 1     
+---Muxes : 
	   2 Input     32 Bit        Muxes := 33    
	   2 Input      7 Bit        Muxes := 1     
	   2 Input      1 Bit        Muxes := 2     
Module sha1_core__4 
Detailed RTL Component Info : 
+---Adders : 
	   5 Input     32 Bit       Adders := 1     
	   2 Input      7 Bit       Adders := 1     
+---XORs : 
	   2 Input     32 Bit         XORs := 1     
	   3 Input     32 Bit         XORs := 2     
+---Registers : 
	               32 Bit    Registers := 5     
	                7 Bit    Registers := 1     
	                1 Bit    Registers := 1     
+---Muxes : 
	   5 Input     32 Bit        Muxes := 1     
	   2 Input     32 Bit        Muxes := 15    
	   2 Input      7 Bit        Muxes := 1     
	   3 Input      2 Bit        Muxes := 1     
	   2 Input      2 Bit        Muxes := 3     
	   2 Input      1 Bit        Muxes := 6     
	   3 Input      1 Bit        Muxes := 7     
Module sha1_w_mem__5 
Detailed RTL Component Info : 
+---Adders : 
	   2 Input      7 Bit       Adders := 1     
+---XORs : 
	   4 Input     32 Bit         XORs := 1     
+---Registers : 
	               32 Bit    Registers := 16    
	                7 Bit    Registers := 1     
+---Muxes : 
	   2 Input     32 Bit        Muxes := 33    
	   2 Input      7 Bit        Muxes := 1     
	   2 Input      1 Bit        Muxes := 2     
Module sha1_core__5 
Detailed RTL Component Info : 
+---Adders : 
	   5 Input     32 Bit       Adders := 1     
	   2 Input      7 Bit       Adders := 1     
+---XORs : 
	   2 Input     32 Bit         XORs := 1     
	   3 Input     32 Bit         XORs := 2     
+---Registers : 
	               32 Bit    Registers := 5     
	                7 Bit    Registers := 1     
	                1 Bit    Registers := 1     
+---Muxes : 
	   5 Input     32 Bit        Muxes := 1     
	   2 Input     32 Bit        Muxes := 15    
	   2 Input      7 Bit        Muxes := 1     
	   3 Input      2 Bit        Muxes := 1     
	   2 Input      2 Bit        Muxes := 3     
	   2 Input      1 Bit        Muxes := 6     
	   3 Input      1 Bit        Muxes := 7     
Module nonce_bcd_simple__4 
Detailed RTL Component Info : 
+---Adders : 
	   3 Input     32 Bit       Adders := 1     
+---Muxes : 
	  10 Input      4 Bit        Muxes := 8     
	   2 Input      4 Bit        Muxes := 3     
	   2 Input      3 Bit        Muxes := 4     
	   3 Input      2 Bit        Muxes := 1     
Module nonce_bcd_simple__5 
Detailed RTL Component Info : 
+---Adders : 
	   3 Input     32 Bit       Adders := 1     
+---Muxes : 
	  10 Input      4 Bit        Muxes := 8     
	   2 Input      4 Bit        Muxes := 3     
	   2 Input      3 Bit        Muxes := 4     
	   3 Input      2 Bit        Muxes := 1     
Module sha1_w_mem__6 
Detailed RTL Component Info : 
+---Adders : 
	   2 Input      7 Bit       Adders := 1     
+---XORs : 
	   4 Input     32 Bit         XORs := 1     
+---Registers : 
	               32 Bit    Registers := 16    
	                7 Bit    Registers := 1     
+---Muxes : 
	   2 Input     32 Bit        Muxes := 33    
	   2 Input      7 Bit        Muxes := 1     
	   2 Input      1 Bit        Muxes := 2     
Module sha1_core__6 
Detailed RTL Component Info : 
+---Adders : 
	   5 Input     32 Bit       Adders := 1     
	   2 Input      7 Bit       Adders := 1     
+---XORs : 
	   2 Input     32 Bit         XORs := 1     
	   3 Input     32 Bit         XORs := 2     
+---Registers : 
	               32 Bit    Registers := 5     
	                7 Bit    Registers := 1     
	                1 Bit    Registers := 1     
+---Muxes : 
	   5 Input     32 Bit        Muxes := 1     
	   2 Input     32 Bit        Muxes := 15    
	   2 Input      7 Bit        Muxes := 1     
	   3 Input      2 Bit        Muxes := 1     
	   2 Input      2 Bit        Muxes := 3     
	   2 Input      1 Bit        Muxes := 6     
	   3 Input      1 Bit        Muxes := 7     
Module sha1_w_mem__7 
Detailed RTL Component Info : 
+---Adders : 
	   2 Input      7 Bit       Adders := 1     
+---XORs : 
	   4 Input     32 Bit         XORs := 1     
+---Registers : 
	               32 Bit    Registers := 16    
	                7 Bit    Registers := 1     
+---Muxes : 
	   2 Input     32 Bit        Muxes := 33    
	   2 Input      7 Bit        Muxes := 1     
	   2 Input      1 Bit        Muxes := 2     
Module sha1_core__7 
Detailed RTL Component Info : 
+---Adders : 
	   5 Input     32 Bit       Adders := 1     
	   2 Input      7 Bit       Adders := 1     
+---XORs : 
	   2 Input     32 Bit         XORs := 1     
	   3 Input     32 Bit         XORs := 2     
+---Registers : 
	               32 Bit    Registers := 5     
	                7 Bit    Registers := 1     
	                1 Bit    Registers := 1     
+---Muxes : 
	   5 Input     32 Bit        Muxes := 1     
	   2 Input     32 Bit        Muxes := 15    
	   2 Input      7 Bit        Muxes := 1     
	   3 Input      2 Bit        Muxes := 1     
	   2 Input      2 Bit        Muxes := 3     
	   2 Input      1 Bit        Muxes := 6     
	   3 Input      1 Bit        Muxes := 7     
Module sha1_w_mem 
Detailed RTL Component Info : 
+---Adders : 
	   2 Input      7 Bit       Adders := 1     
+---XORs : 
	   4 Input     32 Bit         XORs := 1     
+---Registers : 
	               32 Bit    Registers := 16    
	                7 Bit    Registers := 1     
+---Muxes : 
	   2 Input     32 Bit        Muxes := 33    
	   2 Input      7 Bit        Muxes := 1     
	   2 Input      1 Bit        Muxes := 2     
Module sha1_core 
Detailed RTL Component Info : 
+---Adders : 
	   5 Input     32 Bit       Adders := 1     
	   2 Input      7 Bit       Adders := 1     
+---XORs : 
	   2 Input     32 Bit         XORs := 1     
	   3 Input     32 Bit         XORs := 2     
+---Registers : 
	               32 Bit    Registers := 5     
	                7 Bit    Registers := 1     
	                1 Bit    Registers := 1     
+---Muxes : 
	   5 Input     32 Bit        Muxes := 1     
	   2 Input     32 Bit        Muxes := 15    
	   2 Input      7 Bit        Muxes := 1     
	   3 Input      2 Bit        Muxes := 1     
	   2 Input      2 Bit        Muxes := 3     
	   2 Input      1 Bit        Muxes := 6     
	   3 Input      1 Bit        Muxes := 7     
Module nonce_bcd_simple__6 
Detailed RTL Component Info : 
+---Adders : 
	   3 Input     32 Bit       Adders := 1     
+---Muxes : 
	  10 Input      4 Bit        Muxes := 8     
	   2 Input      4 Bit        Muxes := 3     
	   2 Input      3 Bit        Muxes := 4     
	   3 Input      2 Bit        Muxes := 1     
Module nonce_bcd_simple__7 
Detailed RTL Component Info : 
+---Adders : 
	   3 Input     32 Bit       Adders := 1     
+---Muxes : 
	  10 Input      4 Bit        Muxes := 8     
	   2 Input      4 Bit        Muxes := 3     
	   2 Input      3 Bit        Muxes := 4     
	   3 Input      2 Bit        Muxes := 1     
Module nonce_bcd_simple 
Detailed RTL Component Info : 
+---Adders : 
	   3 Input     32 Bit       Adders := 1     
+---Muxes : 
	  10 Input      4 Bit        Muxes := 8     
	   2 Input      4 Bit        Muxes := 3     
	   2 Input      3 Bit        Muxes := 4     
	   3 Input      2 Bit        Muxes := 1     
Module top 
Detailed RTL Component Info : 
+---Adders : 
	   2 Input     32 Bit       Adders := 7     
	   2 Input     28 Bit       Adders := 1     
	   2 Input     27 Bit       Adders := 1     
	   2 Input      9 Bit       Adders := 8     
	   2 Input      8 Bit       Adders := 80    
	   2 Input      7 Bit       Adders := 1     
	   2 Input      5 Bit       Adders := 1     
+---Registers : 
	              160 Bit    Registers := 8     
	               32 Bit    Registers := 2     
	               28 Bit    Registers := 1     
	                8 Bit    Registers := 81    
	                7 Bit    Registers := 1     
	                5 Bit    Registers := 1     
	                1 Bit    Registers := 8     
+---Muxes : 
	   2 Input     32 Bit        Muxes := 2     
	   6 Input     32 Bit        Muxes := 1     
	   2 Input     28 Bit        Muxes := 3     
	   6 Input     28 Bit        Muxes := 1     
	   4 Input      8 Bit        Muxes := 2     
	   2 Input      8 Bit        Muxes := 41    
	   4 Input      7 Bit        Muxes := 1     
	   4 Input      5 Bit        Muxes := 1     
	   6 Input      3 Bit        Muxes := 1     
	   2 Input      3 Bit        Muxes := 1     
	   4 Input      2 Bit        Muxes := 1     
	   2 Input      2 Bit        Muxes := 1     
	   2 Input      1 Bit        Muxes := 86    
	   4 Input      1 Bit        Muxes := 86    
	   6 Input      1 Bit        Muxes := 11    
---------------------------------------------------------------------------------
Finished RTL Hierarchical Component Statistics
---------------------------------------------------------------------------------
---------------------------------------------------------------------------------
Start Part Resource Summary
---------------------------------------------------------------------------------
Part Resources:
DSPs: 80 (col length:40)
BRAMs: 120 (col length: RAMB18 40 RAMB36 20)
---------------------------------------------------------------------------------
Finished Part Resource Summary
---------------------------------------------------------------------------------
---------------------------------------------------------------------------------
Start Cross Boundary and Area Optimization
---------------------------------------------------------------------------------
Warning: Parallel synthesis criteria is not met 
INFO: [Synth 8-5545] ROM "digit_count" won't be mapped to RAM because address size (32) is larger than maximum supported(25)
DSP Report: Generating DSP remainder_d90, operation Mode is: (A:0xf5e100)*B.
DSP Report: operator remainder_d90 is absorbed into DSP remainder_d90.
DSP Report: operator remainder_d90 is absorbed into DSP remainder_d90.
INFO: [Synth 8-5545] ROM "digit_count" won't be mapped to RAM because address size (32) is larger than maximum supported(25)
DSP Report: Generating DSP remainder_d90, operation Mode is: (A:0xf5e100)*B.
DSP Report: operator remainder_d90 is absorbed into DSP remainder_d90.
DSP Report: operator remainder_d90 is absorbed into DSP remainder_d90.
INFO: [Synth 8-5545] ROM "digit_count" won't be mapped to RAM because address size (32) is larger than maximum supported(25)
DSP Report: Generating DSP remainder_d90, operation Mode is: (A:0xf5e100)*B.
DSP Report: operator remainder_d90 is absorbed into DSP remainder_d90.
DSP Report: operator remainder_d90 is absorbed into DSP remainder_d90.
INFO: [Synth 8-5545] ROM "digit_count" won't be mapped to RAM because address size (32) is larger than maximum supported(25)
DSP Report: Generating DSP remainder_d90, operation Mode is: (A:0xf5e100)*B.
DSP Report: operator remainder_d90 is absorbed into DSP remainder_d90.
DSP Report: operator remainder_d90 is absorbed into DSP remainder_d90.
INFO: [Synth 8-5545] ROM "digit_count" won't be mapped to RAM because address size (32) is larger than maximum supported(25)
DSP Report: Generating DSP remainder_d90, operation Mode is: (A:0xf5e100)*B.
DSP Report: operator remainder_d90 is absorbed into DSP remainder_d90.
DSP Report: operator remainder_d90 is absorbed into DSP remainder_d90.
INFO: [Synth 8-5545] ROM "digit_count" won't be mapped to RAM because address size (32) is larger than maximum supported(25)
DSP Report: Generating DSP remainder_d90, operation Mode is: (A:0xf5e100)*B.
DSP Report: operator remainder_d90 is absorbed into DSP remainder_d90.
DSP Report: operator remainder_d90 is absorbed into DSP remainder_d90.
INFO: [Synth 8-5545] ROM "digit_count" won't be mapped to RAM because address size (32) is larger than maximum supported(25)
DSP Report: Generating DSP remainder_d90, operation Mode is: (A:0xf5e100)*B.
DSP Report: operator remainder_d90 is absorbed into DSP remainder_d90.
DSP Report: operator remainder_d90 is absorbed into DSP remainder_d90.
INFO: [Synth 8-5545] ROM "digit_count" won't be mapped to RAM because address size (32) is larger than maximum supported(25)
DSP Report: Generating DSP remainder_d90, operation Mode is: (A:0xf5e100)*B.
DSP Report: operator remainder_d90 is absorbed into DSP remainder_d90.
DSP Report: operator remainder_d90 is absorbed into DSP remainder_d90.
INFO: [Synth 8-3333] propagating constant 0 across sequential element (insti_3/\sha1_next_reg[0] )
---------------------------------------------------------------------------------
Finished Cross Boundary and Area Optimization : Time (s): cpu = 00:01:36 ; elapsed = 00:01:39 . Memory (MB): peak = 995.926 ; gain = 687.699
---------------------------------------------------------------------------------
---------------------------------------------------------------------------------
Start ROM, RAM, DSP and Shift Register Reporting
---------------------------------------------------------------------------------

DSP: Preliminary Mapping  Report (see note below)
+-----------------+----------------+--------+--------+--------+--------+--------+------+------+------+------+-------+------+------+
|Module Name      | DSP Mapping    | A Size | B Size | C Size | D Size | P Size | AREG | BREG | CREG | DREG | ADREG | MREG | PREG | 
+-----------------+----------------+--------+--------+--------+--------+--------+------+------+------+------+-------+------+------+
|nonce_bcd_simple | (A:0xf5e100)*B | 25     | 5      | -      | -      | 48     | 0    | 0    | -    | -    | -     | 0    | 0    | 
|nonce_bcd_simple | (A:0xf5e100)*B | 25     | 5      | -      | -      | 48     | 0    | 0    | -    | -    | -     | 0    | 0    | 
|nonce_bcd_simple | (A:0xf5e100)*B | 25     | 5      | -      | -      | 48     | 0    | 0    | -    | -    | -     | 0    | 0    | 
|nonce_bcd_simple | (A:0xf5e100)*B | 25     | 5      | -      | -      | 48     | 0    | 0    | -    | -    | -     | 0    | 0    | 
|nonce_bcd_simple | (A:0xf5e100)*B | 25     | 5      | -      | -      | 48     | 0    | 0    | -    | -    | -     | 0    | 0    | 
|nonce_bcd_simple | (A:0xf5e100)*B | 25     | 5      | -      | -      | 48     | 0    | 0    | -    | -    | -     | 0    | 0    | 
|nonce_bcd_simple | (A:0xf5e100)*B | 25     | 5      | -      | -      | 48     | 0    | 0    | -    | -    | -     | 0    | 0    | 
|nonce_bcd_simple | (A:0xf5e100)*B | 25     | 5      | -      | -      | 48     | 0    | 0    | -    | -    | -     | 0    | 0    | 
+-----------------+----------------+--------+--------+--------+--------+--------+------+------+------+------+-------+------+------+

Note: The table above is a preliminary report that shows the DSPs inferred at the current stage of the synthesis flow. Some DSP may be reimplemented as non DSP primitives later in the synthesis flow. Multiple instantiated DSPs are reported only once.
---------------------------------------------------------------------------------
Finished ROM, RAM, DSP and Shift Register Reporting
---------------------------------------------------------------------------------

Report RTL Partitions: 
+------+--------------+------------+----------+
|      |RTL Partition |Replication |Instances |
+------+--------------+------------+----------+
|1     |top__GB0      |           1|     18383|
|2     |top__GB1      |           1|      6781|
|3     |top__GB2      |           1|     14616|
|4     |top__GB3      |           1|     21579|
+------+--------------+------------+----------+
---------------------------------------------------------------------------------
Start Applying XDC Timing Constraints
---------------------------------------------------------------------------------
---------------------------------------------------------------------------------
Finished Applying XDC Timing Constraints : Time (s): cpu = 00:01:51 ; elapsed = 00:01:55 . Memory (MB): peak = 995.926 ; gain = 687.699
---------------------------------------------------------------------------------
---------------------------------------------------------------------------------
Start Timing Optimization
---------------------------------------------------------------------------------
---------------------------------------------------------------------------------
Finished Timing Optimization : Time (s): cpu = 00:01:51 ; elapsed = 00:01:55 . Memory (MB): peak = 995.926 ; gain = 687.699
---------------------------------------------------------------------------------

Report RTL Partitions: 
+------+--------------+------------+----------+
|      |RTL Partition |Replication |Instances |
+------+--------------+------------+----------+
|1     |top__GB0      |           1|     18383|
|2     |top__GB1      |           1|      6781|
|3     |top__GB2      |           1|     14616|
|4     |top__GB3      |           1|     21579|
+------+--------------+------------+----------+
---------------------------------------------------------------------------------
Start Technology Mapping
---------------------------------------------------------------------------------
---------------------------------------------------------------------------------
Finished Technology Mapping : Time (s): cpu = 00:02:00 ; elapsed = 00:02:04 . Memory (MB): peak = 1116.125 ; gain = 807.898
---------------------------------------------------------------------------------

Report RTL Partitions: 
+-+--------------+------------+----------+
| |RTL Partition |Replication |Instances |
+-+--------------+------------+----------+
+-+--------------+------------+----------+
---------------------------------------------------------------------------------
Start IO Insertion
---------------------------------------------------------------------------------
---------------------------------------------------------------------------------
Start Flattening Before IO Insertion
---------------------------------------------------------------------------------
---------------------------------------------------------------------------------
Finished Flattening Before IO Insertion
---------------------------------------------------------------------------------
---------------------------------------------------------------------------------
Start Final Netlist Cleanup
---------------------------------------------------------------------------------
---------------------------------------------------------------------------------
Finished Final Netlist Cleanup
---------------------------------------------------------------------------------
---------------------------------------------------------------------------------
Finished IO Insertion : Time (s): cpu = 00:02:02 ; elapsed = 00:02:07 . Memory (MB): peak = 1116.125 ; gain = 807.898
---------------------------------------------------------------------------------

Report Check Netlist: 
+------+------------------+-------+---------+-------+------------------+
|      |Item              |Errors |Warnings |Status |Description       |
+------+------------------+-------+---------+-------+------------------+
|1     |multi_driven_nets |      0|        0|Passed |Multi driven nets |
+------+------------------+-------+---------+-------+------------------+
---------------------------------------------------------------------------------
Start Renaming Generated Instances
---------------------------------------------------------------------------------
---------------------------------------------------------------------------------
Finished Renaming Generated Instances : Time (s): cpu = 00:02:02 ; elapsed = 00:02:07 . Memory (MB): peak = 1116.125 ; gain = 807.898
---------------------------------------------------------------------------------

Report RTL Partitions: 
+-+--------------+------------+----------+
| |RTL Partition |Replication |Instances |
+-+--------------+------------+----------+
+-+--------------+------------+----------+
---------------------------------------------------------------------------------
Start Rebuilding User Hierarchy
---------------------------------------------------------------------------------
---------------------------------------------------------------------------------
Finished Rebuilding User Hierarchy : Time (s): cpu = 00:02:04 ; elapsed = 00:02:08 . Memory (MB): peak = 1116.125 ; gain = 807.898
---------------------------------------------------------------------------------
---------------------------------------------------------------------------------
Start Renaming Generated Ports
---------------------------------------------------------------------------------
---------------------------------------------------------------------------------
Finished Renaming Generated Ports : Time (s): cpu = 00:02:06 ; elapsed = 00:02:11 . Memory (MB): peak = 1116.125 ; gain = 807.898
---------------------------------------------------------------------------------
---------------------------------------------------------------------------------
Start Handling Custom Attributes
---------------------------------------------------------------------------------
---------------------------------------------------------------------------------
Finished Handling Custom Attributes : Time (s): cpu = 00:02:08 ; elapsed = 00:02:12 . Memory (MB): peak = 1116.125 ; gain = 807.898
---------------------------------------------------------------------------------
---------------------------------------------------------------------------------
Start Renaming Generated Nets
---------------------------------------------------------------------------------
---------------------------------------------------------------------------------
Finished Renaming Generated Nets : Time (s): cpu = 00:02:08 ; elapsed = 00:02:13 . Memory (MB): peak = 1116.125 ; gain = 807.898
---------------------------------------------------------------------------------
---------------------------------------------------------------------------------
Start Writing Synthesis Report
---------------------------------------------------------------------------------

Report BlackBoxes: 
+-+--------------+----------+
| |BlackBox name |Instances |
+-+--------------+----------+
+-+--------------+----------+

Report Cell Usage: 
+------+--------+------+
|      |Cell    |Count |
+------+--------+------+
|1     |CARRY4  |  1415|
|2     |DSP48E1 |     8|
|3     |LUT1    |   815|
|4     |LUT2    |  4096|
|5     |LUT3    |  2987|
|6     |LUT4    |  4615|
|7     |LUT5    |  2189|
|8     |LUT6    |  4635|
|9     |MUXF7   |   512|
|10    |MUXF8   |   256|
|11    |FDCE    |  6890|
|12    |FDPE    |     3|
|13    |FDRE    |  2004|
+------+--------+------+

Report Instance Areas: 
+------+-----------------------------+-------------------+------+
|      |Instance                     |Module             |Cells |
+------+-----------------------------+-------------------+------+
|1     |top                          |                   | 30425|
|2     |  inst                       |top                | 29121|
|3     |    \bcd_loop[0].bcd_inst    |nonce_bcd_simple   |   581|
|4     |    \bcd_loop[1].bcd_inst    |nonce_bcd_simple_0 |   574|
|5     |    \bcd_loop[2].bcd_inst    |nonce_bcd_simple_1 |   579|
|6     |    \bcd_loop[3].bcd_inst    |nonce_bcd_simple_2 |   587|
|7     |    \bcd_loop[4].bcd_inst    |nonce_bcd_simple_3 |   588|
|8     |    \bcd_loop[5].bcd_inst    |nonce_bcd_simple_4 |   579|
|9     |    \bcd_loop[6].bcd_inst    |nonce_bcd_simple_5 |   574|
|10    |    \bcd_loop[7].bcd_inst    |nonce_bcd_simple_6 |   579|
|11    |    \sha1_loop[0].sha1_inst  |sha1_core          |  2668|
|12    |      w_mem_inst             |sha1_w_mem_20      |  1664|
|13    |    \sha1_loop[1].sha1_inst  |sha1_core_7        |  2633|
|14    |      w_mem_inst             |sha1_w_mem_19      |  1629|
|15    |    \sha1_loop[2].sha1_inst  |sha1_core_8        |  2595|
|16    |      w_mem_inst             |sha1_w_mem_18      |  1589|
|17    |    \sha1_loop[3].sha1_inst  |sha1_core_9        |  2658|
|18    |      w_mem_inst             |sha1_w_mem_17      |  1636|
|19    |    \sha1_loop[4].sha1_inst  |sha1_core_10       |  2649|
|20    |      w_mem_inst             |sha1_w_mem_16      |  1645|
|21    |    \sha1_loop[5].sha1_inst  |sha1_core_11       |  2638|
|22    |      w_mem_inst             |sha1_w_mem_15      |  1633|
|23    |    \sha1_loop[6].sha1_inst  |sha1_core_12       |  2581|
|24    |      w_mem_inst             |sha1_w_mem_14      |  1577|
|25    |    \sha1_loop[7].sha1_inst  |sha1_core_13       |  2636|
|26    |      w_mem_inst             |sha1_w_mem         |  1633|
|27    |    uart_rx_inst             |uart_rx            |    92|
|28    |    uart_tx_inst             |uart_tx            |    78|
+------+-----------------------------+-------------------+------+
---------------------------------------------------------------------------------
Finished Writing Synthesis Report : Time (s): cpu = 00:02:08 ; elapsed = 00:02:13 . Memory (MB): peak = 1116.125 ; gain = 807.898
---------------------------------------------------------------------------------
Synthesis finished with 0 errors, 0 critical warnings and 0 warnings.
Synthesis Optimization Runtime : Time (s): cpu = 00:01:59 ; elapsed = 00:02:05 . Memory (MB): peak = 1116.125 ; gain = 434.766
Synthesis Optimization Complete : Time (s): cpu = 00:02:08 ; elapsed = 00:02:13 . Memory (MB): peak = 1116.125 ; gain = 807.898
INFO: [Project 1-571] Translating synthesized netlist
INFO: [Netlist 29-17] Analyzing 2191 Unisim elements for replacement
INFO: [Netlist 29-28] Unisim Transformation completed in 0 CPU seconds
INFO: [Project 1-570] Preparing netlist for logic optimization
INFO: [Opt 31-138] Pushed 0 inverter(s) to 0 load pin(s).
INFO: [Project 1-111] Unisim Transformation Summary:
No Unisim elements were transformed.

INFO: [Common 17-83] Releasing license: Synthesis
190 Infos, 104 Warnings, 0 Critical Warnings and 0 Errors encountered.
synth_design completed successfully
synth_design: Time (s): cpu = 00:02:16 ; elapsed = 00:02:21 . Memory (MB): peak = 1116.125 ; gain = 821.215
WARNING: [Constraints 18-5210] No constraint will be written out.
INFO: [Common 17-1381] The checkpoint 'C:/Users/Emerson/Documents/fpga/duinocoin_miner_ebaz4205_fpga/project_ebaz_miner.runs/design_1_top_0_0_synth_1/design_1_top_0_0.dcp' has been generated.
write_checkpoint: Time (s): cpu = 00:00:07 ; elapsed = 00:00:05 . Memory (MB): peak = 1116.125 ; gain = 0.000
INFO: [Coretcl 2-1174] Renamed 27 cell refs.
WARNING: [Constraints 18-5210] No constraint will be written out.
INFO: [Common 17-1381] The checkpoint 'C:/Users/Emerson/Documents/fpga/duinocoin_miner_ebaz4205_fpga/project_ebaz_miner.runs/design_1_top_0_0_synth_1/design_1_top_0_0.dcp' has been generated.
write_checkpoint: Time (s): cpu = 00:00:06 ; elapsed = 00:00:06 . Memory (MB): peak = 1116.125 ; gain = 0.000
INFO: [runtcl-4] Executing : report_utilization -file design_1_top_0_0_utilization_synth.rpt -pb design_1_top_0_0_utilization_synth.pb
report_utilization: Time (s): cpu = 00:00:01 ; elapsed = 00:00:00.222 . Memory (MB): peak = 1116.125 ; gain = 0.000
INFO: [Common 17-206] Exiting Vivado at Tue May 12 17:15:02 2026...
