#-----------------------------------------------------------
# Vivado v2018.2 (64-bit)
# SW Build 2258646 on Thu Jun 14 20:03:12 MDT 2018
# IP Build 2256618 on Thu Jun 14 22:10:49 MDT 2018
# Start of session at: Wed May 13 13:04:42 2026
# Process ID: 200
# Current directory: C:/Users/Emerson/Documents/fpga/duinocoin_miner_ebaz4205_fpga
# Command line: vivado.exe -gui_launcher_event rodinguilauncherevent14064 C:\Users\Emerson\Documents\fpga\duinocoin_miner_ebaz4205_fpga\project_ebaz_miner.xpr
# Log file: C:/Users/Emerson/Documents/fpga/duinocoin_miner_ebaz4205_fpga/vivado.log
# Journal file: C:/Users/Emerson/Documents/fpga/duinocoin_miner_ebaz4205_fpga\vivado.jou
#-----------------------------------------------------------
start_gui
open_project C:/Users/Emerson/Documents/fpga/duinocoin_miner_ebaz4205_fpga/project_ebaz_miner.xpr
Scanning sources...
Finished scanning sources
WARNING: [filemgmt 56-3] IP Output Repository Path: Could not find the directory 'C:/Users/Emerson/Documents/fpga/project_ebaz_miner/project_ebaz_miner.cache/ip'.
WARNING: [filemgmt 56-3] IPUserFilesDir: Could not find the directory 'C:/Users/Emerson/Documents/fpga/project_ebaz_miner/project_ebaz_miner.ip_user_files'.
INFO: [IP_Flow 19-234] Refreshing IP repositories
INFO: [IP_Flow 19-1704] No user IP repositories specified
INFO: [IP_Flow 19-2313] Loaded Vivado IP repository 'C:/Xilinx/Vivado/2018.2/data/ip'.
open_project: Time (s): cpu = 00:00:10 ; elapsed = 00:00:06 . Memory (MB): peak = 931.379 ; gain = 179.816
update_compile_order -fileset sources_1
update_module_reference design_1_top_0_0
INFO: [IP_Flow 19-1976] HDL Parser: Replacing 'MAX_CORE' by 8 for port or parameter 'nonce'
INFO: [IP_Flow 19-1976] HDL Parser: Replacing 'MAX_CORE' by 8 for port or parameter 'digit9'
INFO: [IP_Flow 19-1976] HDL Parser: Replacing 'MAX_CORE' by 8 for port or parameter 'digit8'
INFO: [IP_Flow 19-1976] HDL Parser: Replacing 'MAX_CORE' by 8 for port or parameter 'digit7'
INFO: [IP_Flow 19-1976] HDL Parser: Replacing 'MAX_CORE' by 8 for port or parameter 'digit6'
INFO: [IP_Flow 19-1976] HDL Parser: Replacing 'MAX_CORE' by 8 for port or parameter 'digit5'
INFO: [IP_Flow 19-1976] HDL Parser: Replacing 'MAX_CORE' by 8 for port or parameter 'digit4'
INFO: [IP_Flow 19-1976] HDL Parser: Replacing 'MAX_CORE' by 8 for port or parameter 'digit3'
INFO: [IP_Flow 19-1976] HDL Parser: Replacing 'MAX_CORE' by 8 for port or parameter 'digit2'
INFO: [IP_Flow 19-1976] HDL Parser: Replacing 'MAX_CORE' by 8 for port or parameter 'digit1'
INFO: [IP_Flow 19-1976] HDL Parser: Replacing 'MAX_CORE' by 8 for port or parameter 'nonce_ascii_len'
INFO: [IP_Flow 19-1976] HDL Parser: Replacing 'MAX_CORE' by 8 for port or parameter 'nonce_ascii'
INFO: [IP_Flow 19-1976] HDL Parser: Replacing 'MAX_CORE' by 8 for port or parameter 'msg_length_bits'
INFO: [IP_Flow 19-1976] HDL Parser: Replacing 'MAX_CORE' by 8 for port or parameter 'MESSAGE_BLOCK'
INFO: [IP_Flow 19-1976] HDL Parser: Replacing 'BUFFER_SIZE' by 80 for port or parameter 'buffer'
INFO: [IP_Flow 19-1976] HDL Parser: Replacing 'MAX_CORE' by 8 for port or parameter 'sha1_digest'
INFO: [IP_Flow 19-1976] HDL Parser: Replacing 'MAX_CORE' by 8 for port or parameter 'sha1_digest_valid'
INFO: [IP_Flow 19-1976] HDL Parser: Replacing 'MAX_CORE' by 8 for port or parameter 'sha1_core_ready'
INFO: [IP_Flow 19-1976] HDL Parser: Replacing 'MAX_CORE' by 8 for port or parameter 'sha1_init'
INFO: [IP_Flow 19-1976] HDL Parser: Replacing 'MAX_CORE' by 8 for port or parameter 'sha1_next'
INFO: [IP_Flow 19-1976] HDL Parser: Replacing 'MAX_CORE' by 8 for port or parameter 'sha1_digest_reg'
INFO: [IP_Flow 19-1976] HDL Parser: Replacing 'MAX_CORE' by 8 for port or parameter 'sha1_digest_valid_reg'
INFO: [IP_Flow 19-1976] HDL Parser: Replacing 'MAX_CORE' by 8 for port or parameter 'digest_valid_array'
INFO: [IP_Flow 19-1976] HDL Parser: Replacing 'MAX_CORE' by 8 for port or parameter 'ready_array'
INFO: [IP_Flow 19-1976] HDL Parser: Replacing 'MAX_CORE' by 8 for port or parameter 'match_array'
INFO: [IP_Flow 19-5107] Inferred bus interface 'rst_n' of definition 'xilinx.com:signal:reset:1.0' (from Xilinx Repository).
INFO: [IP_Flow 19-5107] Inferred bus interface 'clk' of definition 'xilinx.com:signal:clock:1.0' (from Xilinx Repository).
INFO: [IP_Flow 19-4728] Bus Interface 'rst_n': Added interface parameter 'POLARITY' with value 'ACTIVE_LOW'.
WARNING: [IP_Flow 19-3153] Bus Interface 'clk': ASSOCIATED_BUSIF bus parameter is missing.
INFO: [IP_Flow 19-234] Refreshing IP repositories
INFO: [IP_Flow 19-1704] No user IP repositories specified
Adding cell -- xilinx.com:ip:processing_system7:5.5 - processing_system7_0
Adding cell -- xilinx.com:module_ref:top:1.0 - top_0
Successfully read diagram <design_1> from BD file <C:/Users/Emerson/Documents/fpga/duinocoin_miner_ebaz4205_fpga/project_ebaz_miner.srcs/sources_1/bd/design_1/design_1.bd>
Upgrading 'C:/Users/Emerson/Documents/fpga/duinocoin_miner_ebaz4205_fpga/project_ebaz_miner.srcs/sources_1/bd/design_1/design_1.bd'
INFO: [IP_Flow 19-1972] Upgraded design_1_top_0_0 from top_v1_0 1.0 to top_v1_0 1.0
Wrote  : <C:/Users/Emerson/Documents/fpga/duinocoin_miner_ebaz4205_fpga/project_ebaz_miner.srcs/sources_1/bd/design_1/design_1.bd> 
upgrade_ip: Time (s): cpu = 00:00:07 ; elapsed = 00:00:06 . Memory (MB): peak = 1063.469 ; gain = 106.691
update_module_reference: Time (s): cpu = 00:00:07 ; elapsed = 00:00:06 . Memory (MB): peak = 1063.469 ; gain = 106.691
validate_bd_design
save_bd_design
Wrote  : <C:/Users/Emerson/Documents/fpga/duinocoin_miner_ebaz4205_fpga/project_ebaz_miner.srcs/sources_1/bd/design_1/design_1.bd> 
open_hw
connect_hw_server
INFO: [Labtools 27-2285] Connecting to hw_server url TCP:localhost:3121
INFO: [Labtools 27-2222] Launching hw_server...
INFO: [Labtools 27-2221] Launch Output:

****** Xilinx hw_server v2018.2
  **** Build date : Jun 14 2018-20:42:52
    ** Copyright 1986-2018 Xilinx, Inc. All Rights Reserved.


open_hw_target -xvc_url localhost:2542
INFO: [Labtools 27-2285] Connecting to hw_server url TCP:localhost:3121
INFO: [Labtoolstcl 44-466] Opening hw_target localhost:3121/xilinx_tcf/Xilinx/localhost:2542
reset_run synth_1
WARNING: [Vivado 12-1017] Problems encountered:
1. Failed to delete one or more files in run directory C:/Users/Emerson/Documents/fpga/duinocoin_miner_ebaz4205_fpga/project_ebaz_miner.runs/synth_1

launch_runs impl_1 -to_step write_bitstream -jobs 8
INFO: [BD 41-1662] The design 'design_1.bd' is already validated. Therefore parameter propagation will not be re-run.
VHDL Output written to : C:/Users/Emerson/Documents/fpga/duinocoin_miner_ebaz4205_fpga/project_ebaz_miner.srcs/sources_1/bd/design_1/synth/design_1.v
VHDL Output written to : C:/Users/Emerson/Documents/fpga/duinocoin_miner_ebaz4205_fpga/project_ebaz_miner.srcs/sources_1/bd/design_1/sim/design_1.v
VHDL Output written to : C:/Users/Emerson/Documents/fpga/duinocoin_miner_ebaz4205_fpga/project_ebaz_miner.srcs/sources_1/bd/design_1/hdl/design_1_wrapper.v
INFO: [BD 41-1029] Generation completed for the IP Integrator block processing_system7_0 .
INFO: [BD 41-1029] Generation completed for the IP Integrator block top_0 .
Exporting to file C:/Users/Emerson/Documents/fpga/duinocoin_miner_ebaz4205_fpga/project_ebaz_miner.srcs/sources_1/bd/design_1/hw_handoff/design_1.hwh
Generated Block Design Tcl file C:/Users/Emerson/Documents/fpga/duinocoin_miner_ebaz4205_fpga/project_ebaz_miner.srcs/sources_1/bd/design_1/hw_handoff/design_1_bd.tcl
Generated Hardware Definition File C:/Users/Emerson/Documents/fpga/duinocoin_miner_ebaz4205_fpga/project_ebaz_miner.srcs/sources_1/bd/design_1/synth/design_1.hwdef
[Wed May 13 13:09:07 2026] Launched design_1_top_0_0_synth_1, synth_1...
Run output will be captured here:
design_1_top_0_0_synth_1: C:/Users/Emerson/Documents/fpga/duinocoin_miner_ebaz4205_fpga/project_ebaz_miner.runs/design_1_top_0_0_synth_1/runme.log
synth_1: C:/Users/Emerson/Documents/fpga/duinocoin_miner_ebaz4205_fpga/project_ebaz_miner.runs/synth_1/runme.log
[Wed May 13 13:09:07 2026] Launched impl_1...
Run output will be captured here: C:/Users/Emerson/Documents/fpga/duinocoin_miner_ebaz4205_fpga/project_ebaz_miner.runs/impl_1/runme.log
launch_runs: Time (s): cpu = 00:00:03 ; elapsed = 00:00:08 . Memory (MB): peak = 1843.051 ; gain = 107.328
CRITICAL WARNING: [HDL 9-806] Syntax error near "at". [c:/Users/Emerson/Documents/fpga/duinocoin_miner_ebaz4205_fpga/project_ebaz_miner.srcs/sources_1/bd/design_1/ip/design_1_top_0_0/design_1_top_0_0_sim_netlist.vhdl:234176]
set_property PROBES.FILE {} [get_hw_devices xc7z010_1]
set_property FULL_PROBES.FILE {} [get_hw_devices xc7z010_1]
set_property PROGRAM.FILE {C:/Users/Emerson/Documents/fpga/duinocoin_miner_ebaz4205_fpga/project_ebaz_miner.runs/impl_1/design_1_wrapper.bit} [get_hw_devices xc7z010_1]
program_hw_devices [get_hw_devices xc7z010_1]
INFO: [Labtools 27-3164] End of startup status: HIGH
program_hw_devices: Time (s): cpu = 00:00:13 ; elapsed = 00:00:14 . Memory (MB): peak = 1849.461 ; gain = 0.000
refresh_hw_device [lindex [get_hw_devices xc7z010_1] 0]
INFO: [Labtools 27-1434] Device xc7z010 (JTAG device index = 1) is programmed with a design that has no supported debug core(s) in it.
WARNING: [Labtools 27-3361] The debug hub core was not detected.
Resolution: 
1. Make sure the clock connected to the debug hub (dbg_hub) core is a free running clock and is active.
2. Make sure the BSCAN_SWITCH_USER_MASK device property in Vivado Hardware Manager reflects the user scan chain setting in the design and refresh the device.  To determine the user scan chain setting in the design, open the implemented design and use 'get_property C_USER_SCAN_CHAIN [get_debug_cores dbg_hub]'.
For more details on setting the scan chain property, consult the Vivado Debug and Programming User Guide (UG908).
open_run impl_1
INFO: [Netlist 29-17] Analyzing 2192 Unisim elements for replacement
INFO: [Netlist 29-28] Unisim Transformation completed in 0 CPU seconds
INFO: [Project 1-479] Netlist was created with Vivado 2018.2
INFO: [Device 21-403] Loading part xc7z010clg400-1
INFO: [Project 1-570] Preparing netlist for logic optimization
INFO: [Timing 38-478] Restoring timing data from binary archive.
INFO: [Timing 38-479] Binary timing data restore complete.
INFO: [Project 1-856] Restoring constraints from binary archive.
INFO: [Project 1-853] Binary constraint restore complete.
Reading XDEF placement.
Reading placer database...
Reading XDEF routing.
Read XDEF File: Time (s): cpu = 00:00:04 ; elapsed = 00:00:03 . Memory (MB): peak = 2721.211 ; gain = 10.801
Restored from archive | CPU: 4.000000 secs | Memory: 0.000000 MB |
Finished XDEF File Restore: Time (s): cpu = 00:00:04 ; elapsed = 00:00:03 . Memory (MB): peak = 2721.211 ; gain = 10.801
INFO: [Project 1-111] Unisim Transformation Summary:
No Unisim elements were transformed.

open_run: Time (s): cpu = 00:00:33 ; elapsed = 00:00:27 . Memory (MB): peak = 2788.773 ; gain = 939.312
open_report: Time (s): cpu = 00:00:13 ; elapsed = 00:00:09 . Memory (MB): peak = 2870.988 ; gain = 68.168
CRITICAL WARNING: [Timing 38-282] The design failed to meet the timing requirements. Please see the timing summary report for details on the timing violations.
report_utilization -name utilization_1
report_utilization: Time (s): cpu = 00:00:04 ; elapsed = 00:00:02 . Memory (MB): peak = 2889.750 ; gain = 2.516
close_design
update_module_reference design_1_top_0_0
INFO: [IP_Flow 19-1976] HDL Parser: Replacing 'MAX_CORE' by 8 for port or parameter 'nonce'
INFO: [IP_Flow 19-1976] HDL Parser: Replacing 'MAX_CORE' by 8 for port or parameter 'digit9'
INFO: [IP_Flow 19-1976] HDL Parser: Replacing 'MAX_CORE' by 8 for port or parameter 'digit8'
INFO: [IP_Flow 19-1976] HDL Parser: Replacing 'MAX_CORE' by 8 for port or parameter 'digit7'
INFO: [IP_Flow 19-1976] HDL Parser: Replacing 'MAX_CORE' by 8 for port or parameter 'digit6'
INFO: [IP_Flow 19-1976] HDL Parser: Replacing 'MAX_CORE' by 8 for port or parameter 'digit5'
INFO: [IP_Flow 19-1976] HDL Parser: Replacing 'MAX_CORE' by 8 for port or parameter 'digit4'
INFO: [IP_Flow 19-1976] HDL Parser: Replacing 'MAX_CORE' by 8 for port or parameter 'digit3'
INFO: [IP_Flow 19-1976] HDL Parser: Replacing 'MAX_CORE' by 8 for port or parameter 'digit2'
INFO: [IP_Flow 19-1976] HDL Parser: Replacing 'MAX_CORE' by 8 for port or parameter 'digit1'
INFO: [IP_Flow 19-1976] HDL Parser: Replacing 'MAX_CORE' by 8 for port or parameter 'nonce_ascii_len'
INFO: [IP_Flow 19-1976] HDL Parser: Replacing 'MAX_CORE' by 8 for port or parameter 'nonce_ascii'
INFO: [IP_Flow 19-1976] HDL Parser: Replacing 'MAX_CORE' by 8 for port or parameter 'msg_length_bits'
INFO: [IP_Flow 19-1976] HDL Parser: Replacing 'MAX_CORE' by 8 for port or parameter 'MESSAGE_BLOCK'
INFO: [IP_Flow 19-1976] HDL Parser: Replacing 'BUFFER_SIZE' by 80 for port or parameter 'buffer'
INFO: [IP_Flow 19-1976] HDL Parser: Replacing 'MAX_CORE' by 8 for port or parameter 'sha1_digest'
INFO: [IP_Flow 19-1976] HDL Parser: Replacing 'MAX_CORE' by 8 for port or parameter 'sha1_digest_valid'
INFO: [IP_Flow 19-1976] HDL Parser: Replacing 'MAX_CORE' by 8 for port or parameter 'sha1_core_ready'
INFO: [IP_Flow 19-1976] HDL Parser: Replacing 'MAX_CORE' by 8 for port or parameter 'sha1_init'
INFO: [IP_Flow 19-1976] HDL Parser: Replacing 'MAX_CORE' by 8 for port or parameter 'sha1_next'
INFO: [IP_Flow 19-1976] HDL Parser: Replacing 'MAX_CORE' by 8 for port or parameter 'sha1_digest_reg'
INFO: [IP_Flow 19-1976] HDL Parser: Replacing 'MAX_CORE' by 8 for port or parameter 'sha1_digest_valid_reg'
INFO: [IP_Flow 19-1976] HDL Parser: Replacing 'MAX_CORE' by 8 for port or parameter 'digest_valid_array'
INFO: [IP_Flow 19-1976] HDL Parser: Replacing 'MAX_CORE' by 8 for port or parameter 'ready_array'
INFO: [IP_Flow 19-1976] HDL Parser: Replacing 'MAX_CORE' by 8 for port or parameter 'match_array'
INFO: [IP_Flow 19-5107] Inferred bus interface 'rst_n' of definition 'xilinx.com:signal:reset:1.0' (from Xilinx Repository).
INFO: [IP_Flow 19-5107] Inferred bus interface 'clk' of definition 'xilinx.com:signal:clock:1.0' (from Xilinx Repository).
INFO: [IP_Flow 19-4728] Bus Interface 'rst_n': Added interface parameter 'POLARITY' with value 'ACTIVE_LOW'.
WARNING: [IP_Flow 19-3153] Bus Interface 'clk': ASSOCIATED_BUSIF bus parameter is missing.
INFO: [IP_Flow 19-234] Refreshing IP repositories
INFO: [IP_Flow 19-1704] No user IP repositories specified
Upgrading 'C:/Users/Emerson/Documents/fpga/duinocoin_miner_ebaz4205_fpga/project_ebaz_miner.srcs/sources_1/bd/design_1/design_1.bd'
INFO: [IP_Flow 19-1972] Upgraded design_1_top_0_0 from top_v1_0 1.0 to top_v1_0 1.0
Wrote  : <C:/Users/Emerson/Documents/fpga/duinocoin_miner_ebaz4205_fpga/project_ebaz_miner.srcs/sources_1/bd/design_1/design_1.bd> 
validate_bd_design
save_bd_design
Wrote  : <C:/Users/Emerson/Documents/fpga/duinocoin_miner_ebaz4205_fpga/project_ebaz_miner.srcs/sources_1/bd/design_1/design_1.bd> 
reset_run synth_1
WARNING: [Vivado 12-1017] Problems encountered:
1. Failed to delete one or more files in run directory C:/Users/Emerson/Documents/fpga/duinocoin_miner_ebaz4205_fpga/project_ebaz_miner.runs/synth_1

launch_runs impl_1 -to_step write_bitstream -jobs 8
INFO: [BD 41-1662] The design 'design_1.bd' is already validated. Therefore parameter propagation will not be re-run.
VHDL Output written to : C:/Users/Emerson/Documents/fpga/duinocoin_miner_ebaz4205_fpga/project_ebaz_miner.srcs/sources_1/bd/design_1/synth/design_1.v
VHDL Output written to : C:/Users/Emerson/Documents/fpga/duinocoin_miner_ebaz4205_fpga/project_ebaz_miner.srcs/sources_1/bd/design_1/sim/design_1.v
VHDL Output written to : C:/Users/Emerson/Documents/fpga/duinocoin_miner_ebaz4205_fpga/project_ebaz_miner.srcs/sources_1/bd/design_1/hdl/design_1_wrapper.v
INFO: [BD 41-1029] Generation completed for the IP Integrator block processing_system7_0 .
INFO: [BD 41-1029] Generation completed for the IP Integrator block top_0 .
Exporting to file C:/Users/Emerson/Documents/fpga/duinocoin_miner_ebaz4205_fpga/project_ebaz_miner.srcs/sources_1/bd/design_1/hw_handoff/design_1.hwh
Generated Block Design Tcl file C:/Users/Emerson/Documents/fpga/duinocoin_miner_ebaz4205_fpga/project_ebaz_miner.srcs/sources_1/bd/design_1/hw_handoff/design_1_bd.tcl
Generated Hardware Definition File C:/Users/Emerson/Documents/fpga/duinocoin_miner_ebaz4205_fpga/project_ebaz_miner.srcs/sources_1/bd/design_1/synth/design_1.hwdef
[Wed May 13 13:28:54 2026] Launched design_1_top_0_0_synth_1, synth_1...
Run output will be captured here:
design_1_top_0_0_synth_1: C:/Users/Emerson/Documents/fpga/duinocoin_miner_ebaz4205_fpga/project_ebaz_miner.runs/design_1_top_0_0_synth_1/runme.log
synth_1: C:/Users/Emerson/Documents/fpga/duinocoin_miner_ebaz4205_fpga/project_ebaz_miner.runs/synth_1/runme.log
[Wed May 13 13:28:54 2026] Launched impl_1...
Run output will be captured here: C:/Users/Emerson/Documents/fpga/duinocoin_miner_ebaz4205_fpga/project_ebaz_miner.runs/impl_1/runme.log
launch_runs: Time (s): cpu = 00:00:01 ; elapsed = 00:00:08 . Memory (MB): peak = 2892.688 ; gain = 0.000
CRITICAL WARNING: [HDL 9-849] Syntax error : file ended before end of clause. [c:/Users/Emerson/Documents/fpga/duinocoin_miner_ebaz4205_fpga/project_ebaz_miner.srcs/sources_1/bd/design_1/ip/design_1_top_0_0/design_1_top_0_0_sim_netlist.vhdl:269295]
open_run impl_1
INFO: [Netlist 29-17] Analyzing 2192 Unisim elements for replacement
INFO: [Netlist 29-28] Unisim Transformation completed in 0 CPU seconds
INFO: [Project 1-479] Netlist was created with Vivado 2018.2
INFO: [Project 1-570] Preparing netlist for logic optimization
INFO: [Timing 38-478] Restoring timing data from binary archive.
INFO: [Timing 38-479] Binary timing data restore complete.
INFO: [Project 1-856] Restoring constraints from binary archive.
INFO: [Project 1-853] Binary constraint restore complete.
Reading XDEF placement.
Reading placer database...
Reading XDEF routing.
Read XDEF File: Time (s): cpu = 00:00:01 ; elapsed = 00:00:01 . Memory (MB): peak = 2896.566 ; gain = 1.113
Restored from archive | CPU: 1.000000 secs | Memory: 0.000000 MB |
Finished XDEF File Restore: Time (s): cpu = 00:00:01 ; elapsed = 00:00:01 . Memory (MB): peak = 2896.566 ; gain = 1.113
INFO: [Project 1-111] Unisim Transformation Summary:
No Unisim elements were transformed.

open_run: Time (s): cpu = 00:00:08 ; elapsed = 00:00:06 . Memory (MB): peak = 2934.148 ; gain = 41.461
CRITICAL WARNING: [Timing 38-282] The design failed to meet the timing requirements. Please see the timing summary report for details on the timing violations.
report_utilization -name utilization_1
report_utilization: Time (s): cpu = 00:00:03 ; elapsed = 00:00:02 . Memory (MB): peak = 3020.625 ; gain = 6.891
close_design
open_run impl_1
INFO: [Netlist 29-17] Analyzing 2192 Unisim elements for replacement
INFO: [Netlist 29-28] Unisim Transformation completed in 0 CPU seconds
INFO: [Project 1-479] Netlist was created with Vivado 2018.2
INFO: [Project 1-570] Preparing netlist for logic optimization
INFO: [Timing 38-478] Restoring timing data from binary archive.
INFO: [Timing 38-479] Binary timing data restore complete.
INFO: [Project 1-856] Restoring constraints from binary archive.
INFO: [Project 1-853] Binary constraint restore complete.
Reading XDEF placement.
Reading placer database...
Reading XDEF routing.
Read XDEF File: Time (s): cpu = 00:00:01 ; elapsed = 00:00:01 . Memory (MB): peak = 3021.227 ; gain = 0.000
Restored from archive | CPU: 1.000000 secs | Memory: 0.000000 MB |
Finished XDEF File Restore: Time (s): cpu = 00:00:01 ; elapsed = 00:00:01 . Memory (MB): peak = 3021.227 ; gain = 0.000
INFO: [Project 1-111] Unisim Transformation Summary:
No Unisim elements were transformed.

open_run: Time (s): cpu = 00:00:07 ; elapsed = 00:00:05 . Memory (MB): peak = 3021.227 ; gain = 0.000
CRITICAL WARNING: [Timing 38-282] The design failed to meet the timing requirements. Please see the timing summary report for details on the timing violations.
report_utilization -name utilization_1
report_utilization: Time (s): cpu = 00:00:04 ; elapsed = 00:00:02 . Memory (MB): peak = 3081.855 ; gain = 6.730
report_utilization -name utilization_2
report_utilization: Time (s): cpu = 00:00:04 ; elapsed = 00:00:02 . Memory (MB): peak = 3087.766 ; gain = 5.609
close_design
set_property PROBES.FILE {} [get_hw_devices xc7z010_1]
set_property FULL_PROBES.FILE {} [get_hw_devices xc7z010_1]
set_property PROGRAM.FILE {C:/Users/Emerson/Documents/fpga/duinocoin_miner_ebaz4205_fpga/project_ebaz_miner.runs/impl_1/design_1_wrapper.bit} [get_hw_devices xc7z010_1]
program_hw_devices [get_hw_devices xc7z010_1]
INFO: [Labtools 27-3164] End of startup status: HIGH
program_hw_devices: Time (s): cpu = 00:00:13 ; elapsed = 00:00:13 . Memory (MB): peak = 3087.957 ; gain = 0.000
refresh_hw_device [lindex [get_hw_devices xc7z010_1] 0]
INFO: [Labtools 27-1434] Device xc7z010 (JTAG device index = 1) is programmed with a design that has no supported debug core(s) in it.
WARNING: [Labtools 27-3361] The debug hub core was not detected.
Resolution: 
1. Make sure the clock connected to the debug hub (dbg_hub) core is a free running clock and is active.
2. Make sure the BSCAN_SWITCH_USER_MASK device property in Vivado Hardware Manager reflects the user scan chain setting in the design and refresh the device.  To determine the user scan chain setting in the design, open the implemented design and use 'get_property C_USER_SCAN_CHAIN [get_debug_cores dbg_hub]'.
For more details on setting the scan chain property, consult the Vivado Debug and Programming User Guide (UG908).
update_module_reference design_1_top_0_0
INFO: [IP_Flow 19-1976] HDL Parser: Replacing 'MAX_CORE' by 9 for port or parameter 'nonce'
INFO: [IP_Flow 19-1976] HDL Parser: Replacing 'MAX_CORE' by 9 for port or parameter 'digit9'
INFO: [IP_Flow 19-1976] HDL Parser: Replacing 'MAX_CORE' by 9 for port or parameter 'digit8'
INFO: [IP_Flow 19-1976] HDL Parser: Replacing 'MAX_CORE' by 9 for port or parameter 'digit7'
INFO: [IP_Flow 19-1976] HDL Parser: Replacing 'MAX_CORE' by 9 for port or parameter 'digit6'
INFO: [IP_Flow 19-1976] HDL Parser: Replacing 'MAX_CORE' by 9 for port or parameter 'digit5'
INFO: [IP_Flow 19-1976] HDL Parser: Replacing 'MAX_CORE' by 9 for port or parameter 'digit4'
INFO: [IP_Flow 19-1976] HDL Parser: Replacing 'MAX_CORE' by 9 for port or parameter 'digit3'
INFO: [IP_Flow 19-1976] HDL Parser: Replacing 'MAX_CORE' by 9 for port or parameter 'digit2'
INFO: [IP_Flow 19-1976] HDL Parser: Replacing 'MAX_CORE' by 9 for port or parameter 'digit1'
INFO: [IP_Flow 19-1976] HDL Parser: Replacing 'MAX_CORE' by 9 for port or parameter 'nonce_ascii_len'
INFO: [IP_Flow 19-1976] HDL Parser: Replacing 'MAX_CORE' by 9 for port or parameter 'nonce_ascii'
INFO: [IP_Flow 19-1976] HDL Parser: Replacing 'MAX_CORE' by 9 for port or parameter 'msg_length_bits'
INFO: [IP_Flow 19-1976] HDL Parser: Replacing 'MAX_CORE' by 9 for port or parameter 'MESSAGE_BLOCK'
INFO: [IP_Flow 19-1976] HDL Parser: Replacing 'BUFFER_SIZE' by 80 for port or parameter 'buffer'
INFO: [IP_Flow 19-1976] HDL Parser: Replacing 'MAX_CORE' by 9 for port or parameter 'sha1_digest'
INFO: [IP_Flow 19-1976] HDL Parser: Replacing 'MAX_CORE' by 9 for port or parameter 'sha1_digest_valid'
INFO: [IP_Flow 19-1976] HDL Parser: Replacing 'MAX_CORE' by 9 for port or parameter 'sha1_core_ready'
INFO: [IP_Flow 19-1976] HDL Parser: Replacing 'MAX_CORE' by 9 for port or parameter 'sha1_init'
INFO: [IP_Flow 19-1976] HDL Parser: Replacing 'MAX_CORE' by 9 for port or parameter 'sha1_next'
INFO: [IP_Flow 19-1976] HDL Parser: Replacing 'MAX_CORE' by 9 for port or parameter 'sha1_digest_reg'
INFO: [IP_Flow 19-1976] HDL Parser: Replacing 'MAX_CORE' by 9 for port or parameter 'sha1_digest_valid_reg'
INFO: [IP_Flow 19-1976] HDL Parser: Replacing 'MAX_CORE' by 9 for port or parameter 'digest_valid_array'
INFO: [IP_Flow 19-1976] HDL Parser: Replacing 'MAX_CORE' by 9 for port or parameter 'ready_array'
INFO: [IP_Flow 19-1976] HDL Parser: Replacing 'MAX_CORE' by 9 for port or parameter 'match_array'
INFO: [IP_Flow 19-5107] Inferred bus interface 'rst_n' of definition 'xilinx.com:signal:reset:1.0' (from Xilinx Repository).
INFO: [IP_Flow 19-5107] Inferred bus interface 'clk' of definition 'xilinx.com:signal:clock:1.0' (from Xilinx Repository).
INFO: [IP_Flow 19-4728] Bus Interface 'rst_n': Added interface parameter 'POLARITY' with value 'ACTIVE_LOW'.
WARNING: [IP_Flow 19-3153] Bus Interface 'clk': ASSOCIATED_BUSIF bus parameter is missing.
INFO: [IP_Flow 19-234] Refreshing IP repositories
INFO: [IP_Flow 19-1704] No user IP repositories specified
Upgrading 'C:/Users/Emerson/Documents/fpga/duinocoin_miner_ebaz4205_fpga/project_ebaz_miner.srcs/sources_1/bd/design_1/design_1.bd'
INFO: [IP_Flow 19-1972] Upgraded design_1_top_0_0 from top_v1_0 1.0 to top_v1_0 1.0
Wrote  : <C:/Users/Emerson/Documents/fpga/duinocoin_miner_ebaz4205_fpga/project_ebaz_miner.srcs/sources_1/bd/design_1/design_1.bd> 
validate_bd_design
save_bd_design
Wrote  : <C:/Users/Emerson/Documents/fpga/duinocoin_miner_ebaz4205_fpga/project_ebaz_miner.srcs/sources_1/bd/design_1/design_1.bd> 
reset_run synth_1
WARNING: [Vivado 12-1017] Problems encountered:
1. Failed to delete one or more files in run directory C:/Users/Emerson/Documents/fpga/duinocoin_miner_ebaz4205_fpga/project_ebaz_miner.runs/synth_1

launch_runs impl_1 -to_step write_bitstream -jobs 8
INFO: [BD 41-1662] The design 'design_1.bd' is already validated. Therefore parameter propagation will not be re-run.
VHDL Output written to : C:/Users/Emerson/Documents/fpga/duinocoin_miner_ebaz4205_fpga/project_ebaz_miner.srcs/sources_1/bd/design_1/synth/design_1.v
VHDL Output written to : C:/Users/Emerson/Documents/fpga/duinocoin_miner_ebaz4205_fpga/project_ebaz_miner.srcs/sources_1/bd/design_1/sim/design_1.v
VHDL Output written to : C:/Users/Emerson/Documents/fpga/duinocoin_miner_ebaz4205_fpga/project_ebaz_miner.srcs/sources_1/bd/design_1/hdl/design_1_wrapper.v
INFO: [BD 41-1029] Generation completed for the IP Integrator block processing_system7_0 .
INFO: [BD 41-1029] Generation completed for the IP Integrator block top_0 .
Exporting to file C:/Users/Emerson/Documents/fpga/duinocoin_miner_ebaz4205_fpga/project_ebaz_miner.srcs/sources_1/bd/design_1/hw_handoff/design_1.hwh
Generated Block Design Tcl file C:/Users/Emerson/Documents/fpga/duinocoin_miner_ebaz4205_fpga/project_ebaz_miner.srcs/sources_1/bd/design_1/hw_handoff/design_1_bd.tcl
Generated Hardware Definition File C:/Users/Emerson/Documents/fpga/duinocoin_miner_ebaz4205_fpga/project_ebaz_miner.srcs/sources_1/bd/design_1/synth/design_1.hwdef
[Wed May 13 14:50:00 2026] Launched design_1_top_0_0_synth_1, synth_1...
Run output will be captured here:
design_1_top_0_0_synth_1: C:/Users/Emerson/Documents/fpga/duinocoin_miner_ebaz4205_fpga/project_ebaz_miner.runs/design_1_top_0_0_synth_1/runme.log
synth_1: C:/Users/Emerson/Documents/fpga/duinocoin_miner_ebaz4205_fpga/project_ebaz_miner.runs/synth_1/runme.log
[Wed May 13 14:50:00 2026] Launched impl_1...
Run output will be captured here: C:/Users/Emerson/Documents/fpga/duinocoin_miner_ebaz4205_fpga/project_ebaz_miner.runs/impl_1/runme.log
launch_runs: Time (s): cpu = 00:00:01 ; elapsed = 00:00:08 . Memory (MB): peak = 3087.957 ; gain = 0.000
CRITICAL WARNING: [HDL 9-849] Syntax error : file ended before end of clause. [c:/Users/Emerson/Documents/fpga/duinocoin_miner_ebaz4205_fpga/project_ebaz_miner.srcs/sources_1/bd/design_1/ip/design_1_top_0_0/design_1_top_0_0_sim_netlist.vhdl:69273]
update_module_reference design_1_top_0_0
INFO: [IP_Flow 19-1976] HDL Parser: Replacing 'MAX_CORE' by 9 for port or parameter 'nonce'
INFO: [IP_Flow 19-1976] HDL Parser: Replacing 'MAX_CORE' by 9 for port or parameter 'digit9'
INFO: [IP_Flow 19-1976] HDL Parser: Replacing 'MAX_CORE' by 9 for port or parameter 'digit8'
INFO: [IP_Flow 19-1976] HDL Parser: Replacing 'MAX_CORE' by 9 for port or parameter 'digit7'
INFO: [IP_Flow 19-1976] HDL Parser: Replacing 'MAX_CORE' by 9 for port or parameter 'digit6'
INFO: [IP_Flow 19-1976] HDL Parser: Replacing 'MAX_CORE' by 9 for port or parameter 'digit5'
INFO: [IP_Flow 19-1976] HDL Parser: Replacing 'MAX_CORE' by 9 for port or parameter 'digit4'
INFO: [IP_Flow 19-1976] HDL Parser: Replacing 'MAX_CORE' by 9 for port or parameter 'digit3'
INFO: [IP_Flow 19-1976] HDL Parser: Replacing 'MAX_CORE' by 9 for port or parameter 'digit2'
INFO: [IP_Flow 19-1976] HDL Parser: Replacing 'MAX_CORE' by 9 for port or parameter 'digit1'
INFO: [IP_Flow 19-1976] HDL Parser: Replacing 'MAX_CORE' by 9 for port or parameter 'nonce_ascii_len'
INFO: [IP_Flow 19-1976] HDL Parser: Replacing 'MAX_CORE' by 9 for port or parameter 'nonce_ascii'
INFO: [IP_Flow 19-1976] HDL Parser: Replacing 'MAX_CORE' by 9 for port or parameter 'msg_length_bits'
INFO: [IP_Flow 19-1976] HDL Parser: Replacing 'MAX_CORE' by 9 for port or parameter 'MESSAGE_BLOCK'
INFO: [IP_Flow 19-1976] HDL Parser: Replacing 'BUFFER_SIZE' by 80 for port or parameter 'buffer'
INFO: [IP_Flow 19-1976] HDL Parser: Replacing 'MAX_CORE' by 9 for port or parameter 'sha1_digest'
INFO: [IP_Flow 19-1976] HDL Parser: Replacing 'MAX_CORE' by 9 for port or parameter 'sha1_digest_valid'
INFO: [IP_Flow 19-1976] HDL Parser: Replacing 'MAX_CORE' by 9 for port or parameter 'sha1_core_ready'
INFO: [IP_Flow 19-1976] HDL Parser: Replacing 'MAX_CORE' by 9 for port or parameter 'sha1_init'
INFO: [IP_Flow 19-1976] HDL Parser: Replacing 'MAX_CORE' by 9 for port or parameter 'sha1_next'
INFO: [IP_Flow 19-1976] HDL Parser: Replacing 'MAX_CORE' by 9 for port or parameter 'sha1_digest_reg'
INFO: [IP_Flow 19-1976] HDL Parser: Replacing 'MAX_CORE' by 9 for port or parameter 'sha1_digest_valid_reg'
INFO: [IP_Flow 19-1976] HDL Parser: Replacing 'MAX_CORE' by 9 for port or parameter 'digest_valid_array'
INFO: [IP_Flow 19-1976] HDL Parser: Replacing 'MAX_CORE' by 9 for port or parameter 'ready_array'
INFO: [IP_Flow 19-1976] HDL Parser: Replacing 'MAX_CORE' by 9 for port or parameter 'match_array'
INFO: [IP_Flow 19-5107] Inferred bus interface 'rst_n' of definition 'xilinx.com:signal:reset:1.0' (from Xilinx Repository).
INFO: [IP_Flow 19-5107] Inferred bus interface 'clk' of definition 'xilinx.com:signal:clock:1.0' (from Xilinx Repository).
INFO: [IP_Flow 19-4728] Bus Interface 'rst_n': Added interface parameter 'POLARITY' with value 'ACTIVE_LOW'.
WARNING: [IP_Flow 19-3153] Bus Interface 'clk': ASSOCIATED_BUSIF bus parameter is missing.
INFO: [IP_Flow 19-234] Refreshing IP repositories
INFO: [IP_Flow 19-1704] No user IP repositories specified
Upgrading 'C:/Users/Emerson/Documents/fpga/duinocoin_miner_ebaz4205_fpga/project_ebaz_miner.srcs/sources_1/bd/design_1/design_1.bd'
INFO: [IP_Flow 19-1972] Upgraded design_1_top_0_0 from top_v1_0 1.0 to top_v1_0 1.0
Wrote  : <C:/Users/Emerson/Documents/fpga/duinocoin_miner_ebaz4205_fpga/project_ebaz_miner.srcs/sources_1/bd/design_1/design_1.bd> 
validate_bd_design
save_bd_design
Wrote  : <C:/Users/Emerson/Documents/fpga/duinocoin_miner_ebaz4205_fpga/project_ebaz_miner.srcs/sources_1/bd/design_1/design_1.bd> 
close_bd_design [get_bd_designs design_1]
reset_run synth_1
WARNING: [Vivado 12-1017] Problems encountered:
1. Failed to delete one or more files in run directory C:/Users/Emerson/Documents/fpga/duinocoin_miner_ebaz4205_fpga/project_ebaz_miner.runs/synth_1

launch_runs impl_1 -to_step write_bitstream -jobs 8
INFO: [BD 41-1662] The design 'design_1.bd' is already validated. Therefore parameter propagation will not be re-run.
VHDL Output written to : C:/Users/Emerson/Documents/fpga/duinocoin_miner_ebaz4205_fpga/project_ebaz_miner.srcs/sources_1/bd/design_1/synth/design_1.v
VHDL Output written to : C:/Users/Emerson/Documents/fpga/duinocoin_miner_ebaz4205_fpga/project_ebaz_miner.srcs/sources_1/bd/design_1/sim/design_1.v
VHDL Output written to : C:/Users/Emerson/Documents/fpga/duinocoin_miner_ebaz4205_fpga/project_ebaz_miner.srcs/sources_1/bd/design_1/hdl/design_1_wrapper.v
INFO: [BD 41-1029] Generation completed for the IP Integrator block processing_system7_0 .
INFO: [BD 41-1029] Generation completed for the IP Integrator block top_0 .
Exporting to file C:/Users/Emerson/Documents/fpga/duinocoin_miner_ebaz4205_fpga/project_ebaz_miner.srcs/sources_1/bd/design_1/hw_handoff/design_1.hwh
Generated Block Design Tcl file C:/Users/Emerson/Documents/fpga/duinocoin_miner_ebaz4205_fpga/project_ebaz_miner.srcs/sources_1/bd/design_1/hw_handoff/design_1_bd.tcl
Generated Hardware Definition File C:/Users/Emerson/Documents/fpga/duinocoin_miner_ebaz4205_fpga/project_ebaz_miner.srcs/sources_1/bd/design_1/synth/design_1.hwdef
[Wed May 13 15:01:01 2026] Launched design_1_top_0_0_synth_1, synth_1...
Run output will be captured here:
design_1_top_0_0_synth_1: C:/Users/Emerson/Documents/fpga/duinocoin_miner_ebaz4205_fpga/project_ebaz_miner.runs/design_1_top_0_0_synth_1/runme.log
synth_1: C:/Users/Emerson/Documents/fpga/duinocoin_miner_ebaz4205_fpga/project_ebaz_miner.runs/synth_1/runme.log
[Wed May 13 15:01:01 2026] Launched impl_1...
Run output will be captured here: C:/Users/Emerson/Documents/fpga/duinocoin_miner_ebaz4205_fpga/project_ebaz_miner.runs/impl_1/runme.log
launch_runs: Time (s): cpu = 00:00:01 ; elapsed = 00:00:08 . Memory (MB): peak = 3106.516 ; gain = 18.559
CRITICAL WARNING: [HDL 9-806] Syntax error near """. [c:/Users/Emerson/Documents/fpga/duinocoin_miner_ebaz4205_fpga/project_ebaz_miner.srcs/sources_1/bd/design_1/ip/design_1_top_0_0/design_1_top_0_0_sim_netlist.vhdl:79432]
update_module_reference design_1_top_0_0
INFO: [IP_Flow 19-1976] HDL Parser: Replacing 'MAX_CORE' by 8 for port or parameter 'nonce'
INFO: [IP_Flow 19-1976] HDL Parser: Replacing 'MAX_CORE' by 8 for port or parameter 'digit9'
INFO: [IP_Flow 19-1976] HDL Parser: Replacing 'MAX_CORE' by 8 for port or parameter 'digit8'
INFO: [IP_Flow 19-1976] HDL Parser: Replacing 'MAX_CORE' by 8 for port or parameter 'digit7'
INFO: [IP_Flow 19-1976] HDL Parser: Replacing 'MAX_CORE' by 8 for port or parameter 'digit6'
INFO: [IP_Flow 19-1976] HDL Parser: Replacing 'MAX_CORE' by 8 for port or parameter 'digit5'
INFO: [IP_Flow 19-1976] HDL Parser: Replacing 'MAX_CORE' by 8 for port or parameter 'digit4'
INFO: [IP_Flow 19-1976] HDL Parser: Replacing 'MAX_CORE' by 8 for port or parameter 'digit3'
INFO: [IP_Flow 19-1976] HDL Parser: Replacing 'MAX_CORE' by 8 for port or parameter 'digit2'
INFO: [IP_Flow 19-1976] HDL Parser: Replacing 'MAX_CORE' by 8 for port or parameter 'digit1'
INFO: [IP_Flow 19-1976] HDL Parser: Replacing 'MAX_CORE' by 8 for port or parameter 'nonce_ascii_len'
INFO: [IP_Flow 19-1976] HDL Parser: Replacing 'MAX_CORE' by 8 for port or parameter 'nonce_ascii'
INFO: [IP_Flow 19-1976] HDL Parser: Replacing 'MAX_CORE' by 8 for port or parameter 'msg_length_bits'
INFO: [IP_Flow 19-1976] HDL Parser: Replacing 'MAX_CORE' by 8 for port or parameter 'MESSAGE_BLOCK'
INFO: [IP_Flow 19-1976] HDL Parser: Replacing 'BUFFER_SIZE' by 80 for port or parameter 'buffer'
INFO: [IP_Flow 19-1976] HDL Parser: Replacing 'MAX_CORE' by 8 for port or parameter 'sha1_digest'
INFO: [IP_Flow 19-1976] HDL Parser: Replacing 'MAX_CORE' by 8 for port or parameter 'sha1_digest_valid'
INFO: [IP_Flow 19-1976] HDL Parser: Replacing 'MAX_CORE' by 8 for port or parameter 'sha1_core_ready'
INFO: [IP_Flow 19-1976] HDL Parser: Replacing 'MAX_CORE' by 8 for port or parameter 'sha1_init'
INFO: [IP_Flow 19-1976] HDL Parser: Replacing 'MAX_CORE' by 8 for port or parameter 'sha1_next'
INFO: [IP_Flow 19-1976] HDL Parser: Replacing 'MAX_CORE' by 8 for port or parameter 'sha1_digest_reg'
INFO: [IP_Flow 19-1976] HDL Parser: Replacing 'MAX_CORE' by 8 for port or parameter 'sha1_digest_valid_reg'
INFO: [IP_Flow 19-1976] HDL Parser: Replacing 'MAX_CORE' by 8 for port or parameter 'digest_valid_array'
INFO: [IP_Flow 19-1976] HDL Parser: Replacing 'MAX_CORE' by 8 for port or parameter 'ready_array'
INFO: [IP_Flow 19-1976] HDL Parser: Replacing 'MAX_CORE' by 8 for port or parameter 'match_array'
INFO: [IP_Flow 19-5107] Inferred bus interface 'rst_n' of definition 'xilinx.com:signal:reset:1.0' (from Xilinx Repository).
INFO: [IP_Flow 19-5107] Inferred bus interface 'clk' of definition 'xilinx.com:signal:clock:1.0' (from Xilinx Repository).
INFO: [IP_Flow 19-4728] Bus Interface 'rst_n': Added interface parameter 'POLARITY' with value 'ACTIVE_LOW'.
WARNING: [IP_Flow 19-3153] Bus Interface 'clk': ASSOCIATED_BUSIF bus parameter is missing.
INFO: [IP_Flow 19-234] Refreshing IP repositories
INFO: [IP_Flow 19-1704] No user IP repositories specified
Adding cell -- xilinx.com:ip:processing_system7:5.5 - processing_system7_0
Adding cell -- xilinx.com:module_ref:top:1.0 - top_0
Successfully read diagram <design_1> from BD file <C:/Users/Emerson/Documents/fpga/duinocoin_miner_ebaz4205_fpga/project_ebaz_miner.srcs/sources_1/bd/design_1/design_1.bd>
Upgrading 'C:/Users/Emerson/Documents/fpga/duinocoin_miner_ebaz4205_fpga/project_ebaz_miner.srcs/sources_1/bd/design_1/design_1.bd'
INFO: [IP_Flow 19-1972] Upgraded design_1_top_0_0 from top_v1_0 1.0 to top_v1_0 1.0
Wrote  : <C:/Users/Emerson/Documents/fpga/duinocoin_miner_ebaz4205_fpga/project_ebaz_miner.srcs/sources_1/bd/design_1/design_1.bd> 
validate_bd_design
save_bd_design
Wrote  : <C:/Users/Emerson/Documents/fpga/duinocoin_miner_ebaz4205_fpga/project_ebaz_miner.srcs/sources_1/bd/design_1/design_1.bd> 
close_bd_design [get_bd_designs design_1]
close_hw
open_hw
connect_hw_server
INFO: [Labtools 27-2285] Connecting to hw_server url TCP:localhost:3121
open_hw_target -xvc_url localhost:2542
INFO: [Labtools 27-2285] Connecting to hw_server url TCP:localhost:3121
INFO: [Labtoolstcl 44-466] Opening hw_target localhost:3121/xilinx_tcf/Xilinx/localhost:2542
ERROR: [Labtools 27-2269] No devices detected on target localhost:3121/xilinx_tcf/Xilinx/localhost:2542.
Check cable connectivity and that the target board is powered up then
use the disconnect_hw_server and connect_hw_server to re-register this hardware target.
ERROR: [Common 17-39] 'open_hw_target' failed due to earlier errors.
reset_run synth_1
WARNING: [Vivado 12-1017] Problems encountered:
1. Failed to delete one or more files in run directory C:/Users/Emerson/Documents/fpga/duinocoin_miner_ebaz4205_fpga/project_ebaz_miner.runs/synth_1

launch_runs impl_1 -to_step write_bitstream -jobs 8
INFO: [BD 41-1662] The design 'design_1.bd' is already validated. Therefore parameter propagation will not be re-run.
VHDL Output written to : C:/Users/Emerson/Documents/fpga/duinocoin_miner_ebaz4205_fpga/project_ebaz_miner.srcs/sources_1/bd/design_1/synth/design_1.v
VHDL Output written to : C:/Users/Emerson/Documents/fpga/duinocoin_miner_ebaz4205_fpga/project_ebaz_miner.srcs/sources_1/bd/design_1/sim/design_1.v
VHDL Output written to : C:/Users/Emerson/Documents/fpga/duinocoin_miner_ebaz4205_fpga/project_ebaz_miner.srcs/sources_1/bd/design_1/hdl/design_1_wrapper.v
INFO: [BD 41-1029] Generation completed for the IP Integrator block processing_system7_0 .
INFO: [BD 41-1029] Generation completed for the IP Integrator block top_0 .
Exporting to file C:/Users/Emerson/Documents/fpga/duinocoin_miner_ebaz4205_fpga/project_ebaz_miner.srcs/sources_1/bd/design_1/hw_handoff/design_1.hwh
Generated Block Design Tcl file C:/Users/Emerson/Documents/fpga/duinocoin_miner_ebaz4205_fpga/project_ebaz_miner.srcs/sources_1/bd/design_1/hw_handoff/design_1_bd.tcl
Generated Hardware Definition File C:/Users/Emerson/Documents/fpga/duinocoin_miner_ebaz4205_fpga/project_ebaz_miner.srcs/sources_1/bd/design_1/synth/design_1.hwdef
[Wed May 13 15:07:33 2026] Launched design_1_top_0_0_synth_1, synth_1...
Run output will be captured here:
design_1_top_0_0_synth_1: C:/Users/Emerson/Documents/fpga/duinocoin_miner_ebaz4205_fpga/project_ebaz_miner.runs/design_1_top_0_0_synth_1/runme.log
synth_1: C:/Users/Emerson/Documents/fpga/duinocoin_miner_ebaz4205_fpga/project_ebaz_miner.runs/synth_1/runme.log
[Wed May 13 15:07:33 2026] Launched impl_1...
Run output will be captured here: C:/Users/Emerson/Documents/fpga/duinocoin_miner_ebaz4205_fpga/project_ebaz_miner.runs/impl_1/runme.log
launch_runs: Time (s): cpu = 00:00:00 ; elapsed = 00:00:08 . Memory (MB): peak = 3145.723 ; gain = 35.648
CRITICAL WARNING: [HDL 9-806] Syntax error near "\". [c:/Users/Emerson/Documents/fpga/duinocoin_miner_ebaz4205_fpga/project_ebaz_miner.srcs/sources_1/bd/design_1/ip/design_1_top_0_0/design_1_top_0_0_sim_netlist.vhdl:121366]
set_property PROBES.FILE {} [get_hw_devices xc7z010_1]
set_property FULL_PROBES.FILE {} [get_hw_devices xc7z010_1]
set_property PROGRAM.FILE {C:/Users/Emerson/Documents/fpga/duinocoin_miner_ebaz4205_fpga/project_ebaz_miner.runs/impl_1/design_1_wrapper.bit} [get_hw_devices xc7z010_1]
program_hw_devices [get_hw_devices xc7z010_1]
INFO: [Labtools 27-3164] End of startup status: HIGH
program_hw_devices: Time (s): cpu = 00:00:14 ; elapsed = 00:00:14 . Memory (MB): peak = 3149.191 ; gain = 0.000
refresh_hw_device [lindex [get_hw_devices xc7z010_1] 0]
INFO: [Labtools 27-1434] Device xc7z010 (JTAG device index = 1) is programmed with a design that has no supported debug core(s) in it.
WARNING: [Labtools 27-3361] The debug hub core was not detected.
Resolution: 
1. Make sure the clock connected to the debug hub (dbg_hub) core is a free running clock and is active.
2. Make sure the BSCAN_SWITCH_USER_MASK device property in Vivado Hardware Manager reflects the user scan chain setting in the design and refresh the device.  To determine the user scan chain setting in the design, open the implemented design and use 'get_property C_USER_SCAN_CHAIN [get_debug_cores dbg_hub]'.
For more details on setting the scan chain property, consult the Vivado Debug and Programming User Guide (UG908).
open_run impl_1
INFO: [Netlist 29-17] Analyzing 2211 Unisim elements for replacement
INFO: [Netlist 29-28] Unisim Transformation completed in 0 CPU seconds
INFO: [Project 1-479] Netlist was created with Vivado 2018.2
INFO: [Project 1-570] Preparing netlist for logic optimization
INFO: [Timing 38-478] Restoring timing data from binary archive.
INFO: [Timing 38-479] Binary timing data restore complete.
INFO: [Project 1-856] Restoring constraints from binary archive.
INFO: [Project 1-853] Binary constraint restore complete.
Reading XDEF placement.
Reading placer database...
Reading XDEF routing.
Read XDEF File: Time (s): cpu = 00:00:02 ; elapsed = 00:00:02 . Memory (MB): peak = 3210.703 ; gain = 0.000
Restored from archive | CPU: 2.000000 secs | Memory: 0.000000 MB |
Finished XDEF File Restore: Time (s): cpu = 00:00:02 ; elapsed = 00:00:02 . Memory (MB): peak = 3210.703 ; gain = 0.000
INFO: [Project 1-111] Unisim Transformation Summary:
No Unisim elements were transformed.

open_run: Time (s): cpu = 00:00:07 ; elapsed = 00:00:06 . Memory (MB): peak = 3220.363 ; gain = 71.172
CRITICAL WARNING: [Timing 38-282] The design failed to meet the timing requirements. Please see the timing summary report for details on the timing violations.
report_utilization -name utilization_1
report_utilization: Time (s): cpu = 00:00:04 ; elapsed = 00:00:02 . Memory (MB): peak = 3296.312 ; gain = 6.992
close_design
update_module_reference design_1_top_0_0
INFO: [IP_Flow 19-1976] HDL Parser: Replacing 'MAX_CORE' by 8 for port or parameter 'nonce'
INFO: [IP_Flow 19-1976] HDL Parser: Replacing 'MAX_CORE' by 8 for port or parameter 'digit9'
INFO: [IP_Flow 19-1976] HDL Parser: Replacing 'MAX_CORE' by 8 for port or parameter 'digit8'
INFO: [IP_Flow 19-1976] HDL Parser: Replacing 'MAX_CORE' by 8 for port or parameter 'digit7'
INFO: [IP_Flow 19-1976] HDL Parser: Replacing 'MAX_CORE' by 8 for port or parameter 'digit6'
INFO: [IP_Flow 19-1976] HDL Parser: Replacing 'MAX_CORE' by 8 for port or parameter 'digit5'
INFO: [IP_Flow 19-1976] HDL Parser: Replacing 'MAX_CORE' by 8 for port or parameter 'digit4'
INFO: [IP_Flow 19-1976] HDL Parser: Replacing 'MAX_CORE' by 8 for port or parameter 'digit3'
INFO: [IP_Flow 19-1976] HDL Parser: Replacing 'MAX_CORE' by 8 for port or parameter 'digit2'
INFO: [IP_Flow 19-1976] HDL Parser: Replacing 'MAX_CORE' by 8 for port or parameter 'digit1'
INFO: [IP_Flow 19-1976] HDL Parser: Replacing 'MAX_CORE' by 8 for port or parameter 'nonce_ascii_len'
INFO: [IP_Flow 19-1976] HDL Parser: Replacing 'MAX_CORE' by 8 for port or parameter 'nonce_ascii'
INFO: [IP_Flow 19-1976] HDL Parser: Replacing 'MAX_CORE' by 8 for port or parameter 'msg_length_bits'
INFO: [IP_Flow 19-1976] HDL Parser: Replacing 'MAX_CORE' by 8 for port or parameter 'MESSAGE_BLOCK'
INFO: [IP_Flow 19-1976] HDL Parser: Replacing 'BUFFER_SIZE' by 80 for port or parameter 'buffer'
INFO: [IP_Flow 19-1976] HDL Parser: Replacing 'MAX_CORE' by 8 for port or parameter 'sha1_digest'
INFO: [IP_Flow 19-1976] HDL Parser: Replacing 'MAX_CORE' by 8 for port or parameter 'sha1_digest_valid'
INFO: [IP_Flow 19-1976] HDL Parser: Replacing 'MAX_CORE' by 8 for port or parameter 'sha1_core_ready'
INFO: [IP_Flow 19-1976] HDL Parser: Replacing 'MAX_CORE' by 8 for port or parameter 'sha1_init'
INFO: [IP_Flow 19-1976] HDL Parser: Replacing 'MAX_CORE' by 8 for port or parameter 'sha1_next'
INFO: [IP_Flow 19-1976] HDL Parser: Replacing 'MAX_CORE' by 8 for port or parameter 'sha1_digest_reg'
INFO: [IP_Flow 19-1976] HDL Parser: Replacing 'MAX_CORE' by 8 for port or parameter 'sha1_digest_valid_reg'
INFO: [IP_Flow 19-1976] HDL Parser: Replacing 'MAX_CORE' by 8 for port or parameter 'digest_valid_array'
INFO: [IP_Flow 19-1976] HDL Parser: Replacing 'MAX_CORE' by 8 for port or parameter 'ready_array'
INFO: [IP_Flow 19-1976] HDL Parser: Replacing 'MAX_CORE' by 8 for port or parameter 'match_array'
INFO: [IP_Flow 19-5107] Inferred bus interface 'rst_n' of definition 'xilinx.com:signal:reset:1.0' (from Xilinx Repository).
INFO: [IP_Flow 19-5107] Inferred bus interface 'clk' of definition 'xilinx.com:signal:clock:1.0' (from Xilinx Repository).
INFO: [IP_Flow 19-4728] Bus Interface 'rst_n': Added interface parameter 'POLARITY' with value 'ACTIVE_LOW'.
WARNING: [IP_Flow 19-3153] Bus Interface 'clk': ASSOCIATED_BUSIF bus parameter is missing.
INFO: [IP_Flow 19-234] Refreshing IP repositories
INFO: [IP_Flow 19-1704] No user IP repositories specified
Adding cell -- xilinx.com:ip:processing_system7:5.5 - processing_system7_0
Adding cell -- xilinx.com:module_ref:top:1.0 - top_0
Successfully read diagram <design_1> from BD file <C:/Users/Emerson/Documents/fpga/duinocoin_miner_ebaz4205_fpga/project_ebaz_miner.srcs/sources_1/bd/design_1/design_1.bd>
Upgrading 'C:/Users/Emerson/Documents/fpga/duinocoin_miner_ebaz4205_fpga/project_ebaz_miner.srcs/sources_1/bd/design_1/design_1.bd'
INFO: [IP_Flow 19-1972] Upgraded design_1_top_0_0 from top_v1_0 1.0 to top_v1_0 1.0
Wrote  : <C:/Users/Emerson/Documents/fpga/duinocoin_miner_ebaz4205_fpga/project_ebaz_miner.srcs/sources_1/bd/design_1/design_1.bd> 
validate_bd_design
save_bd_design
Wrote  : <C:/Users/Emerson/Documents/fpga/duinocoin_miner_ebaz4205_fpga/project_ebaz_miner.srcs/sources_1/bd/design_1/design_1.bd> 
close_bd_design [get_bd_designs design_1]
reset_run synth_1
WARNING: [Vivado 12-1017] Problems encountered:
1. Failed to delete one or more files in run directory C:/Users/Emerson/Documents/fpga/duinocoin_miner_ebaz4205_fpga/project_ebaz_miner.runs/synth_1

launch_runs impl_1 -to_step write_bitstream -jobs 8
INFO: [BD 41-1662] The design 'design_1.bd' is already validated. Therefore parameter propagation will not be re-run.
VHDL Output written to : C:/Users/Emerson/Documents/fpga/duinocoin_miner_ebaz4205_fpga/project_ebaz_miner.srcs/sources_1/bd/design_1/synth/design_1.v
VHDL Output written to : C:/Users/Emerson/Documents/fpga/duinocoin_miner_ebaz4205_fpga/project_ebaz_miner.srcs/sources_1/bd/design_1/sim/design_1.v
VHDL Output written to : C:/Users/Emerson/Documents/fpga/duinocoin_miner_ebaz4205_fpga/project_ebaz_miner.srcs/sources_1/bd/design_1/hdl/design_1_wrapper.v
INFO: [BD 41-1029] Generation completed for the IP Integrator block processing_system7_0 .
INFO: [BD 41-1029] Generation completed for the IP Integrator block top_0 .
Exporting to file C:/Users/Emerson/Documents/fpga/duinocoin_miner_ebaz4205_fpga/project_ebaz_miner.srcs/sources_1/bd/design_1/hw_handoff/design_1.hwh
Generated Block Design Tcl file C:/Users/Emerson/Documents/fpga/duinocoin_miner_ebaz4205_fpga/project_ebaz_miner.srcs/sources_1/bd/design_1/hw_handoff/design_1_bd.tcl
Generated Hardware Definition File C:/Users/Emerson/Documents/fpga/duinocoin_miner_ebaz4205_fpga/project_ebaz_miner.srcs/sources_1/bd/design_1/synth/design_1.hwdef
[Wed May 13 15:24:19 2026] Launched design_1_top_0_0_synth_1, synth_1...
Run output will be captured here:
design_1_top_0_0_synth_1: C:/Users/Emerson/Documents/fpga/duinocoin_miner_ebaz4205_fpga/project_ebaz_miner.runs/design_1_top_0_0_synth_1/runme.log
synth_1: C:/Users/Emerson/Documents/fpga/duinocoin_miner_ebaz4205_fpga/project_ebaz_miner.runs/synth_1/runme.log
[Wed May 13 15:24:19 2026] Launched impl_1...
Run output will be captured here: C:/Users/Emerson/Documents/fpga/duinocoin_miner_ebaz4205_fpga/project_ebaz_miner.runs/impl_1/runme.log
launch_runs: Time (s): cpu = 00:00:01 ; elapsed = 00:00:08 . Memory (MB): peak = 3297.188 ; gain = 0.000
update_module_reference design_1_top_0_0
INFO: [IP_Flow 19-1976] HDL Parser: Replacing 'MAX_CORE' by 8 for port or parameter 'nonce'
INFO: [IP_Flow 19-1976] HDL Parser: Replacing 'MAX_CORE' by 8 for port or parameter 'digit9'
INFO: [IP_Flow 19-1976] HDL Parser: Replacing 'MAX_CORE' by 8 for port or parameter 'digit8'
INFO: [IP_Flow 19-1976] HDL Parser: Replacing 'MAX_CORE' by 8 for port or parameter 'digit7'
INFO: [IP_Flow 19-1976] HDL Parser: Replacing 'MAX_CORE' by 8 for port or parameter 'digit6'
INFO: [IP_Flow 19-1976] HDL Parser: Replacing 'MAX_CORE' by 8 for port or parameter 'digit5'
INFO: [IP_Flow 19-1976] HDL Parser: Replacing 'MAX_CORE' by 8 for port or parameter 'digit4'
INFO: [IP_Flow 19-1976] HDL Parser: Replacing 'MAX_CORE' by 8 for port or parameter 'digit3'
INFO: [IP_Flow 19-1976] HDL Parser: Replacing 'MAX_CORE' by 8 for port or parameter 'digit2'
INFO: [IP_Flow 19-1976] HDL Parser: Replacing 'MAX_CORE' by 8 for port or parameter 'digit1'
INFO: [IP_Flow 19-1976] HDL Parser: Replacing 'MAX_CORE' by 8 for port or parameter 'nonce_ascii_len'
INFO: [IP_Flow 19-1976] HDL Parser: Replacing 'MAX_CORE' by 8 for port or parameter 'nonce_ascii'
INFO: [IP_Flow 19-1976] HDL Parser: Replacing 'MAX_CORE' by 8 for port or parameter 'msg_length_bits'
INFO: [IP_Flow 19-1976] HDL Parser: Replacing 'MAX_CORE' by 8 for port or parameter 'MESSAGE_BLOCK'
INFO: [IP_Flow 19-1976] HDL Parser: Replacing 'BUFFER_SIZE' by 80 for port or parameter 'buffer'
INFO: [IP_Flow 19-1976] HDL Parser: Replacing 'MAX_CORE' by 8 for port or parameter 'sha1_digest'
INFO: [IP_Flow 19-1976] HDL Parser: Replacing 'MAX_CORE' by 8 for port or parameter 'sha1_digest_valid'
INFO: [IP_Flow 19-1976] HDL Parser: Replacing 'MAX_CORE' by 8 for port or parameter 'sha1_core_ready'
INFO: [IP_Flow 19-1976] HDL Parser: Replacing 'MAX_CORE' by 8 for port or parameter 'sha1_init'
INFO: [IP_Flow 19-1976] HDL Parser: Replacing 'MAX_CORE' by 8 for port or parameter 'sha1_next'
INFO: [IP_Flow 19-1976] HDL Parser: Replacing 'MAX_CORE' by 8 for port or parameter 'sha1_digest_reg'
INFO: [IP_Flow 19-1976] HDL Parser: Replacing 'MAX_CORE' by 8 for port or parameter 'sha1_digest_valid_reg'
INFO: [IP_Flow 19-1976] HDL Parser: Replacing 'MAX_CORE' by 8 for port or parameter 'digest_valid_array'
INFO: [IP_Flow 19-1976] HDL Parser: Replacing 'MAX_CORE' by 8 for port or parameter 'ready_array'
INFO: [IP_Flow 19-1976] HDL Parser: Replacing 'MAX_CORE' by 8 for port or parameter 'match_array'
INFO: [IP_Flow 19-5107] Inferred bus interface 'rst_n' of definition 'xilinx.com:signal:reset:1.0' (from Xilinx Repository).
INFO: [IP_Flow 19-5107] Inferred bus interface 'clk' of definition 'xilinx.com:signal:clock:1.0' (from Xilinx Repository).
INFO: [IP_Flow 19-4728] Bus Interface 'rst_n': Added interface parameter 'POLARITY' with value 'ACTIVE_LOW'.
WARNING: [IP_Flow 19-3153] Bus Interface 'clk': ASSOCIATED_BUSIF bus parameter is missing.
INFO: [IP_Flow 19-234] Refreshing IP repositories
INFO: [IP_Flow 19-1704] No user IP repositories specified
Adding cell -- xilinx.com:ip:processing_system7:5.5 - processing_system7_0
Adding cell -- xilinx.com:module_ref:top:1.0 - top_0
Successfully read diagram <design_1> from BD file <C:/Users/Emerson/Documents/fpga/duinocoin_miner_ebaz4205_fpga/project_ebaz_miner.srcs/sources_1/bd/design_1/design_1.bd>
Upgrading 'C:/Users/Emerson/Documents/fpga/duinocoin_miner_ebaz4205_fpga/project_ebaz_miner.srcs/sources_1/bd/design_1/design_1.bd'
INFO: [IP_Flow 19-1972] Upgraded design_1_top_0_0 from top_v1_0 1.0 to top_v1_0 1.0
Wrote  : <C:/Users/Emerson/Documents/fpga/duinocoin_miner_ebaz4205_fpga/project_ebaz_miner.srcs/sources_1/bd/design_1/design_1.bd> 
validate_bd_design
save_bd_design
Wrote  : <C:/Users/Emerson/Documents/fpga/duinocoin_miner_ebaz4205_fpga/project_ebaz_miner.srcs/sources_1/bd/design_1/design_1.bd> 
reset_run synth_1
WARNING: [Vivado 12-1017] Problems encountered:
1. Failed to delete one or more files in run directory C:/Users/Emerson/Documents/fpga/duinocoin_miner_ebaz4205_fpga/project_ebaz_miner.runs/synth_1

launch_runs impl_1 -to_step write_bitstream -jobs 8
INFO: [BD 41-1662] The design 'design_1.bd' is already validated. Therefore parameter propagation will not be re-run.
VHDL Output written to : C:/Users/Emerson/Documents/fpga/duinocoin_miner_ebaz4205_fpga/project_ebaz_miner.srcs/sources_1/bd/design_1/synth/design_1.v
VHDL Output written to : C:/Users/Emerson/Documents/fpga/duinocoin_miner_ebaz4205_fpga/project_ebaz_miner.srcs/sources_1/bd/design_1/sim/design_1.v
VHDL Output written to : C:/Users/Emerson/Documents/fpga/duinocoin_miner_ebaz4205_fpga/project_ebaz_miner.srcs/sources_1/bd/design_1/hdl/design_1_wrapper.v
INFO: [BD 41-1029] Generation completed for the IP Integrator block processing_system7_0 .
INFO: [BD 41-1029] Generation completed for the IP Integrator block top_0 .
Exporting to file C:/Users/Emerson/Documents/fpga/duinocoin_miner_ebaz4205_fpga/project_ebaz_miner.srcs/sources_1/bd/design_1/hw_handoff/design_1.hwh
Generated Block Design Tcl file C:/Users/Emerson/Documents/fpga/duinocoin_miner_ebaz4205_fpga/project_ebaz_miner.srcs/sources_1/bd/design_1/hw_handoff/design_1_bd.tcl
Generated Hardware Definition File C:/Users/Emerson/Documents/fpga/duinocoin_miner_ebaz4205_fpga/project_ebaz_miner.srcs/sources_1/bd/design_1/synth/design_1.hwdef
[Wed May 13 15:31:34 2026] Launched design_1_top_0_0_synth_1, synth_1...
Run output will be captured here:
design_1_top_0_0_synth_1: C:/Users/Emerson/Documents/fpga/duinocoin_miner_ebaz4205_fpga/project_ebaz_miner.runs/design_1_top_0_0_synth_1/runme.log
synth_1: C:/Users/Emerson/Documents/fpga/duinocoin_miner_ebaz4205_fpga/project_ebaz_miner.runs/synth_1/runme.log
[Wed May 13 15:31:34 2026] Launched impl_1...
Run output will be captured here: C:/Users/Emerson/Documents/fpga/duinocoin_miner_ebaz4205_fpga/project_ebaz_miner.runs/impl_1/runme.log
launch_runs: Time (s): cpu = 00:00:01 ; elapsed = 00:00:08 . Memory (MB): peak = 3310.602 ; gain = 13.414
close_bd_design [get_bd_designs design_1]
CRITICAL WARNING: [HDL 9-806] Syntax error near "\". [c:/Users/Emerson/Documents/fpga/duinocoin_miner_ebaz4205_fpga/project_ebaz_miner.srcs/sources_1/bd/design_1/ip/design_1_top_0_0/design_1_top_0_0_sim_netlist.vhdl:320240]
set_property PROBES.FILE {} [get_hw_devices xc7z010_1]
set_property FULL_PROBES.FILE {} [get_hw_devices xc7z010_1]
set_property PROGRAM.FILE {C:/Users/Emerson/Documents/fpga/duinocoin_miner_ebaz4205_fpga/project_ebaz_miner.runs/impl_1/design_1_wrapper.bit} [get_hw_devices xc7z010_1]
program_hw_devices [get_hw_devices xc7z010_1]
INFO: [Labtools 27-3164] End of startup status: HIGH
program_hw_devices: Time (s): cpu = 00:00:14 ; elapsed = 00:00:14 . Memory (MB): peak = 3314.254 ; gain = 0.000
refresh_hw_device [lindex [get_hw_devices xc7z010_1] 0]
INFO: [Labtools 27-1434] Device xc7z010 (JTAG device index = 1) is programmed with a design that has no supported debug core(s) in it.
WARNING: [Labtools 27-3361] The debug hub core was not detected.
Resolution: 
1. Make sure the clock connected to the debug hub (dbg_hub) core is a free running clock and is active.
2. Make sure the BSCAN_SWITCH_USER_MASK device property in Vivado Hardware Manager reflects the user scan chain setting in the design and refresh the device.  To determine the user scan chain setting in the design, open the implemented design and use 'get_property C_USER_SCAN_CHAIN [get_debug_cores dbg_hub]'.
For more details on setting the scan chain property, consult the Vivado Debug and Programming User Guide (UG908).
open_run impl_1
INFO: [Netlist 29-17] Analyzing 2208 Unisim elements for replacement
INFO: [Netlist 29-28] Unisim Transformation completed in 0 CPU seconds
INFO: [Project 1-479] Netlist was created with Vivado 2018.2
INFO: [Project 1-570] Preparing netlist for logic optimization
INFO: [Timing 38-478] Restoring timing data from binary archive.
INFO: [Timing 38-479] Binary timing data restore complete.
INFO: [Project 1-856] Restoring constraints from binary archive.
INFO: [Project 1-853] Binary constraint restore complete.
Reading XDEF placement.
Reading placer database...
Reading XDEF routing.
Read XDEF File: Time (s): cpu = 00:00:01 ; elapsed = 00:00:01 . Memory (MB): peak = 3375.992 ; gain = 0.000
Restored from archive | CPU: 1.000000 secs | Memory: 0.000000 MB |
Finished XDEF File Restore: Time (s): cpu = 00:00:01 ; elapsed = 00:00:01 . Memory (MB): peak = 3375.992 ; gain = 0.000
INFO: [Project 1-111] Unisim Transformation Summary:
No Unisim elements were transformed.

CRITICAL WARNING: [Timing 38-282] The design failed to meet the timing requirements. Please see the timing summary report for details on the timing violations.
report_utilization -name utilization_1
report_utilization: Time (s): cpu = 00:00:03 ; elapsed = 00:00:02 . Memory (MB): peak = 3456.406 ; gain = 7.289
close_design
update_module_reference design_1_top_0_0
INFO: [IP_Flow 19-1976] HDL Parser: Replacing 'MAX_CORE' by 8 for port or parameter 'nonce'
INFO: [IP_Flow 19-1976] HDL Parser: Replacing 'MAX_CORE' by 8 for port or parameter 'digit9'
INFO: [IP_Flow 19-1976] HDL Parser: Replacing 'MAX_CORE' by 8 for port or parameter 'digit8'
INFO: [IP_Flow 19-1976] HDL Parser: Replacing 'MAX_CORE' by 8 for port or parameter 'digit7'
INFO: [IP_Flow 19-1976] HDL Parser: Replacing 'MAX_CORE' by 8 for port or parameter 'digit6'
INFO: [IP_Flow 19-1976] HDL Parser: Replacing 'MAX_CORE' by 8 for port or parameter 'digit5'
INFO: [IP_Flow 19-1976] HDL Parser: Replacing 'MAX_CORE' by 8 for port or parameter 'digit4'
INFO: [IP_Flow 19-1976] HDL Parser: Replacing 'MAX_CORE' by 8 for port or parameter 'digit3'
INFO: [IP_Flow 19-1976] HDL Parser: Replacing 'MAX_CORE' by 8 for port or parameter 'digit2'
INFO: [IP_Flow 19-1976] HDL Parser: Replacing 'MAX_CORE' by 8 for port or parameter 'digit1'
INFO: [IP_Flow 19-1976] HDL Parser: Replacing 'MAX_CORE' by 8 for port or parameter 'nonce_ascii_len'
INFO: [IP_Flow 19-1976] HDL Parser: Replacing 'MAX_CORE' by 8 for port or parameter 'nonce_ascii'
INFO: [IP_Flow 19-1976] HDL Parser: Replacing 'MAX_CORE' by 8 for port or parameter 'msg_length_bits'
INFO: [IP_Flow 19-1976] HDL Parser: Replacing 'MAX_CORE' by 8 for port or parameter 'MESSAGE_BLOCK'
INFO: [IP_Flow 19-1976] HDL Parser: Replacing 'BUFFER_SIZE' by 80 for port or parameter 'buffer'
INFO: [IP_Flow 19-1976] HDL Parser: Replacing 'MAX_CORE' by 8 for port or parameter 'sha1_digest'
INFO: [IP_Flow 19-1976] HDL Parser: Replacing 'MAX_CORE' by 8 for port or parameter 'sha1_digest_valid'
INFO: [IP_Flow 19-1976] HDL Parser: Replacing 'MAX_CORE' by 8 for port or parameter 'sha1_core_ready'
INFO: [IP_Flow 19-1976] HDL Parser: Replacing 'MAX_CORE' by 8 for port or parameter 'sha1_init'
INFO: [IP_Flow 19-1976] HDL Parser: Replacing 'MAX_CORE' by 8 for port or parameter 'sha1_next'
INFO: [IP_Flow 19-1976] HDL Parser: Replacing 'MAX_CORE' by 8 for port or parameter 'sha1_digest_reg'
INFO: [IP_Flow 19-1976] HDL Parser: Replacing 'MAX_CORE' by 8 for port or parameter 'sha1_digest_valid_reg'
INFO: [IP_Flow 19-1976] HDL Parser: Replacing 'MAX_CORE' by 8 for port or parameter 'digest_valid_array'
INFO: [IP_Flow 19-1976] HDL Parser: Replacing 'MAX_CORE' by 8 for port or parameter 'ready_array'
INFO: [IP_Flow 19-1976] HDL Parser: Replacing 'MAX_CORE' by 8 for port or parameter 'match_array'
INFO: [IP_Flow 19-5107] Inferred bus interface 'rst_n' of definition 'xilinx.com:signal:reset:1.0' (from Xilinx Repository).
INFO: [IP_Flow 19-5107] Inferred bus interface 'clk' of definition 'xilinx.com:signal:clock:1.0' (from Xilinx Repository).
INFO: [IP_Flow 19-4728] Bus Interface 'rst_n': Added interface parameter 'POLARITY' with value 'ACTIVE_LOW'.
WARNING: [IP_Flow 19-3153] Bus Interface 'clk': ASSOCIATED_BUSIF bus parameter is missing.
INFO: [IP_Flow 19-234] Refreshing IP repositories
INFO: [IP_Flow 19-1704] No user IP repositories specified
Adding cell -- xilinx.com:ip:processing_system7:5.5 - processing_system7_0
Adding cell -- xilinx.com:module_ref:top:1.0 - top_0
Successfully read diagram <design_1> from BD file <C:/Users/Emerson/Documents/fpga/duinocoin_miner_ebaz4205_fpga/project_ebaz_miner.srcs/sources_1/bd/design_1/design_1.bd>
Upgrading 'C:/Users/Emerson/Documents/fpga/duinocoin_miner_ebaz4205_fpga/project_ebaz_miner.srcs/sources_1/bd/design_1/design_1.bd'
INFO: [IP_Flow 19-1972] Upgraded design_1_top_0_0 from top_v1_0 1.0 to top_v1_0 1.0
Wrote  : <C:/Users/Emerson/Documents/fpga/duinocoin_miner_ebaz4205_fpga/project_ebaz_miner.srcs/sources_1/bd/design_1/design_1.bd> 
validate_bd_design
save_bd_design
Wrote  : <C:/Users/Emerson/Documents/fpga/duinocoin_miner_ebaz4205_fpga/project_ebaz_miner.srcs/sources_1/bd/design_1/design_1.bd> 
reset_run synth_1
WARNING: [Vivado 12-1017] Problems encountered:
1. Failed to delete one or more files in run directory C:/Users/Emerson/Documents/fpga/duinocoin_miner_ebaz4205_fpga/project_ebaz_miner.runs/synth_1

launch_runs impl_1 -to_step write_bitstream -jobs 8
INFO: [BD 41-1662] The design 'design_1.bd' is already validated. Therefore parameter propagation will not be re-run.
VHDL Output written to : C:/Users/Emerson/Documents/fpga/duinocoin_miner_ebaz4205_fpga/project_ebaz_miner.srcs/sources_1/bd/design_1/synth/design_1.v
VHDL Output written to : C:/Users/Emerson/Documents/fpga/duinocoin_miner_ebaz4205_fpga/project_ebaz_miner.srcs/sources_1/bd/design_1/sim/design_1.v
VHDL Output written to : C:/Users/Emerson/Documents/fpga/duinocoin_miner_ebaz4205_fpga/project_ebaz_miner.srcs/sources_1/bd/design_1/hdl/design_1_wrapper.v
INFO: [BD 41-1029] Generation completed for the IP Integrator block processing_system7_0 .
INFO: [BD 41-1029] Generation completed for the IP Integrator block top_0 .
Exporting to file C:/Users/Emerson/Documents/fpga/duinocoin_miner_ebaz4205_fpga/project_ebaz_miner.srcs/sources_1/bd/design_1/hw_handoff/design_1.hwh
Generated Block Design Tcl file C:/Users/Emerson/Documents/fpga/duinocoin_miner_ebaz4205_fpga/project_ebaz_miner.srcs/sources_1/bd/design_1/hw_handoff/design_1_bd.tcl
Generated Hardware Definition File C:/Users/Emerson/Documents/fpga/duinocoin_miner_ebaz4205_fpga/project_ebaz_miner.srcs/sources_1/bd/design_1/synth/design_1.hwdef
[Wed May 13 15:58:20 2026] Launched design_1_top_0_0_synth_1, synth_1...
Run output will be captured here:
design_1_top_0_0_synth_1: C:/Users/Emerson/Documents/fpga/duinocoin_miner_ebaz4205_fpga/project_ebaz_miner.runs/design_1_top_0_0_synth_1/runme.log
synth_1: C:/Users/Emerson/Documents/fpga/duinocoin_miner_ebaz4205_fpga/project_ebaz_miner.runs/synth_1/runme.log
[Wed May 13 15:58:20 2026] Launched impl_1...
Run output will be captured here: C:/Users/Emerson/Documents/fpga/duinocoin_miner_ebaz4205_fpga/project_ebaz_miner.runs/impl_1/runme.log
launch_runs: Time (s): cpu = 00:00:00 ; elapsed = 00:00:08 . Memory (MB): peak = 3457.184 ; gain = 0.000
set_property PROBES.FILE {} [get_hw_devices xc7z010_1]
set_property FULL_PROBES.FILE {} [get_hw_devices xc7z010_1]
set_property PROGRAM.FILE {C:/Users/Emerson/Documents/fpga/duinocoin_miner_ebaz4205_fpga/project_ebaz_miner.runs/impl_1/design_1_wrapper.bit} [get_hw_devices xc7z010_1]
program_hw_devices [get_hw_devices xc7z010_1]
INFO: [Labtools 27-3164] End of startup status: HIGH
program_hw_devices: Time (s): cpu = 00:00:14 ; elapsed = 00:00:14 . Memory (MB): peak = 3457.184 ; gain = 0.000
refresh_hw_device [lindex [get_hw_devices xc7z010_1] 0]
INFO: [Labtools 27-1434] Device xc7z010 (JTAG device index = 1) is programmed with a design that has no supported debug core(s) in it.
WARNING: [Labtools 27-3361] The debug hub core was not detected.
Resolution: 
1. Make sure the clock connected to the debug hub (dbg_hub) core is a free running clock and is active.
2. Make sure the BSCAN_SWITCH_USER_MASK device property in Vivado Hardware Manager reflects the user scan chain setting in the design and refresh the device.  To determine the user scan chain setting in the design, open the implemented design and use 'get_property C_USER_SCAN_CHAIN [get_debug_cores dbg_hub]'.
For more details on setting the scan chain property, consult the Vivado Debug and Programming User Guide (UG908).
open_run impl_1
INFO: [Netlist 29-17] Analyzing 2215 Unisim elements for replacement
INFO: [Netlist 29-28] Unisim Transformation completed in 0 CPU seconds
INFO: [Project 1-479] Netlist was created with Vivado 2018.2
INFO: [Project 1-570] Preparing netlist for logic optimization
INFO: [Timing 38-478] Restoring timing data from binary archive.
INFO: [Timing 38-479] Binary timing data restore complete.
INFO: [Project 1-856] Restoring constraints from binary archive.
INFO: [Project 1-853] Binary constraint restore complete.
Reading XDEF placement.
Reading placer database...
Reading XDEF routing.
Read XDEF File: Time (s): cpu = 00:00:02 ; elapsed = 00:00:01 . Memory (MB): peak = 3496.402 ; gain = 0.000
Restored from archive | CPU: 2.000000 secs | Memory: 0.000000 MB |
Finished XDEF File Restore: Time (s): cpu = 00:00:02 ; elapsed = 00:00:01 . Memory (MB): peak = 3496.402 ; gain = 0.000
INFO: [Project 1-111] Unisim Transformation Summary:
No Unisim elements were transformed.

CRITICAL WARNING: [Timing 38-282] The design failed to meet the timing requirements. Please see the timing summary report for details on the timing violations.
report_utilization -name utilization_1
report_utilization: Time (s): cpu = 00:00:04 ; elapsed = 00:00:02 . Memory (MB): peak = 3557.016 ; gain = 6.844
close_design
update_module_reference design_1_top_0_0
INFO: [IP_Flow 19-1976] HDL Parser: Replacing 'MAX_CORE' by 8 for port or parameter 'nonce'
INFO: [IP_Flow 19-1976] HDL Parser: Replacing 'MAX_CORE' by 8 for port or parameter 'digit9'
INFO: [IP_Flow 19-1976] HDL Parser: Replacing 'MAX_CORE' by 8 for port or parameter 'digit8'
INFO: [IP_Flow 19-1976] HDL Parser: Replacing 'MAX_CORE' by 8 for port or parameter 'digit7'
INFO: [IP_Flow 19-1976] HDL Parser: Replacing 'MAX_CORE' by 8 for port or parameter 'digit6'
INFO: [IP_Flow 19-1976] HDL Parser: Replacing 'MAX_CORE' by 8 for port or parameter 'digit5'
INFO: [IP_Flow 19-1976] HDL Parser: Replacing 'MAX_CORE' by 8 for port or parameter 'digit4'
INFO: [IP_Flow 19-1976] HDL Parser: Replacing 'MAX_CORE' by 8 for port or parameter 'digit3'
INFO: [IP_Flow 19-1976] HDL Parser: Replacing 'MAX_CORE' by 8 for port or parameter 'digit2'
INFO: [IP_Flow 19-1976] HDL Parser: Replacing 'MAX_CORE' by 8 for port or parameter 'digit1'
INFO: [IP_Flow 19-1976] HDL Parser: Replacing 'MAX_CORE' by 8 for port or parameter 'nonce_ascii_len'
INFO: [IP_Flow 19-1976] HDL Parser: Replacing 'MAX_CORE' by 8 for port or parameter 'nonce_ascii'
INFO: [IP_Flow 19-1976] HDL Parser: Replacing 'MAX_CORE' by 8 for port or parameter 'msg_length_bits'
INFO: [IP_Flow 19-1976] HDL Parser: Replacing 'MAX_CORE' by 8 for port or parameter 'MESSAGE_BLOCK'
INFO: [IP_Flow 19-1976] HDL Parser: Replacing 'BUFFER_SIZE' by 80 for port or parameter 'buffer'
INFO: [IP_Flow 19-1976] HDL Parser: Replacing 'MAX_CORE' by 8 for port or parameter 'sha1_digest'
INFO: [IP_Flow 19-1976] HDL Parser: Replacing 'MAX_CORE' by 8 for port or parameter 'sha1_digest_valid'
INFO: [IP_Flow 19-1976] HDL Parser: Replacing 'MAX_CORE' by 8 for port or parameter 'sha1_core_ready'
INFO: [IP_Flow 19-1976] HDL Parser: Replacing 'MAX_CORE' by 8 for port or parameter 'sha1_init'
INFO: [IP_Flow 19-1976] HDL Parser: Replacing 'MAX_CORE' by 8 for port or parameter 'sha1_next'
INFO: [IP_Flow 19-1976] HDL Parser: Replacing 'MAX_CORE' by 8 for port or parameter 'sha1_digest_reg'
INFO: [IP_Flow 19-1976] HDL Parser: Replacing 'MAX_CORE' by 8 for port or parameter 'sha1_digest_valid_reg'
INFO: [IP_Flow 19-1976] HDL Parser: Replacing 'MAX_CORE' by 8 for port or parameter 'digest_valid_array'
INFO: [IP_Flow 19-1976] HDL Parser: Replacing 'MAX_CORE' by 8 for port or parameter 'ready_array'
INFO: [IP_Flow 19-1976] HDL Parser: Replacing 'MAX_CORE' by 8 for port or parameter 'match_array'
INFO: [IP_Flow 19-5107] Inferred bus interface 'rst_n' of definition 'xilinx.com:signal:reset:1.0' (from Xilinx Repository).
INFO: [IP_Flow 19-5107] Inferred bus interface 'clk' of definition 'xilinx.com:signal:clock:1.0' (from Xilinx Repository).
INFO: [IP_Flow 19-4728] Bus Interface 'rst_n': Added interface parameter 'POLARITY' with value 'ACTIVE_LOW'.
WARNING: [IP_Flow 19-3153] Bus Interface 'clk': ASSOCIATED_BUSIF bus parameter is missing.
INFO: [IP_Flow 19-234] Refreshing IP repositories
INFO: [IP_Flow 19-1704] No user IP repositories specified
Upgrading 'C:/Users/Emerson/Documents/fpga/duinocoin_miner_ebaz4205_fpga/project_ebaz_miner.srcs/sources_1/bd/design_1/design_1.bd'
INFO: [IP_Flow 19-1972] Upgraded design_1_top_0_0 from top_v1_0 1.0 to top_v1_0 1.0
Wrote  : <C:/Users/Emerson/Documents/fpga/duinocoin_miner_ebaz4205_fpga/project_ebaz_miner.srcs/sources_1/bd/design_1/design_1.bd> 
validate_bd_design
save_bd_design
Wrote  : <C:/Users/Emerson/Documents/fpga/duinocoin_miner_ebaz4205_fpga/project_ebaz_miner.srcs/sources_1/bd/design_1/design_1.bd> 
close_bd_design [get_bd_designs design_1]
reset_run synth_1
WARNING: [Vivado 12-1017] Problems encountered:
1. Failed to delete one or more files in run directory C:/Users/Emerson/Documents/fpga/duinocoin_miner_ebaz4205_fpga/project_ebaz_miner.runs/synth_1

launch_runs impl_1 -jobs 8
INFO: [BD 41-1662] The design 'design_1.bd' is already validated. Therefore parameter propagation will not be re-run.
VHDL Output written to : C:/Users/Emerson/Documents/fpga/duinocoin_miner_ebaz4205_fpga/project_ebaz_miner.srcs/sources_1/bd/design_1/synth/design_1.v
VHDL Output written to : C:/Users/Emerson/Documents/fpga/duinocoin_miner_ebaz4205_fpga/project_ebaz_miner.srcs/sources_1/bd/design_1/sim/design_1.v
VHDL Output written to : C:/Users/Emerson/Documents/fpga/duinocoin_miner_ebaz4205_fpga/project_ebaz_miner.srcs/sources_1/bd/design_1/hdl/design_1_wrapper.v
INFO: [BD 41-1029] Generation completed for the IP Integrator block processing_system7_0 .
INFO: [BD 41-1029] Generation completed for the IP Integrator block top_0 .
Exporting to file C:/Users/Emerson/Documents/fpga/duinocoin_miner_ebaz4205_fpga/project_ebaz_miner.srcs/sources_1/bd/design_1/hw_handoff/design_1.hwh
Generated Block Design Tcl file C:/Users/Emerson/Documents/fpga/duinocoin_miner_ebaz4205_fpga/project_ebaz_miner.srcs/sources_1/bd/design_1/hw_handoff/design_1_bd.tcl
Generated Hardware Definition File C:/Users/Emerson/Documents/fpga/duinocoin_miner_ebaz4205_fpga/project_ebaz_miner.srcs/sources_1/bd/design_1/synth/design_1.hwdef
[Wed May 13 16:14:29 2026] Launched design_1_top_0_0_synth_1, synth_1...
Run output will be captured here:
design_1_top_0_0_synth_1: C:/Users/Emerson/Documents/fpga/duinocoin_miner_ebaz4205_fpga/project_ebaz_miner.runs/design_1_top_0_0_synth_1/runme.log
synth_1: C:/Users/Emerson/Documents/fpga/duinocoin_miner_ebaz4205_fpga/project_ebaz_miner.runs/synth_1/runme.log
[Wed May 13 16:14:29 2026] Launched impl_1...
Run output will be captured here: C:/Users/Emerson/Documents/fpga/duinocoin_miner_ebaz4205_fpga/project_ebaz_miner.runs/impl_1/runme.log
launch_runs: Time (s): cpu = 00:00:01 ; elapsed = 00:00:08 . Memory (MB): peak = 3557.922 ; gain = 0.000
CRITICAL WARNING: [HDL 9-849] Syntax error : file ended before end of clause. [c:/Users/Emerson/Documents/fpga/duinocoin_miner_ebaz4205_fpga/project_ebaz_miner.srcs/sources_1/bd/design_1/ip/design_1_top_0_0/design_1_top_0_0_sim_netlist.vhdl:127529]
open_run impl_1
INFO: [Netlist 29-17] Analyzing 2215 Unisim elements for replacement
INFO: [Netlist 29-28] Unisim Transformation completed in 0 CPU seconds
INFO: [Project 1-479] Netlist was created with Vivado 2018.2
INFO: [Project 1-570] Preparing netlist for logic optimization
INFO: [Timing 38-478] Restoring timing data from binary archive.
INFO: [Timing 38-479] Binary timing data restore complete.
INFO: [Project 1-856] Restoring constraints from binary archive.
INFO: [Project 1-853] Binary constraint restore complete.
Reading XDEF placement.
Reading placer database...
Reading XDEF routing.
Read XDEF File: Time (s): cpu = 00:00:02 ; elapsed = 00:00:01 . Memory (MB): peak = 3598.203 ; gain = 0.000
Restored from archive | CPU: 2.000000 secs | Memory: 0.000000 MB |
Finished XDEF File Restore: Time (s): cpu = 00:00:02 ; elapsed = 00:00:01 . Memory (MB): peak = 3598.203 ; gain = 0.000
INFO: [Project 1-111] Unisim Transformation Summary:
No Unisim elements were transformed.

open_run: Time (s): cpu = 00:00:07 ; elapsed = 00:00:05 . Memory (MB): peak = 3598.203 ; gain = 40.281
CRITICAL WARNING: [Timing 38-282] The design failed to meet the timing requirements. Please see the timing summary report for details on the timing violations.
report_utilization -name utilization_1
report_utilization: Time (s): cpu = 00:00:03 ; elapsed = 00:00:02 . Memory (MB): peak = 3647.152 ; gain = 0.000
close_design
launch_runs impl_1 -to_step write_bitstream -jobs 8
[Wed May 13 16:29:13 2026] Launched impl_1...
Run output will be captured here: C:/Users/Emerson/Documents/fpga/duinocoin_miner_ebaz4205_fpga/project_ebaz_miner.runs/impl_1/runme.log
set_property PROBES.FILE {} [get_hw_devices xc7z010_1]
set_property FULL_PROBES.FILE {} [get_hw_devices xc7z010_1]
set_property PROGRAM.FILE {C:/Users/Emerson/Documents/fpga/duinocoin_miner_ebaz4205_fpga/project_ebaz_miner.runs/impl_1/design_1_wrapper.bit} [get_hw_devices xc7z010_1]
program_hw_devices [get_hw_devices xc7z010_1]
INFO: [Labtools 27-3164] End of startup status: HIGH
program_hw_devices: Time (s): cpu = 00:00:14 ; elapsed = 00:00:14 . Memory (MB): peak = 3647.152 ; gain = 0.000
refresh_hw_device [lindex [get_hw_devices xc7z010_1] 0]
INFO: [Labtools 27-1434] Device xc7z010 (JTAG device index = 1) is programmed with a design that has no supported debug core(s) in it.
WARNING: [Labtools 27-3361] The debug hub core was not detected.
Resolution: 
1. Make sure the clock connected to the debug hub (dbg_hub) core is a free running clock and is active.
2. Make sure the BSCAN_SWITCH_USER_MASK device property in Vivado Hardware Manager reflects the user scan chain setting in the design and refresh the device.  To determine the user scan chain setting in the design, open the implemented design and use 'get_property C_USER_SCAN_CHAIN [get_debug_cores dbg_hub]'.
For more details on setting the scan chain property, consult the Vivado Debug and Programming User Guide (UG908).
update_module_reference design_1_top_0_0
INFO: [IP_Flow 19-1976] HDL Parser: Replacing 'MAX_CORE' by 9 for port or parameter 'nonce'
INFO: [IP_Flow 19-1976] HDL Parser: Replacing 'MAX_CORE' by 9 for port or parameter 'digit9'
INFO: [IP_Flow 19-1976] HDL Parser: Replacing 'MAX_CORE' by 9 for port or parameter 'digit8'
INFO: [IP_Flow 19-1976] HDL Parser: Replacing 'MAX_CORE' by 9 for port or parameter 'digit7'
INFO: [IP_Flow 19-1976] HDL Parser: Replacing 'MAX_CORE' by 9 for port or parameter 'digit6'
INFO: [IP_Flow 19-1976] HDL Parser: Replacing 'MAX_CORE' by 9 for port or parameter 'digit5'
INFO: [IP_Flow 19-1976] HDL Parser: Replacing 'MAX_CORE' by 9 for port or parameter 'digit4'
INFO: [IP_Flow 19-1976] HDL Parser: Replacing 'MAX_CORE' by 9 for port or parameter 'digit3'
INFO: [IP_Flow 19-1976] HDL Parser: Replacing 'MAX_CORE' by 9 for port or parameter 'digit2'
INFO: [IP_Flow 19-1976] HDL Parser: Replacing 'MAX_CORE' by 9 for port or parameter 'digit1'
INFO: [IP_Flow 19-1976] HDL Parser: Replacing 'MAX_CORE' by 9 for port or parameter 'nonce_ascii_len'
INFO: [IP_Flow 19-1976] HDL Parser: Replacing 'MAX_CORE' by 9 for port or parameter 'nonce_ascii'
INFO: [IP_Flow 19-1976] HDL Parser: Replacing 'MAX_CORE' by 9 for port or parameter 'msg_length_bits'
INFO: [IP_Flow 19-1976] HDL Parser: Replacing 'MAX_CORE' by 9 for port or parameter 'MESSAGE_BLOCK'
INFO: [IP_Flow 19-1976] HDL Parser: Replacing 'BUFFER_SIZE' by 80 for port or parameter 'buffer'
INFO: [IP_Flow 19-1976] HDL Parser: Replacing 'MAX_CORE' by 9 for port or parameter 'sha1_digest'
INFO: [IP_Flow 19-1976] HDL Parser: Replacing 'MAX_CORE' by 9 for port or parameter 'sha1_digest_valid'
INFO: [IP_Flow 19-1976] HDL Parser: Replacing 'MAX_CORE' by 9 for port or parameter 'sha1_core_ready'
INFO: [IP_Flow 19-1976] HDL Parser: Replacing 'MAX_CORE' by 9 for port or parameter 'sha1_init'
INFO: [IP_Flow 19-1976] HDL Parser: Replacing 'MAX_CORE' by 9 for port or parameter 'sha1_next'
INFO: [IP_Flow 19-1976] HDL Parser: Replacing 'MAX_CORE' by 9 for port or parameter 'sha1_digest_reg'
INFO: [IP_Flow 19-1976] HDL Parser: Replacing 'MAX_CORE' by 9 for port or parameter 'sha1_digest_valid_reg'
INFO: [IP_Flow 19-1976] HDL Parser: Replacing 'MAX_CORE' by 9 for port or parameter 'digest_valid_array'
INFO: [IP_Flow 19-1976] HDL Parser: Replacing 'MAX_CORE' by 9 for port or parameter 'ready_array'
INFO: [IP_Flow 19-1976] HDL Parser: Replacing 'MAX_CORE' by 9 for port or parameter 'match_array'
INFO: [IP_Flow 19-5107] Inferred bus interface 'rst_n' of definition 'xilinx.com:signal:reset:1.0' (from Xilinx Repository).
INFO: [IP_Flow 19-5107] Inferred bus interface 'clk' of definition 'xilinx.com:signal:clock:1.0' (from Xilinx Repository).
INFO: [IP_Flow 19-4728] Bus Interface 'rst_n': Added interface parameter 'POLARITY' with value 'ACTIVE_LOW'.
WARNING: [IP_Flow 19-3153] Bus Interface 'clk': ASSOCIATED_BUSIF bus parameter is missing.
INFO: [IP_Flow 19-234] Refreshing IP repositories
INFO: [IP_Flow 19-1704] No user IP repositories specified
Adding cell -- xilinx.com:ip:processing_system7:5.5 - processing_system7_0
Adding cell -- xilinx.com:module_ref:top:1.0 - top_0
Successfully read diagram <design_1> from BD file <C:/Users/Emerson/Documents/fpga/duinocoin_miner_ebaz4205_fpga/project_ebaz_miner.srcs/sources_1/bd/design_1/design_1.bd>
Upgrading 'C:/Users/Emerson/Documents/fpga/duinocoin_miner_ebaz4205_fpga/project_ebaz_miner.srcs/sources_1/bd/design_1/design_1.bd'
INFO: [IP_Flow 19-1972] Upgraded design_1_top_0_0 from top_v1_0 1.0 to top_v1_0 1.0
Wrote  : <C:/Users/Emerson/Documents/fpga/duinocoin_miner_ebaz4205_fpga/project_ebaz_miner.srcs/sources_1/bd/design_1/design_1.bd> 
validate_bd_design
save_bd_design
Wrote  : <C:/Users/Emerson/Documents/fpga/duinocoin_miner_ebaz4205_fpga/project_ebaz_miner.srcs/sources_1/bd/design_1/design_1.bd> 
close_bd_design [get_bd_designs design_1]
reset_run synth_1
WARNING: [Vivado 12-1017] Problems encountered:
1. Failed to delete one or more files in run directory C:/Users/Emerson/Documents/fpga/duinocoin_miner_ebaz4205_fpga/project_ebaz_miner.runs/synth_1

launch_runs impl_1 -to_step write_bitstream -jobs 8
INFO: [BD 41-1662] The design 'design_1.bd' is already validated. Therefore parameter propagation will not be re-run.
VHDL Output written to : C:/Users/Emerson/Documents/fpga/duinocoin_miner_ebaz4205_fpga/project_ebaz_miner.srcs/sources_1/bd/design_1/synth/design_1.v
VHDL Output written to : C:/Users/Emerson/Documents/fpga/duinocoin_miner_ebaz4205_fpga/project_ebaz_miner.srcs/sources_1/bd/design_1/sim/design_1.v
VHDL Output written to : C:/Users/Emerson/Documents/fpga/duinocoin_miner_ebaz4205_fpga/project_ebaz_miner.srcs/sources_1/bd/design_1/hdl/design_1_wrapper.v
INFO: [BD 41-1029] Generation completed for the IP Integrator block processing_system7_0 .
INFO: [BD 41-1029] Generation completed for the IP Integrator block top_0 .
Exporting to file C:/Users/Emerson/Documents/fpga/duinocoin_miner_ebaz4205_fpga/project_ebaz_miner.srcs/sources_1/bd/design_1/hw_handoff/design_1.hwh
Generated Block Design Tcl file C:/Users/Emerson/Documents/fpga/duinocoin_miner_ebaz4205_fpga/project_ebaz_miner.srcs/sources_1/bd/design_1/hw_handoff/design_1_bd.tcl
Generated Hardware Definition File C:/Users/Emerson/Documents/fpga/duinocoin_miner_ebaz4205_fpga/project_ebaz_miner.srcs/sources_1/bd/design_1/synth/design_1.hwdef
[Wed May 13 16:47:26 2026] Launched design_1_top_0_0_synth_1, synth_1...
Run output will be captured here:
design_1_top_0_0_synth_1: C:/Users/Emerson/Documents/fpga/duinocoin_miner_ebaz4205_fpga/project_ebaz_miner.runs/design_1_top_0_0_synth_1/runme.log
synth_1: C:/Users/Emerson/Documents/fpga/duinocoin_miner_ebaz4205_fpga/project_ebaz_miner.runs/synth_1/runme.log
[Wed May 13 16:47:26 2026] Launched impl_1...
Run output will be captured here: C:/Users/Emerson/Documents/fpga/duinocoin_miner_ebaz4205_fpga/project_ebaz_miner.runs/impl_1/runme.log
launch_runs: Time (s): cpu = 00:00:01 ; elapsed = 00:00:08 . Memory (MB): peak = 3647.152 ; gain = 0.000
CRITICAL WARNING: [HDL 9-849] Syntax error : file ended before end of clause. [c:/Users/Emerson/Documents/fpga/duinocoin_miner_ebaz4205_fpga/project_ebaz_miner.srcs/sources_1/bd/design_1/ip/design_1_top_0_0/design_1_top_0_0_sim_netlist.vhdl:354873]
update_module_reference design_1_top_0_0
INFO: [IP_Flow 19-1976] HDL Parser: Replacing 'MAX_CORE' by 8 for port or parameter 'nonce'
INFO: [IP_Flow 19-1976] HDL Parser: Replacing 'MAX_CORE' by 8 for port or parameter 'digit9'
INFO: [IP_Flow 19-1976] HDL Parser: Replacing 'MAX_CORE' by 8 for port or parameter 'digit8'
INFO: [IP_Flow 19-1976] HDL Parser: Replacing 'MAX_CORE' by 8 for port or parameter 'digit7'
INFO: [IP_Flow 19-1976] HDL Parser: Replacing 'MAX_CORE' by 8 for port or parameter 'digit6'
INFO: [IP_Flow 19-1976] HDL Parser: Replacing 'MAX_CORE' by 8 for port or parameter 'digit5'
INFO: [IP_Flow 19-1976] HDL Parser: Replacing 'MAX_CORE' by 8 for port or parameter 'digit4'
INFO: [IP_Flow 19-1976] HDL Parser: Replacing 'MAX_CORE' by 8 for port or parameter 'digit3'
INFO: [IP_Flow 19-1976] HDL Parser: Replacing 'MAX_CORE' by 8 for port or parameter 'digit2'
INFO: [IP_Flow 19-1976] HDL Parser: Replacing 'MAX_CORE' by 8 for port or parameter 'digit1'
INFO: [IP_Flow 19-1976] HDL Parser: Replacing 'MAX_CORE' by 8 for port or parameter 'nonce_ascii_len'
INFO: [IP_Flow 19-1976] HDL Parser: Replacing 'MAX_CORE' by 8 for port or parameter 'nonce_ascii'
INFO: [IP_Flow 19-1976] HDL Parser: Replacing 'MAX_CORE' by 8 for port or parameter 'msg_length_bits'
INFO: [IP_Flow 19-1976] HDL Parser: Replacing 'MAX_CORE' by 8 for port or parameter 'MESSAGE_BLOCK'
INFO: [IP_Flow 19-1976] HDL Parser: Replacing 'BUFFER_SIZE' by 80 for port or parameter 'buffer'
INFO: [IP_Flow 19-1976] HDL Parser: Replacing 'MAX_CORE' by 8 for port or parameter 'sha1_digest'
INFO: [IP_Flow 19-1976] HDL Parser: Replacing 'MAX_CORE' by 8 for port or parameter 'sha1_digest_valid'
INFO: [IP_Flow 19-1976] HDL Parser: Replacing 'MAX_CORE' by 8 for port or parameter 'sha1_core_ready'
INFO: [IP_Flow 19-1976] HDL Parser: Replacing 'MAX_CORE' by 8 for port or parameter 'sha1_init'
INFO: [IP_Flow 19-1976] HDL Parser: Replacing 'MAX_CORE' by 8 for port or parameter 'sha1_next'
INFO: [IP_Flow 19-1976] HDL Parser: Replacing 'MAX_CORE' by 8 for port or parameter 'sha1_digest_reg'
INFO: [IP_Flow 19-1976] HDL Parser: Replacing 'MAX_CORE' by 8 for port or parameter 'sha1_digest_valid_reg'
INFO: [IP_Flow 19-1976] HDL Parser: Replacing 'MAX_CORE' by 8 for port or parameter 'digest_valid_array'
INFO: [IP_Flow 19-1976] HDL Parser: Replacing 'MAX_CORE' by 8 for port or parameter 'ready_array'
INFO: [IP_Flow 19-1976] HDL Parser: Replacing 'MAX_CORE' by 8 for port or parameter 'match_array'
INFO: [IP_Flow 19-5107] Inferred bus interface 'rst_n' of definition 'xilinx.com:signal:reset:1.0' (from Xilinx Repository).
INFO: [IP_Flow 19-5107] Inferred bus interface 'clk' of definition 'xilinx.com:signal:clock:1.0' (from Xilinx Repository).
INFO: [IP_Flow 19-4728] Bus Interface 'rst_n': Added interface parameter 'POLARITY' with value 'ACTIVE_LOW'.
WARNING: [IP_Flow 19-3153] Bus Interface 'clk': ASSOCIATED_BUSIF bus parameter is missing.
INFO: [IP_Flow 19-234] Refreshing IP repositories
INFO: [IP_Flow 19-1704] No user IP repositories specified
Adding cell -- xilinx.com:ip:processing_system7:5.5 - processing_system7_0
Adding cell -- xilinx.com:module_ref:top:1.0 - top_0
Successfully read diagram <design_1> from BD file <C:/Users/Emerson/Documents/fpga/duinocoin_miner_ebaz4205_fpga/project_ebaz_miner.srcs/sources_1/bd/design_1/design_1.bd>
Upgrading 'C:/Users/Emerson/Documents/fpga/duinocoin_miner_ebaz4205_fpga/project_ebaz_miner.srcs/sources_1/bd/design_1/design_1.bd'
INFO: [IP_Flow 19-1972] Upgraded design_1_top_0_0 from top_v1_0 1.0 to top_v1_0 1.0
Wrote  : <C:/Users/Emerson/Documents/fpga/duinocoin_miner_ebaz4205_fpga/project_ebaz_miner.srcs/sources_1/bd/design_1/design_1.bd> 
validate_bd_design
save_bd_design
Wrote  : <C:/Users/Emerson/Documents/fpga/duinocoin_miner_ebaz4205_fpga/project_ebaz_miner.srcs/sources_1/bd/design_1/design_1.bd> 
reset_run synth_1
WARNING: [Vivado 12-1017] Problems encountered:
1. Failed to delete one or more files in run directory C:/Users/Emerson/Documents/fpga/duinocoin_miner_ebaz4205_fpga/project_ebaz_miner.runs/synth_1

launch_runs impl_1 -to_step write_bitstream -jobs 8
INFO: [BD 41-1662] The design 'design_1.bd' is already validated. Therefore parameter propagation will not be re-run.
VHDL Output written to : C:/Users/Emerson/Documents/fpga/duinocoin_miner_ebaz4205_fpga/project_ebaz_miner.srcs/sources_1/bd/design_1/synth/design_1.v
VHDL Output written to : C:/Users/Emerson/Documents/fpga/duinocoin_miner_ebaz4205_fpga/project_ebaz_miner.srcs/sources_1/bd/design_1/sim/design_1.v
VHDL Output written to : C:/Users/Emerson/Documents/fpga/duinocoin_miner_ebaz4205_fpga/project_ebaz_miner.srcs/sources_1/bd/design_1/hdl/design_1_wrapper.v
INFO: [BD 41-1029] Generation completed for the IP Integrator block processing_system7_0 .
INFO: [BD 41-1029] Generation completed for the IP Integrator block top_0 .
Exporting to file C:/Users/Emerson/Documents/fpga/duinocoin_miner_ebaz4205_fpga/project_ebaz_miner.srcs/sources_1/bd/design_1/hw_handoff/design_1.hwh
Generated Block Design Tcl file C:/Users/Emerson/Documents/fpga/duinocoin_miner_ebaz4205_fpga/project_ebaz_miner.srcs/sources_1/bd/design_1/hw_handoff/design_1_bd.tcl
Generated Hardware Definition File C:/Users/Emerson/Documents/fpga/duinocoin_miner_ebaz4205_fpga/project_ebaz_miner.srcs/sources_1/bd/design_1/synth/design_1.hwdef
[Wed May 13 16:52:51 2026] Launched design_1_top_0_0_synth_1, synth_1...
Run output will be captured here:
design_1_top_0_0_synth_1: C:/Users/Emerson/Documents/fpga/duinocoin_miner_ebaz4205_fpga/project_ebaz_miner.runs/design_1_top_0_0_synth_1/runme.log
synth_1: C:/Users/Emerson/Documents/fpga/duinocoin_miner_ebaz4205_fpga/project_ebaz_miner.runs/synth_1/runme.log
[Wed May 13 16:52:51 2026] Launched impl_1...
Run output will be captured here: C:/Users/Emerson/Documents/fpga/duinocoin_miner_ebaz4205_fpga/project_ebaz_miner.runs/impl_1/runme.log
launch_runs: Time (s): cpu = 00:00:01 ; elapsed = 00:00:08 . Memory (MB): peak = 3657.980 ; gain = 10.828
file copy -force C:/Users/Emerson/Documents/fpga/duinocoin_miner_ebaz4205_fpga/project_ebaz_miner.runs/impl_1/design_1_wrapper.sysdef C:/Users/Emerson/Documents/fpga/duinocoin_miner_ebaz4205_fpga/project_ebaz_miner.sdk/design_1_wrapper.hdf

launch_sdk -workspace C:/Users/Emerson/Documents/fpga/duinocoin_miner_ebaz4205_fpga/project_ebaz_miner.sdk -hwspec C:/Users/Emerson/Documents/fpga/duinocoin_miner_ebaz4205_fpga/project_ebaz_miner.sdk/design_1_wrapper.hdf
INFO: [Vivado 12-393] Launching SDK...
INFO: [Vivado 12-417] Running xsdk -workspace C:/Users/Emerson/Documents/fpga/duinocoin_miner_ebaz4205_fpga/project_ebaz_miner.sdk -hwspec C:/Users/Emerson/Documents/fpga/duinocoin_miner_ebaz4205_fpga/project_ebaz_miner.sdk/design_1_wrapper.hdf
INFO: [Vivado 12-3157] SDK launch initiated. Please check console for any further messages.
