#-----------------------------------------------------------
# Vivado v2018.2 (64-bit)
# SW Build 2258646 on Thu Jun 14 20:03:12 MDT 2018
# IP Build 2256618 on Thu Jun 14 22:10:49 MDT 2018
# Start of session at: Tue May 12 16:42:38 2026
# Process ID: 8868
# Current directory: C:/Users/Emerson/Documents/fpga/duinocoin_miner_ebaz4205_fpga
# Command line: vivado.exe -gui_launcher_event rodinguilauncherevent17156 C:\Users\Emerson\Documents\fpga\duinocoin_miner_ebaz4205_fpga\project_ebaz_miner.xpr
# Log file: C:/Users/Emerson/Documents/fpga/duinocoin_miner_ebaz4205_fpga/vivado.log
# Journal file: C:/Users/Emerson/Documents/fpga/duinocoin_miner_ebaz4205_fpga\vivado.jou
#-----------------------------------------------------------
start_gui
open_project C:/Users/Emerson/Documents/fpga/duinocoin_miner_ebaz4205_fpga/project_ebaz_miner.xpr
INFO: [Project 1-313] Project file moved from 'C:/Users/Emerson/Documents/fpga/project_ebaz_miner' since last save.
Scanning sources...
Finished scanning sources
INFO: [filemgmt 56-1] IPUserFilesDir: Directory not found as 'C:/Users/Emerson/Documents/fpga/duinocoin_miner_ebaz4205_fpga/project_ebaz_miner.ip_user_files'; using path 'C:/Users/Emerson/Documents/fpga/project_ebaz_miner/project_ebaz_miner.ip_user_files' instead.
INFO: [IP_Flow 19-234] Refreshing IP repositories
INFO: [IP_Flow 19-1704] No user IP repositories specified
INFO: [IP_Flow 19-2313] Loaded Vivado IP repository 'C:/Xilinx/Vivado/2018.2/data/ip'.
WARNING: [IP_Flow 19-3664] IP 'design_1_top_0_0' generated file not found 'c:/Users/Emerson/Documents/fpga/duinocoin_miner_ebaz4205_fpga/project_ebaz_miner.srcs/sources_1/bd/design_1/ip/design_1_top_0_0/design_1_top_0_0.dcp'. Please regenerate to continue.
WARNING: [IP_Flow 19-3664] IP 'design_1_top_0_0' generated file not found 'c:/Users/Emerson/Documents/fpga/duinocoin_miner_ebaz4205_fpga/project_ebaz_miner.srcs/sources_1/bd/design_1/ip/design_1_top_0_0/design_1_top_0_0_stub.v'. Please regenerate to continue.
WARNING: [IP_Flow 19-3664] IP 'design_1_top_0_0' generated file not found 'c:/Users/Emerson/Documents/fpga/duinocoin_miner_ebaz4205_fpga/project_ebaz_miner.srcs/sources_1/bd/design_1/ip/design_1_top_0_0/design_1_top_0_0_stub.vhdl'. Please regenerate to continue.
WARNING: [IP_Flow 19-3664] IP 'design_1_top_0_0' generated file not found 'c:/Users/Emerson/Documents/fpga/duinocoin_miner_ebaz4205_fpga/project_ebaz_miner.srcs/sources_1/bd/design_1/ip/design_1_top_0_0/design_1_top_0_0_sim_netlist.v'. Please regenerate to continue.
WARNING: [IP_Flow 19-3664] IP 'design_1_top_0_0' generated file not found 'c:/Users/Emerson/Documents/fpga/duinocoin_miner_ebaz4205_fpga/project_ebaz_miner.srcs/sources_1/bd/design_1/ip/design_1_top_0_0/design_1_top_0_0_sim_netlist.vhdl'. Please regenerate to continue.
open_project: Time (s): cpu = 00:00:06 ; elapsed = 00:00:06 . Memory (MB): peak = 778.875 ; gain = 99.680
update_compile_order -fileset sources_1
update_module_reference design_1_top_0_0
INFO: [IP_Flow 19-1976] HDL Parser: Replacing 'MAX_CORE' by 8 for port or parameter 'nonce'
INFO: [IP_Flow 19-1976] HDL Parser: Replacing 'MAX_CORE' by 8 for port or parameter 'digit9'
INFO: [IP_Flow 19-1976] HDL Parser: Replacing 'MAX_CORE' by 8 for port or parameter 'digit8'
INFO: [IP_Flow 19-1976] HDL Parser: Replacing 'MAX_CORE' by 8 for port or parameter 'digit7'
INFO: [IP_Flow 19-1976] HDL Parser: Replacing 'MAX_CORE' by 8 for port or parameter 'digit6'
INFO: [IP_Flow 19-1976] HDL Parser: Replacing 'MAX_CORE' by 8 for port or parameter 'digit5'
INFO: [IP_Flow 19-1976] HDL Parser: Replacing 'MAX_CORE' by 8 for port or parameter 'digit4'
INFO: [IP_Flow 19-1976] HDL Parser: Replacing 'MAX_CORE' by 8 for port or parameter 'digit3'
INFO: [IP_Flow 19-1976] HDL Parser: Replacing 'MAX_CORE' by 8 for port or parameter 'digit2'
INFO: [IP_Flow 19-1976] HDL Parser: Replacing 'MAX_CORE' by 8 for port or parameter 'digit1'
INFO: [IP_Flow 19-1976] HDL Parser: Replacing 'MAX_CORE' by 8 for port or parameter 'nonce_ascii_len'
INFO: [IP_Flow 19-1976] HDL Parser: Replacing 'MAX_CORE' by 8 for port or parameter 'nonce_ascii'
INFO: [IP_Flow 19-1976] HDL Parser: Replacing 'MAX_CORE' by 8 for port or parameter 'msg_length_bits'
INFO: [IP_Flow 19-1976] HDL Parser: Replacing 'MAX_CORE' by 8 for port or parameter 'MESSAGE_BLOCK'
INFO: [IP_Flow 19-1976] HDL Parser: Replacing 'BUFFER_SIZE' by 80 for port or parameter 'buffer'
INFO: [IP_Flow 19-1976] HDL Parser: Replacing 'MAX_CORE' by 8 for port or parameter 'sha1_digest'
INFO: [IP_Flow 19-1976] HDL Parser: Replacing 'MAX_CORE' by 8 for port or parameter 'sha1_digest_valid'
INFO: [IP_Flow 19-1976] HDL Parser: Replacing 'MAX_CORE' by 8 for port or parameter 'sha1_core_ready'
INFO: [IP_Flow 19-1976] HDL Parser: Replacing 'MAX_CORE' by 8 for port or parameter 'sha1_init'
INFO: [IP_Flow 19-1976] HDL Parser: Replacing 'MAX_CORE' by 8 for port or parameter 'sha1_next'
INFO: [IP_Flow 19-1976] HDL Parser: Replacing 'MAX_CORE' by 8 for port or parameter 'sha1_digest_reg'
INFO: [IP_Flow 19-1976] HDL Parser: Replacing 'MAX_CORE' by 8 for port or parameter 'sha1_digest_valid_reg'
INFO: [IP_Flow 19-1976] HDL Parser: Replacing 'MAX_CORE' by 8 for port or parameter 'digest_valid_array'
INFO: [IP_Flow 19-1976] HDL Parser: Replacing 'MAX_CORE' by 8 for port or parameter 'ready_array'
INFO: [IP_Flow 19-1976] HDL Parser: Replacing 'MAX_CORE' by 8 for port or parameter 'match_array'
INFO: [IP_Flow 19-5107] Inferred bus interface 'rst_n' of definition 'xilinx.com:signal:reset:1.0' (from Xilinx Repository).
INFO: [IP_Flow 19-5107] Inferred bus interface 'clk' of definition 'xilinx.com:signal:clock:1.0' (from Xilinx Repository).
INFO: [IP_Flow 19-4728] Bus Interface 'rst_n': Added interface parameter 'POLARITY' with value 'ACTIVE_LOW'.
WARNING: [IP_Flow 19-3153] Bus Interface 'clk': ASSOCIATED_BUSIF bus parameter is missing.
INFO: [IP_Flow 19-234] Refreshing IP repositories
INFO: [IP_Flow 19-1704] No user IP repositories specified
Adding cell -- xilinx.com:ip:processing_system7:5.5 - processing_system7_0
Adding cell -- xilinx.com:module_ref:top:1.0 - top_0
Successfully read diagram <design_1> from BD file <C:/Users/Emerson/Documents/fpga/duinocoin_miner_ebaz4205_fpga/project_ebaz_miner.srcs/sources_1/bd/design_1/design_1.bd>
Upgrading 'C:/Users/Emerson/Documents/fpga/duinocoin_miner_ebaz4205_fpga/project_ebaz_miner.srcs/sources_1/bd/design_1/design_1.bd'
WARNING: [Vivado 12-1017] Problems encountered:
1. Couldn't access process for termination

INFO: [IP_Flow 19-1972] Upgraded design_1_top_0_0 from top_v1_0 1.0 to top_v1_0 1.0
Wrote  : <C:/Users/Emerson/Documents/fpga/duinocoin_miner_ebaz4205_fpga/project_ebaz_miner.srcs/sources_1/bd/design_1/design_1.bd> 
upgrade_ip: Time (s): cpu = 00:00:07 ; elapsed = 00:00:08 . Memory (MB): peak = 910.352 ; gain = 101.824
update_module_reference: Time (s): cpu = 00:00:07 ; elapsed = 00:00:08 . Memory (MB): peak = 910.352 ; gain = 101.824
validate_bd_design
open_hw
connect_hw_server
INFO: [Labtools 27-2285] Connecting to hw_server url TCP:localhost:3121
INFO: [Labtools 27-2222] Launching hw_server...
INFO: [Labtools 27-2221] Launch Output:

****** Xilinx hw_server v2018.2
  **** Build date : Jun 14 2018-20:42:52
    ** Copyright 1986-2018 Xilinx, Inc. All Rights Reserved.


open_hw_target -xvc_url localhost:2542
INFO: [Labtools 27-2285] Connecting to hw_server url TCP:localhost:3121
INFO: [Labtoolstcl 44-466] Opening hw_target localhost:3121/xilinx_tcf/Xilinx/localhost:2542
save_bd_design
Wrote  : <C:/Users/Emerson/Documents/fpga/duinocoin_miner_ebaz4205_fpga/project_ebaz_miner.srcs/sources_1/bd/design_1/design_1.bd> 
reset_run synth_1
launch_runs impl_1 -to_step write_bitstream -jobs 8
INFO: [BD 41-1662] The design 'design_1.bd' is already validated. Therefore parameter propagation will not be re-run.
VHDL Output written to : C:/Users/Emerson/Documents/fpga/duinocoin_miner_ebaz4205_fpga/project_ebaz_miner.srcs/sources_1/bd/design_1/synth/design_1.v
VHDL Output written to : C:/Users/Emerson/Documents/fpga/duinocoin_miner_ebaz4205_fpga/project_ebaz_miner.srcs/sources_1/bd/design_1/sim/design_1.v
VHDL Output written to : C:/Users/Emerson/Documents/fpga/duinocoin_miner_ebaz4205_fpga/project_ebaz_miner.srcs/sources_1/bd/design_1/hdl/design_1_wrapper.v
INFO: [BD 41-1029] Generation completed for the IP Integrator block processing_system7_0 .
INFO: [BD 41-1029] Generation completed for the IP Integrator block top_0 .
Exporting to file C:/Users/Emerson/Documents/fpga/duinocoin_miner_ebaz4205_fpga/project_ebaz_miner.srcs/sources_1/bd/design_1/hw_handoff/design_1.hwh
Generated Block Design Tcl file C:/Users/Emerson/Documents/fpga/duinocoin_miner_ebaz4205_fpga/project_ebaz_miner.srcs/sources_1/bd/design_1/hw_handoff/design_1_bd.tcl
Generated Hardware Definition File C:/Users/Emerson/Documents/fpga/duinocoin_miner_ebaz4205_fpga/project_ebaz_miner.srcs/sources_1/bd/design_1/synth/design_1.hwdef
[Tue May 12 16:45:47 2026] Launched design_1_top_0_0_synth_1, synth_1...
Run output will be captured here:
design_1_top_0_0_synth_1: C:/Users/Emerson/Documents/fpga/duinocoin_miner_ebaz4205_fpga/project_ebaz_miner.runs/design_1_top_0_0_synth_1/runme.log
synth_1: C:/Users/Emerson/Documents/fpga/duinocoin_miner_ebaz4205_fpga/project_ebaz_miner.runs/synth_1/runme.log
[Tue May 12 16:45:47 2026] Launched impl_1...
Run output will be captured here: C:/Users/Emerson/Documents/fpga/duinocoin_miner_ebaz4205_fpga/project_ebaz_miner.runs/impl_1/runme.log
launch_runs: Time (s): cpu = 00:00:02 ; elapsed = 00:00:06 . Memory (MB): peak = 1698.730 ; gain = 107.824
set_property PROBES.FILE {} [get_hw_devices xc7z010_1]
set_property FULL_PROBES.FILE {} [get_hw_devices xc7z010_1]
set_property PROGRAM.FILE {C:/Users/Emerson/Documents/fpga/duinocoin_miner_ebaz4205_fpga/project_ebaz_miner.runs/impl_1/design_1_wrapper.bit} [get_hw_devices xc7z010_1]
program_hw_devices [get_hw_devices xc7z010_1]
INFO: [Labtools 27-3164] End of startup status: HIGH
program_hw_devices: Time (s): cpu = 00:00:11 ; elapsed = 00:00:11 . Memory (MB): peak = 1716.414 ; gain = 0.000
refresh_hw_device [lindex [get_hw_devices xc7z010_1] 0]
INFO: [Labtools 27-1434] Device xc7z010 (JTAG device index = 1) is programmed with a design that has no supported debug core(s) in it.
WARNING: [Labtools 27-3361] The debug hub core was not detected.
Resolution: 
1. Make sure the clock connected to the debug hub (dbg_hub) core is a free running clock and is active.
2. Make sure the BSCAN_SWITCH_USER_MASK device property in Vivado Hardware Manager reflects the user scan chain setting in the design and refresh the device.  To determine the user scan chain setting in the design, open the implemented design and use 'get_property C_USER_SCAN_CHAIN [get_debug_cores dbg_hub]'.
For more details on setting the scan chain property, consult the Vivado Debug and Programming User Guide (UG908).
update_module_reference design_1_top_0_0
INFO: [IP_Flow 19-1976] HDL Parser: Replacing 'MAX_CORE' by 2 for port or parameter 'nonce'
INFO: [IP_Flow 19-1976] HDL Parser: Replacing 'MAX_CORE' by 2 for port or parameter 'digit9'
INFO: [IP_Flow 19-1976] HDL Parser: Replacing 'MAX_CORE' by 2 for port or parameter 'digit8'
INFO: [IP_Flow 19-1976] HDL Parser: Replacing 'MAX_CORE' by 2 for port or parameter 'digit7'
INFO: [IP_Flow 19-1976] HDL Parser: Replacing 'MAX_CORE' by 2 for port or parameter 'digit6'
INFO: [IP_Flow 19-1976] HDL Parser: Replacing 'MAX_CORE' by 2 for port or parameter 'digit5'
INFO: [IP_Flow 19-1976] HDL Parser: Replacing 'MAX_CORE' by 2 for port or parameter 'digit4'
INFO: [IP_Flow 19-1976] HDL Parser: Replacing 'MAX_CORE' by 2 for port or parameter 'digit3'
INFO: [IP_Flow 19-1976] HDL Parser: Replacing 'MAX_CORE' by 2 for port or parameter 'digit2'
INFO: [IP_Flow 19-1976] HDL Parser: Replacing 'MAX_CORE' by 2 for port or parameter 'digit1'
INFO: [IP_Flow 19-1976] HDL Parser: Replacing 'MAX_CORE' by 2 for port or parameter 'nonce_ascii_len'
INFO: [IP_Flow 19-1976] HDL Parser: Replacing 'MAX_CORE' by 2 for port or parameter 'nonce_ascii'
INFO: [IP_Flow 19-1976] HDL Parser: Replacing 'MAX_CORE' by 2 for port or parameter 'msg_length_bits'
INFO: [IP_Flow 19-1976] HDL Parser: Replacing 'MAX_CORE' by 2 for port or parameter 'MESSAGE_BLOCK'
INFO: [IP_Flow 19-1976] HDL Parser: Replacing 'BUFFER_SIZE' by 80 for port or parameter 'buffer'
INFO: [IP_Flow 19-1976] HDL Parser: Replacing 'MAX_CORE' by 2 for port or parameter 'sha1_digest'
INFO: [IP_Flow 19-1976] HDL Parser: Replacing 'MAX_CORE' by 2 for port or parameter 'sha1_digest_valid'
INFO: [IP_Flow 19-1976] HDL Parser: Replacing 'MAX_CORE' by 2 for port or parameter 'sha1_core_ready'
INFO: [IP_Flow 19-1976] HDL Parser: Replacing 'MAX_CORE' by 2 for port or parameter 'sha1_init'
INFO: [IP_Flow 19-1976] HDL Parser: Replacing 'MAX_CORE' by 2 for port or parameter 'sha1_next'
INFO: [IP_Flow 19-1976] HDL Parser: Replacing 'MAX_CORE' by 2 for port or parameter 'sha1_digest_reg'
INFO: [IP_Flow 19-1976] HDL Parser: Replacing 'MAX_CORE' by 2 for port or parameter 'sha1_digest_valid_reg'
INFO: [IP_Flow 19-1976] HDL Parser: Replacing 'MAX_CORE' by 2 for port or parameter 'digest_valid_array'
INFO: [IP_Flow 19-1976] HDL Parser: Replacing 'MAX_CORE' by 2 for port or parameter 'ready_array'
INFO: [IP_Flow 19-1976] HDL Parser: Replacing 'MAX_CORE' by 2 for port or parameter 'match_array'
INFO: [IP_Flow 19-5107] Inferred bus interface 'rst_n' of definition 'xilinx.com:signal:reset:1.0' (from Xilinx Repository).
INFO: [IP_Flow 19-5107] Inferred bus interface 'clk' of definition 'xilinx.com:signal:clock:1.0' (from Xilinx Repository).
INFO: [IP_Flow 19-4728] Bus Interface 'rst_n': Added interface parameter 'POLARITY' with value 'ACTIVE_LOW'.
WARNING: [IP_Flow 19-3153] Bus Interface 'clk': ASSOCIATED_BUSIF bus parameter is missing.
INFO: [IP_Flow 19-234] Refreshing IP repositories
INFO: [IP_Flow 19-1704] No user IP repositories specified
Upgrading 'C:/Users/Emerson/Documents/fpga/duinocoin_miner_ebaz4205_fpga/project_ebaz_miner.srcs/sources_1/bd/design_1/design_1.bd'
INFO: [IP_Flow 19-1972] Upgraded design_1_top_0_0 from top_v1_0 1.0 to top_v1_0 1.0
Wrote  : <C:/Users/Emerson/Documents/fpga/duinocoin_miner_ebaz4205_fpga/project_ebaz_miner.srcs/sources_1/bd/design_1/design_1.bd> 
validate_bd_design
save_bd_design
Wrote  : <C:/Users/Emerson/Documents/fpga/duinocoin_miner_ebaz4205_fpga/project_ebaz_miner.srcs/sources_1/bd/design_1/design_1.bd> 
reset_run synth_1
launch_runs impl_1 -to_step write_bitstream -jobs 8
INFO: [BD 41-1662] The design 'design_1.bd' is already validated. Therefore parameter propagation will not be re-run.
VHDL Output written to : C:/Users/Emerson/Documents/fpga/duinocoin_miner_ebaz4205_fpga/project_ebaz_miner.srcs/sources_1/bd/design_1/synth/design_1.v
VHDL Output written to : C:/Users/Emerson/Documents/fpga/duinocoin_miner_ebaz4205_fpga/project_ebaz_miner.srcs/sources_1/bd/design_1/sim/design_1.v
VHDL Output written to : C:/Users/Emerson/Documents/fpga/duinocoin_miner_ebaz4205_fpga/project_ebaz_miner.srcs/sources_1/bd/design_1/hdl/design_1_wrapper.v
INFO: [BD 41-1029] Generation completed for the IP Integrator block processing_system7_0 .
INFO: [BD 41-1029] Generation completed for the IP Integrator block top_0 .
Exporting to file C:/Users/Emerson/Documents/fpga/duinocoin_miner_ebaz4205_fpga/project_ebaz_miner.srcs/sources_1/bd/design_1/hw_handoff/design_1.hwh
Generated Block Design Tcl file C:/Users/Emerson/Documents/fpga/duinocoin_miner_ebaz4205_fpga/project_ebaz_miner.srcs/sources_1/bd/design_1/hw_handoff/design_1_bd.tcl
Generated Hardware Definition File C:/Users/Emerson/Documents/fpga/duinocoin_miner_ebaz4205_fpga/project_ebaz_miner.srcs/sources_1/bd/design_1/synth/design_1.hwdef
[Tue May 12 16:55:34 2026] Launched design_1_top_0_0_synth_1, synth_1...
Run output will be captured here:
design_1_top_0_0_synth_1: C:/Users/Emerson/Documents/fpga/duinocoin_miner_ebaz4205_fpga/project_ebaz_miner.runs/design_1_top_0_0_synth_1/runme.log
synth_1: C:/Users/Emerson/Documents/fpga/duinocoin_miner_ebaz4205_fpga/project_ebaz_miner.runs/synth_1/runme.log
[Tue May 12 16:55:34 2026] Launched impl_1...
Run output will be captured here: C:/Users/Emerson/Documents/fpga/duinocoin_miner_ebaz4205_fpga/project_ebaz_miner.runs/impl_1/runme.log
launch_runs: Time (s): cpu = 00:00:02 ; elapsed = 00:00:08 . Memory (MB): peak = 1760.695 ; gain = 41.211
set_property PROBES.FILE {} [get_hw_devices xc7z010_1]
set_property FULL_PROBES.FILE {} [get_hw_devices xc7z010_1]
set_property PROGRAM.FILE {C:/Users/Emerson/Documents/fpga/duinocoin_miner_ebaz4205_fpga/project_ebaz_miner.runs/impl_1/design_1_wrapper.bit} [get_hw_devices xc7z010_1]
program_hw_devices [get_hw_devices xc7z010_1]
INFO: [Labtools 27-3164] End of startup status: HIGH
program_hw_devices: Time (s): cpu = 00:00:11 ; elapsed = 00:00:12 . Memory (MB): peak = 1764.617 ; gain = 0.000
refresh_hw_device [lindex [get_hw_devices xc7z010_1] 0]
INFO: [Labtools 27-1434] Device xc7z010 (JTAG device index = 1) is programmed with a design that has no supported debug core(s) in it.
WARNING: [Labtools 27-3361] The debug hub core was not detected.
Resolution: 
1. Make sure the clock connected to the debug hub (dbg_hub) core is a free running clock and is active.
2. Make sure the BSCAN_SWITCH_USER_MASK device property in Vivado Hardware Manager reflects the user scan chain setting in the design and refresh the device.  To determine the user scan chain setting in the design, open the implemented design and use 'get_property C_USER_SCAN_CHAIN [get_debug_cores dbg_hub]'.
For more details on setting the scan chain property, consult the Vivado Debug and Programming User Guide (UG908).
update_module_reference design_1_top_0_0
INFO: [IP_Flow 19-1976] HDL Parser: Replacing 'MAX_CORE' by 9 for port or parameter 'nonce'
INFO: [IP_Flow 19-1976] HDL Parser: Replacing 'MAX_CORE' by 9 for port or parameter 'digit9'
INFO: [IP_Flow 19-1976] HDL Parser: Replacing 'MAX_CORE' by 9 for port or parameter 'digit8'
INFO: [IP_Flow 19-1976] HDL Parser: Replacing 'MAX_CORE' by 9 for port or parameter 'digit7'
INFO: [IP_Flow 19-1976] HDL Parser: Replacing 'MAX_CORE' by 9 for port or parameter 'digit6'
INFO: [IP_Flow 19-1976] HDL Parser: Replacing 'MAX_CORE' by 9 for port or parameter 'digit5'
INFO: [IP_Flow 19-1976] HDL Parser: Replacing 'MAX_CORE' by 9 for port or parameter 'digit4'
INFO: [IP_Flow 19-1976] HDL Parser: Replacing 'MAX_CORE' by 9 for port or parameter 'digit3'
INFO: [IP_Flow 19-1976] HDL Parser: Replacing 'MAX_CORE' by 9 for port or parameter 'digit2'
INFO: [IP_Flow 19-1976] HDL Parser: Replacing 'MAX_CORE' by 9 for port or parameter 'digit1'
INFO: [IP_Flow 19-1976] HDL Parser: Replacing 'MAX_CORE' by 9 for port or parameter 'nonce_ascii_len'
INFO: [IP_Flow 19-1976] HDL Parser: Replacing 'MAX_CORE' by 9 for port or parameter 'nonce_ascii'
INFO: [IP_Flow 19-1976] HDL Parser: Replacing 'MAX_CORE' by 9 for port or parameter 'msg_length_bits'
INFO: [IP_Flow 19-1976] HDL Parser: Replacing 'MAX_CORE' by 9 for port or parameter 'MESSAGE_BLOCK'
INFO: [IP_Flow 19-1976] HDL Parser: Replacing 'BUFFER_SIZE' by 80 for port or parameter 'buffer'
INFO: [IP_Flow 19-1976] HDL Parser: Replacing 'MAX_CORE' by 9 for port or parameter 'sha1_digest'
INFO: [IP_Flow 19-1976] HDL Parser: Replacing 'MAX_CORE' by 9 for port or parameter 'sha1_digest_valid'
INFO: [IP_Flow 19-1976] HDL Parser: Replacing 'MAX_CORE' by 9 for port or parameter 'sha1_core_ready'
INFO: [IP_Flow 19-1976] HDL Parser: Replacing 'MAX_CORE' by 9 for port or parameter 'sha1_init'
INFO: [IP_Flow 19-1976] HDL Parser: Replacing 'MAX_CORE' by 9 for port or parameter 'sha1_next'
INFO: [IP_Flow 19-1976] HDL Parser: Replacing 'MAX_CORE' by 9 for port or parameter 'sha1_digest_reg'
INFO: [IP_Flow 19-1976] HDL Parser: Replacing 'MAX_CORE' by 9 for port or parameter 'sha1_digest_valid_reg'
INFO: [IP_Flow 19-1976] HDL Parser: Replacing 'MAX_CORE' by 9 for port or parameter 'digest_valid_array'
INFO: [IP_Flow 19-1976] HDL Parser: Replacing 'MAX_CORE' by 9 for port or parameter 'ready_array'
INFO: [IP_Flow 19-1976] HDL Parser: Replacing 'MAX_CORE' by 9 for port or parameter 'match_array'
INFO: [IP_Flow 19-5107] Inferred bus interface 'rst_n' of definition 'xilinx.com:signal:reset:1.0' (from Xilinx Repository).
INFO: [IP_Flow 19-5107] Inferred bus interface 'clk' of definition 'xilinx.com:signal:clock:1.0' (from Xilinx Repository).
INFO: [IP_Flow 19-4728] Bus Interface 'rst_n': Added interface parameter 'POLARITY' with value 'ACTIVE_LOW'.
WARNING: [IP_Flow 19-3153] Bus Interface 'clk': ASSOCIATED_BUSIF bus parameter is missing.
INFO: [IP_Flow 19-234] Refreshing IP repositories
INFO: [IP_Flow 19-1704] No user IP repositories specified
Upgrading 'C:/Users/Emerson/Documents/fpga/duinocoin_miner_ebaz4205_fpga/project_ebaz_miner.srcs/sources_1/bd/design_1/design_1.bd'
INFO: [IP_Flow 19-1972] Upgraded design_1_top_0_0 from top_v1_0 1.0 to top_v1_0 1.0
Wrote  : <C:/Users/Emerson/Documents/fpga/duinocoin_miner_ebaz4205_fpga/project_ebaz_miner.srcs/sources_1/bd/design_1/design_1.bd> 
validate_bd_design
save_bd_design
Wrote  : <C:/Users/Emerson/Documents/fpga/duinocoin_miner_ebaz4205_fpga/project_ebaz_miner.srcs/sources_1/bd/design_1/design_1.bd> 
reset_run synth_1
launch_runs impl_1 -to_step write_bitstream -jobs 8
INFO: [BD 41-1662] The design 'design_1.bd' is already validated. Therefore parameter propagation will not be re-run.
VHDL Output written to : C:/Users/Emerson/Documents/fpga/duinocoin_miner_ebaz4205_fpga/project_ebaz_miner.srcs/sources_1/bd/design_1/synth/design_1.v
VHDL Output written to : C:/Users/Emerson/Documents/fpga/duinocoin_miner_ebaz4205_fpga/project_ebaz_miner.srcs/sources_1/bd/design_1/sim/design_1.v
VHDL Output written to : C:/Users/Emerson/Documents/fpga/duinocoin_miner_ebaz4205_fpga/project_ebaz_miner.srcs/sources_1/bd/design_1/hdl/design_1_wrapper.v
INFO: [BD 41-1029] Generation completed for the IP Integrator block processing_system7_0 .
INFO: [BD 41-1029] Generation completed for the IP Integrator block top_0 .
Exporting to file C:/Users/Emerson/Documents/fpga/duinocoin_miner_ebaz4205_fpga/project_ebaz_miner.srcs/sources_1/bd/design_1/hw_handoff/design_1.hwh
Generated Block Design Tcl file C:/Users/Emerson/Documents/fpga/duinocoin_miner_ebaz4205_fpga/project_ebaz_miner.srcs/sources_1/bd/design_1/hw_handoff/design_1_bd.tcl
Generated Hardware Definition File C:/Users/Emerson/Documents/fpga/duinocoin_miner_ebaz4205_fpga/project_ebaz_miner.srcs/sources_1/bd/design_1/synth/design_1.hwdef
[Tue May 12 17:07:23 2026] Launched design_1_top_0_0_synth_1, synth_1...
Run output will be captured here:
design_1_top_0_0_synth_1: C:/Users/Emerson/Documents/fpga/duinocoin_miner_ebaz4205_fpga/project_ebaz_miner.runs/design_1_top_0_0_synth_1/runme.log
synth_1: C:/Users/Emerson/Documents/fpga/duinocoin_miner_ebaz4205_fpga/project_ebaz_miner.runs/synth_1/runme.log
[Tue May 12 17:07:23 2026] Launched impl_1...
Run output will be captured here: C:/Users/Emerson/Documents/fpga/duinocoin_miner_ebaz4205_fpga/project_ebaz_miner.runs/impl_1/runme.log
launch_runs: Time (s): cpu = 00:00:02 ; elapsed = 00:00:08 . Memory (MB): peak = 1794.117 ; gain = 29.500
update_module_reference design_1_top_0_0
INFO: [IP_Flow 19-1976] HDL Parser: Replacing 'MAX_CORE' by 8 for port or parameter 'nonce'
INFO: [IP_Flow 19-1976] HDL Parser: Replacing 'MAX_CORE' by 8 for port or parameter 'digit9'
INFO: [IP_Flow 19-1976] HDL Parser: Replacing 'MAX_CORE' by 8 for port or parameter 'digit8'
INFO: [IP_Flow 19-1976] HDL Parser: Replacing 'MAX_CORE' by 8 for port or parameter 'digit7'
INFO: [IP_Flow 19-1976] HDL Parser: Replacing 'MAX_CORE' by 8 for port or parameter 'digit6'
INFO: [IP_Flow 19-1976] HDL Parser: Replacing 'MAX_CORE' by 8 for port or parameter 'digit5'
INFO: [IP_Flow 19-1976] HDL Parser: Replacing 'MAX_CORE' by 8 for port or parameter 'digit4'
INFO: [IP_Flow 19-1976] HDL Parser: Replacing 'MAX_CORE' by 8 for port or parameter 'digit3'
INFO: [IP_Flow 19-1976] HDL Parser: Replacing 'MAX_CORE' by 8 for port or parameter 'digit2'
INFO: [IP_Flow 19-1976] HDL Parser: Replacing 'MAX_CORE' by 8 for port or parameter 'digit1'
INFO: [IP_Flow 19-1976] HDL Parser: Replacing 'MAX_CORE' by 8 for port or parameter 'nonce_ascii_len'
INFO: [IP_Flow 19-1976] HDL Parser: Replacing 'MAX_CORE' by 8 for port or parameter 'nonce_ascii'
INFO: [IP_Flow 19-1976] HDL Parser: Replacing 'MAX_CORE' by 8 for port or parameter 'msg_length_bits'
INFO: [IP_Flow 19-1976] HDL Parser: Replacing 'MAX_CORE' by 8 for port or parameter 'MESSAGE_BLOCK'
INFO: [IP_Flow 19-1976] HDL Parser: Replacing 'BUFFER_SIZE' by 80 for port or parameter 'buffer'
INFO: [IP_Flow 19-1976] HDL Parser: Replacing 'MAX_CORE' by 8 for port or parameter 'sha1_digest'
INFO: [IP_Flow 19-1976] HDL Parser: Replacing 'MAX_CORE' by 8 for port or parameter 'sha1_digest_valid'
INFO: [IP_Flow 19-1976] HDL Parser: Replacing 'MAX_CORE' by 8 for port or parameter 'sha1_core_ready'
INFO: [IP_Flow 19-1976] HDL Parser: Replacing 'MAX_CORE' by 8 for port or parameter 'sha1_init'
INFO: [IP_Flow 19-1976] HDL Parser: Replacing 'MAX_CORE' by 8 for port or parameter 'sha1_next'
INFO: [IP_Flow 19-1976] HDL Parser: Replacing 'MAX_CORE' by 8 for port or parameter 'sha1_digest_reg'
INFO: [IP_Flow 19-1976] HDL Parser: Replacing 'MAX_CORE' by 8 for port or parameter 'sha1_digest_valid_reg'
INFO: [IP_Flow 19-1976] HDL Parser: Replacing 'MAX_CORE' by 8 for port or parameter 'digest_valid_array'
INFO: [IP_Flow 19-1976] HDL Parser: Replacing 'MAX_CORE' by 8 for port or parameter 'ready_array'
INFO: [IP_Flow 19-1976] HDL Parser: Replacing 'MAX_CORE' by 8 for port or parameter 'match_array'
INFO: [IP_Flow 19-5107] Inferred bus interface 'rst_n' of definition 'xilinx.com:signal:reset:1.0' (from Xilinx Repository).
INFO: [IP_Flow 19-5107] Inferred bus interface 'clk' of definition 'xilinx.com:signal:clock:1.0' (from Xilinx Repository).
INFO: [IP_Flow 19-4728] Bus Interface 'rst_n': Added interface parameter 'POLARITY' with value 'ACTIVE_LOW'.
WARNING: [IP_Flow 19-3153] Bus Interface 'clk': ASSOCIATED_BUSIF bus parameter is missing.
INFO: [IP_Flow 19-234] Refreshing IP repositories
INFO: [IP_Flow 19-1704] No user IP repositories specified
Upgrading 'C:/Users/Emerson/Documents/fpga/duinocoin_miner_ebaz4205_fpga/project_ebaz_miner.srcs/sources_1/bd/design_1/design_1.bd'
INFO: [IP_Flow 19-1972] Upgraded design_1_top_0_0 from top_v1_0 1.0 to top_v1_0 1.0
Wrote  : <C:/Users/Emerson/Documents/fpga/duinocoin_miner_ebaz4205_fpga/project_ebaz_miner.srcs/sources_1/bd/design_1/design_1.bd> 
validate_bd_design
validate_bd_design -force
save_bd_design
Wrote  : <C:/Users/Emerson/Documents/fpga/duinocoin_miner_ebaz4205_fpga/project_ebaz_miner.srcs/sources_1/bd/design_1/design_1.bd> 
reset_run synth_1
launch_runs impl_1 -to_step write_bitstream -jobs 8
INFO: [BD 41-1662] The design 'design_1.bd' is already validated. Therefore parameter propagation will not be re-run.
VHDL Output written to : C:/Users/Emerson/Documents/fpga/duinocoin_miner_ebaz4205_fpga/project_ebaz_miner.srcs/sources_1/bd/design_1/synth/design_1.v
VHDL Output written to : C:/Users/Emerson/Documents/fpga/duinocoin_miner_ebaz4205_fpga/project_ebaz_miner.srcs/sources_1/bd/design_1/sim/design_1.v
VHDL Output written to : C:/Users/Emerson/Documents/fpga/duinocoin_miner_ebaz4205_fpga/project_ebaz_miner.srcs/sources_1/bd/design_1/hdl/design_1_wrapper.v
INFO: [BD 41-1029] Generation completed for the IP Integrator block processing_system7_0 .
INFO: [BD 41-1029] Generation completed for the IP Integrator block top_0 .
Exporting to file C:/Users/Emerson/Documents/fpga/duinocoin_miner_ebaz4205_fpga/project_ebaz_miner.srcs/sources_1/bd/design_1/hw_handoff/design_1.hwh
Generated Block Design Tcl file C:/Users/Emerson/Documents/fpga/duinocoin_miner_ebaz4205_fpga/project_ebaz_miner.srcs/sources_1/bd/design_1/hw_handoff/design_1_bd.tcl
Generated Hardware Definition File C:/Users/Emerson/Documents/fpga/duinocoin_miner_ebaz4205_fpga/project_ebaz_miner.srcs/sources_1/bd/design_1/synth/design_1.hwdef
[Tue May 12 17:12:12 2026] Launched design_1_top_0_0_synth_1, synth_1...
Run output will be captured here:
design_1_top_0_0_synth_1: C:/Users/Emerson/Documents/fpga/duinocoin_miner_ebaz4205_fpga/project_ebaz_miner.runs/design_1_top_0_0_synth_1/runme.log
synth_1: C:/Users/Emerson/Documents/fpga/duinocoin_miner_ebaz4205_fpga/project_ebaz_miner.runs/synth_1/runme.log
[Tue May 12 17:12:12 2026] Launched impl_1...
Run output will be captured here: C:/Users/Emerson/Documents/fpga/duinocoin_miner_ebaz4205_fpga/project_ebaz_miner.runs/impl_1/runme.log
launch_runs: Time (s): cpu = 00:00:02 ; elapsed = 00:00:08 . Memory (MB): peak = 1854.113 ; gain = 40.242
set_property PROBES.FILE {} [get_hw_devices xc7z010_1]
set_property FULL_PROBES.FILE {} [get_hw_devices xc7z010_1]
set_property PROGRAM.FILE {C:/Users/Emerson/Documents/fpga/duinocoin_miner_ebaz4205_fpga/project_ebaz_miner.runs/impl_1/design_1_wrapper.bit} [get_hw_devices xc7z010_1]
program_hw_devices [get_hw_devices xc7z010_1]
INFO: [Labtools 27-3164] End of startup status: HIGH
program_hw_devices: Time (s): cpu = 00:00:11 ; elapsed = 00:00:12 . Memory (MB): peak = 1861.777 ; gain = 0.000
refresh_hw_device [lindex [get_hw_devices xc7z010_1] 0]
INFO: [Labtools 27-1434] Device xc7z010 (JTAG device index = 1) is programmed with a design that has no supported debug core(s) in it.
WARNING: [Labtools 27-3361] The debug hub core was not detected.
Resolution: 
1. Make sure the clock connected to the debug hub (dbg_hub) core is a free running clock and is active.
2. Make sure the BSCAN_SWITCH_USER_MASK device property in Vivado Hardware Manager reflects the user scan chain setting in the design and refresh the device.  To determine the user scan chain setting in the design, open the implemented design and use 'get_property C_USER_SCAN_CHAIN [get_debug_cores dbg_hub]'.
For more details on setting the scan chain property, consult the Vivado Debug and Programming User Guide (UG908).
file mkdir C:/Users/Emerson/Documents/fpga/duinocoin_miner_ebaz4205_fpga/project_ebaz_miner.sdk
file copy -force C:/Users/Emerson/Documents/fpga/duinocoin_miner_ebaz4205_fpga/project_ebaz_miner.runs/impl_1/design_1_wrapper.sysdef C:/Users/Emerson/Documents/fpga/duinocoin_miner_ebaz4205_fpga/project_ebaz_miner.sdk/design_1_wrapper.hdf

launch_sdk -workspace C:/Users/Emerson/Documents/fpga/duinocoin_miner_ebaz4205_fpga/project_ebaz_miner.sdk -hwspec C:/Users/Emerson/Documents/fpga/duinocoin_miner_ebaz4205_fpga/project_ebaz_miner.sdk/design_1_wrapper.hdf
INFO: [Vivado 12-393] Launching SDK...
INFO: [Vivado 12-417] Running xsdk -workspace C:/Users/Emerson/Documents/fpga/duinocoin_miner_ebaz4205_fpga/project_ebaz_miner.sdk -hwspec C:/Users/Emerson/Documents/fpga/duinocoin_miner_ebaz4205_fpga/project_ebaz_miner.sdk/design_1_wrapper.hdf
INFO: [Vivado 12-3157] SDK launch initiated. Please check console for any further messages.
