#-----------------------------------------------------------
# Vivado v2018.2 (64-bit)
# SW Build 2258646 on Thu Jun 14 20:03:12 MDT 2018
# IP Build 2256618 on Thu Jun 14 22:10:49 MDT 2018
# Start of session at: Mon May 11 16:01:34 2026
# Process ID: 16788
# Current directory: C:/Users/Emerson/Documents/fpga/project_ebaz_miner
# Command line: vivado.exe -gui_launcher_event rodinguilauncherevent16436 C:\Users\Emerson\Documents\fpga\project_ebaz_miner\project_ebaz_miner.xpr
# Log file: C:/Users/Emerson/Documents/fpga/project_ebaz_miner/vivado.log
# Journal file: C:/Users/Emerson/Documents/fpga/project_ebaz_miner\vivado.jou
#-----------------------------------------------------------
start_gui
open_project C:/Users/Emerson/Documents/fpga/project_ebaz_miner/project_ebaz_miner.xpr
Scanning sources...
Finished scanning sources
WARNING: [filemgmt 56-3] IPUserFilesDir: Could not find the directory 'C:/Users/Emerson/Documents/fpga/project_ebaz_miner/project_ebaz_miner.ip_user_files'.
INFO: [IP_Flow 19-234] Refreshing IP repositories
INFO: [IP_Flow 19-1704] No user IP repositories specified
INFO: [IP_Flow 19-2313] Loaded Vivado IP repository 'C:/Xilinx/Vivado/2018.2/data/ip'.
open_project: Time (s): cpu = 00:00:09 ; elapsed = 00:00:06 . Memory (MB): peak = 928.961 ; gain = 175.805
update_compile_order -fileset sources_1
CRITICAL WARNING: [HDL 9-806] Syntax error near "'". [C:/Users/Emerson/Documents/fpga/project_ebaz_miner/project_ebaz_miner.srcs/sources_1/new/top.v:52]
CRITICAL WARNING: [HDL 9-806] Syntax error near "'". [C:/Users/Emerson/Documents/fpga/project_ebaz_miner/project_ebaz_miner.srcs/sources_1/new/top.v:52]
CRITICAL WARNING: [HDL 9-806] Syntax error near "'". [C:/Users/Emerson/Documents/fpga/project_ebaz_miner/project_ebaz_miner.srcs/sources_1/new/top.v:52]
CRITICAL WARNING: [HDL 9-806] Syntax error near "'". [C:/Users/Emerson/Documents/fpga/project_ebaz_miner/project_ebaz_miner.srcs/sources_1/new/top.v:52]
update_module_reference design_1_top_0_0
INFO: [IP_Flow 19-1976] HDL Parser: Replacing 'BUFFER_SIZE' by 80 for port or parameter 'buffer'
INFO: [IP_Flow 19-5107] Inferred bus interface 'rst_n' of definition 'xilinx.com:signal:reset:1.0' (from Xilinx Repository).
INFO: [IP_Flow 19-5107] Inferred bus interface 'clk' of definition 'xilinx.com:signal:clock:1.0' (from Xilinx Repository).
INFO: [IP_Flow 19-4728] Bus Interface 'rst_n': Added interface parameter 'POLARITY' with value 'ACTIVE_LOW'.
WARNING: [IP_Flow 19-3153] Bus Interface 'clk': ASSOCIATED_BUSIF bus parameter is missing.
INFO: [IP_Flow 19-234] Refreshing IP repositories
INFO: [IP_Flow 19-1704] No user IP repositories specified
Adding cell -- xilinx.com:ip:processing_system7:5.5 - processing_system7_0
Adding cell -- xilinx.com:module_ref:top:1.0 - top_0
Successfully read diagram <design_1> from BD file <C:/Users/Emerson/Documents/fpga/project_ebaz_miner/project_ebaz_miner.srcs/sources_1/bd/design_1/design_1.bd>
Upgrading 'C:/Users/Emerson/Documents/fpga/project_ebaz_miner/project_ebaz_miner.srcs/sources_1/bd/design_1/design_1.bd'
INFO: [IP_Flow 19-1972] Upgraded design_1_top_0_0 from top_v1_0 1.0 to top_v1_0 1.0
Wrote  : <C:/Users/Emerson/Documents/fpga/project_ebaz_miner/project_ebaz_miner.srcs/sources_1/bd/design_1/design_1.bd> 
upgrade_ip: Time (s): cpu = 00:00:07 ; elapsed = 00:00:05 . Memory (MB): peak = 1071.508 ; gain = 99.324
update_module_reference: Time (s): cpu = 00:00:07 ; elapsed = 00:00:05 . Memory (MB): peak = 1071.508 ; gain = 99.324
validate_bd_design
save_bd_design
Wrote  : <C:/Users/Emerson/Documents/fpga/project_ebaz_miner/project_ebaz_miner.srcs/sources_1/bd/design_1/design_1.bd> 
open_hw
connect_hw_server
INFO: [Labtools 27-2285] Connecting to hw_server url TCP:localhost:3121
INFO: [Labtools 27-2222] Launching hw_server...
INFO: [Labtools 27-2221] Launch Output:

****** Xilinx hw_server v2018.2
  **** Build date : Jun 14 2018-20:42:52
    ** Copyright 1986-2018 Xilinx, Inc. All Rights Reserved.


open_hw_target -xvc_url localhost:2542
INFO: [Labtools 27-2285] Connecting to hw_server url TCP:localhost:3121
INFO: [Labtoolstcl 44-466] Opening hw_target localhost:3121/xilinx_tcf/Xilinx/localhost:2542
reset_run synth_1
WARNING: [Vivado 12-1017] Problems encountered:
1. Failed to delete one or more files in run directory C:/Users/Emerson/Documents/fpga/project_ebaz_miner/project_ebaz_miner.runs/synth_1

launch_runs impl_1 -to_step write_bitstream -jobs 8
INFO: [BD 41-1662] The design 'design_1.bd' is already validated. Therefore parameter propagation will not be re-run.
VHDL Output written to : C:/Users/Emerson/Documents/fpga/project_ebaz_miner/project_ebaz_miner.srcs/sources_1/bd/design_1/synth/design_1.v
VHDL Output written to : C:/Users/Emerson/Documents/fpga/project_ebaz_miner/project_ebaz_miner.srcs/sources_1/bd/design_1/sim/design_1.v
VHDL Output written to : C:/Users/Emerson/Documents/fpga/project_ebaz_miner/project_ebaz_miner.srcs/sources_1/bd/design_1/hdl/design_1_wrapper.v
INFO: [BD 41-1029] Generation completed for the IP Integrator block processing_system7_0 .
INFO: [BD 41-1029] Generation completed for the IP Integrator block top_0 .
Exporting to file C:/Users/Emerson/Documents/fpga/project_ebaz_miner/project_ebaz_miner.srcs/sources_1/bd/design_1/hw_handoff/design_1.hwh
Generated Block Design Tcl file C:/Users/Emerson/Documents/fpga/project_ebaz_miner/project_ebaz_miner.srcs/sources_1/bd/design_1/hw_handoff/design_1_bd.tcl
Generated Hardware Definition File C:/Users/Emerson/Documents/fpga/project_ebaz_miner/project_ebaz_miner.srcs/sources_1/bd/design_1/synth/design_1.hwdef
[Mon May 11 16:04:51 2026] Launched design_1_top_0_0_synth_1, synth_1...
Run output will be captured here:
design_1_top_0_0_synth_1: C:/Users/Emerson/Documents/fpga/project_ebaz_miner/project_ebaz_miner.runs/design_1_top_0_0_synth_1/runme.log
synth_1: C:/Users/Emerson/Documents/fpga/project_ebaz_miner/project_ebaz_miner.runs/synth_1/runme.log
[Mon May 11 16:04:52 2026] Launched impl_1...
Run output will be captured here: C:/Users/Emerson/Documents/fpga/project_ebaz_miner/project_ebaz_miner.runs/impl_1/runme.log
launch_runs: Time (s): cpu = 00:00:01 ; elapsed = 00:00:08 . Memory (MB): peak = 1853.742 ; gain = 109.363
