
*** Running vivado
    with args -log design_1_wrapper.vdi -applog -m64 -product Vivado -messageDb vivado.pb -mode batch -source design_1_wrapper.tcl -notrace


****** Vivado v2018.2 (64-bit)
  **** SW Build 2258646 on Thu Jun 14 20:03:12 MDT 2018
  **** IP Build 2256618 on Thu Jun 14 22:10:49 MDT 2018
    ** Copyright 1986-2018 Xilinx, Inc. All Rights Reserved.

source design_1_wrapper.tcl -notrace
INFO: [IP_Flow 19-234] Refreshing IP repositories
INFO: [IP_Flow 19-1704] No user IP repositories specified
INFO: [IP_Flow 19-2313] Loaded Vivado IP repository 'C:/Xilinx/Vivado/2018.2/data/ip'.
add_files: Time (s): cpu = 00:00:04 ; elapsed = 00:00:05 . Memory (MB): peak = 314.832 ; gain = 43.242
Command: link_design -top design_1_wrapper -part xc7z010clg400-1
Design is defaulting to srcset: sources_1
Design is defaulting to constrset: constrs_1
INFO: [Project 1-454] Reading design checkpoint 'c:/Users/Emerson/Documents/fpga/project_ebaz_miner/project_ebaz_miner.srcs/sources_1/bd/design_1/ip/design_1_processing_system7_0_0/design_1_processing_system7_0_0.dcp' for cell 'design_1_i/processing_system7_0'
INFO: [Project 1-454] Reading design checkpoint 'c:/Users/Emerson/Documents/fpga/project_ebaz_miner/project_ebaz_miner.srcs/sources_1/bd/design_1/ip/design_1_top_0_0/design_1_top_0_0.dcp' for cell 'design_1_i/top_0'
INFO: [Netlist 29-17] Analyzing 2195 Unisim elements for replacement
INFO: [Netlist 29-28] Unisim Transformation completed in 0 CPU seconds
INFO: [Project 1-479] Netlist was created with Vivado 2018.2
INFO: [Device 21-403] Loading part xc7z010clg400-1
INFO: [Project 1-570] Preparing netlist for logic optimization
Parsing XDC File [c:/Users/Emerson/Documents/fpga/project_ebaz_miner/project_ebaz_miner.srcs/sources_1/bd/design_1/ip/design_1_processing_system7_0_0/design_1_processing_system7_0_0.xdc] for cell 'design_1_i/processing_system7_0/inst'
Finished Parsing XDC File [c:/Users/Emerson/Documents/fpga/project_ebaz_miner/project_ebaz_miner.srcs/sources_1/bd/design_1/ip/design_1_processing_system7_0_0/design_1_processing_system7_0_0.xdc] for cell 'design_1_i/processing_system7_0/inst'
Parsing XDC File [C:/Users/Emerson/Documents/fpga/project_ebaz_miner/project_ebaz_miner.srcs/constrs_1/new/constr.xdc]
Finished Parsing XDC File [C:/Users/Emerson/Documents/fpga/project_ebaz_miner/project_ebaz_miner.srcs/constrs_1/new/constr.xdc]
INFO: [Opt 31-138] Pushed 0 inverter(s) to 0 load pin(s).
INFO: [Project 1-111] Unisim Transformation Summary:
No Unisim elements were transformed.

12 Infos, 0 Warnings, 0 Critical Warnings and 0 Errors encountered.
link_design completed successfully
link_design: Time (s): cpu = 00:00:21 ; elapsed = 00:00:29 . Memory (MB): peak = 706.828 ; gain = 391.996
Command: opt_design
Attempting to get a license for feature 'Implementation' and/or device 'xc7z010'
INFO: [Common 17-349] Got license for feature 'Implementation' and/or device 'xc7z010'
Running DRC as a precondition to command opt_design

Starting DRC Task
INFO: [DRC 23-27] Running DRC with 2 threads
INFO: [Project 1-461] DRC finished with 0 Errors
INFO: [Project 1-462] Please refer to the DRC report (report_drc) for more information.

Time (s): cpu = 00:00:02 ; elapsed = 00:00:01 . Memory (MB): peak = 716.473 ; gain = 9.645

Starting Cache Timing Information Task
INFO: [Timing 38-35] Done setting XDC timing constraints.
Ending Cache Timing Information Task | Checksum: c20236d8

Time (s): cpu = 00:00:19 ; elapsed = 00:00:21 . Memory (MB): peak = 1257.719 ; gain = 540.930

Starting Logic Optimization Task

Phase 1 Retarget
INFO: [Opt 31-138] Pushed 0 inverter(s) to 0 load pin(s).
INFO: [Opt 31-49] Retargeted 0 cell(s).
Phase 1 Retarget | Checksum: 1d59048a1

Time (s): cpu = 00:00:05 ; elapsed = 00:00:04 . Memory (MB): peak = 1257.719 ; gain = 0.000
INFO: [Opt 31-389] Phase Retarget created 0 cells and removed 0 cells

Phase 2 Constant propagation
INFO: [Opt 31-138] Pushed 0 inverter(s) to 0 load pin(s).
Phase 2 Constant propagation | Checksum: 1bf5b75f3

Time (s): cpu = 00:00:06 ; elapsed = 00:00:05 . Memory (MB): peak = 1257.719 ; gain = 0.000
INFO: [Opt 31-389] Phase Constant propagation created 14 cells and removed 46 cells

Phase 3 Sweep
Phase 3 Sweep | Checksum: 19debb766

Time (s): cpu = 00:00:07 ; elapsed = 00:00:06 . Memory (MB): peak = 1257.719 ; gain = 0.000
INFO: [Opt 31-389] Phase Sweep created 0 cells and removed 96 cells

Phase 4 BUFG optimization
Phase 4 BUFG optimization | Checksum: 19debb766

Time (s): cpu = 00:00:08 ; elapsed = 00:00:07 . Memory (MB): peak = 1257.719 ; gain = 0.000
INFO: [Opt 31-662] Phase BUFG optimization created 0 cells of which 0 are BUFGs and removed 0 cells.

Phase 5 Shift Register Optimization
Phase 5 Shift Register Optimization | Checksum: fde2f5ff

Time (s): cpu = 00:00:10 ; elapsed = 00:00:09 . Memory (MB): peak = 1257.719 ; gain = 0.000
INFO: [Opt 31-389] Phase Shift Register Optimization created 0 cells and removed 0 cells

Phase 6 Post Processing Netlist
Phase 6 Post Processing Netlist | Checksum: fde2f5ff

Time (s): cpu = 00:00:10 ; elapsed = 00:00:09 . Memory (MB): peak = 1257.719 ; gain = 0.000
INFO: [Opt 31-389] Phase Post Processing Netlist created 0 cells and removed 0 cells

Starting Connectivity Check Task

Time (s): cpu = 00:00:00 ; elapsed = 00:00:00.089 . Memory (MB): peak = 1257.719 ; gain = 0.000
Ending Logic Optimization Task | Checksum: fde2f5ff

Time (s): cpu = 00:00:11 ; elapsed = 00:00:09 . Memory (MB): peak = 1257.719 ; gain = 0.000

Starting Power Optimization Task
INFO: [Pwropt 34-132] Skipping clock gating for clocks with a period < 2.00 ns.
Ending Power Optimization Task | Checksum: fde2f5ff

Time (s): cpu = 00:00:00 ; elapsed = 00:00:00.070 . Memory (MB): peak = 1257.719 ; gain = 0.000

Starting Final Cleanup Task
Ending Final Cleanup Task | Checksum: fde2f5ff

Time (s): cpu = 00:00:00 ; elapsed = 00:00:00 . Memory (MB): peak = 1257.719 ; gain = 0.000
INFO: [Common 17-83] Releasing license: Implementation
28 Infos, 0 Warnings, 0 Critical Warnings and 0 Errors encountered.
opt_design completed successfully
opt_design: Time (s): cpu = 00:00:32 ; elapsed = 00:00:33 . Memory (MB): peak = 1257.719 ; gain = 550.891
INFO: [Timing 38-480] Writing timing data to binary archive.
Writing placer database...
Writing XDEF routing.
Writing XDEF routing logical nets.
Writing XDEF routing special nets.
Write XDEF Complete: Time (s): cpu = 00:00:01 ; elapsed = 00:00:00.117 . Memory (MB): peak = 1257.719 ; gain = 0.000
INFO: [Common 17-1381] The checkpoint 'C:/Users/Emerson/Documents/fpga/project_ebaz_miner/project_ebaz_miner.runs/impl_1/design_1_wrapper_opt.dcp' has been generated.
write_checkpoint: Time (s): cpu = 00:00:07 ; elapsed = 00:00:06 . Memory (MB): peak = 1257.719 ; gain = 0.000
INFO: [runtcl-4] Executing : report_drc -file design_1_wrapper_drc_opted.rpt -pb design_1_wrapper_drc_opted.pb -rpx design_1_wrapper_drc_opted.rpx
Command: report_drc -file design_1_wrapper_drc_opted.rpt -pb design_1_wrapper_drc_opted.pb -rpx design_1_wrapper_drc_opted.rpx
INFO: [DRC 23-27] Running DRC with 2 threads
INFO: [Coretcl 2-168] The results of DRC are in file C:/Users/Emerson/Documents/fpga/project_ebaz_miner/project_ebaz_miner.runs/impl_1/design_1_wrapper_drc_opted.rpt.
report_drc completed successfully
Command: place_design
Attempting to get a license for feature 'Implementation' and/or device 'xc7z010'
INFO: [Common 17-349] Got license for feature 'Implementation' and/or device 'xc7z010'
INFO: [DRC 23-27] Running DRC with 2 threads
INFO: [Vivado_Tcl 4-198] DRC finished with 0 Errors
INFO: [Vivado_Tcl 4-199] Please refer to the DRC report (report_drc) for more information.
Running DRC as a precondition to command place_design
INFO: [DRC 23-27] Running DRC with 2 threads
INFO: [Vivado_Tcl 4-198] DRC finished with 0 Errors
INFO: [Vivado_Tcl 4-199] Please refer to the DRC report (report_drc) for more information.

Starting Placer Task
INFO: [Place 30-611] Multithreading enabled for place_design using a maximum of 2 CPUs

Phase 1 Placer Initialization

Phase 1.1 Placer Initialization Netlist Sorting
Netlist sorting complete. Time (s): cpu = 00:00:00 ; elapsed = 00:00:00.043 . Memory (MB): peak = 1257.719 ; gain = 0.000
Phase 1.1 Placer Initialization Netlist Sorting | Checksum: ee1f0db8

Time (s): cpu = 00:00:00 ; elapsed = 00:00:00.059 . Memory (MB): peak = 1257.719 ; gain = 0.000
Netlist sorting complete. Time (s): cpu = 00:00:00 ; elapsed = 00:00:00.061 . Memory (MB): peak = 1257.719 ; gain = 0.000

Phase 1.2 IO Placement/ Clock Placement/ Build Placer Device
INFO: [Timing 38-35] Done setting XDC timing constraints.
Phase 1.2 IO Placement/ Clock Placement/ Build Placer Device | Checksum: 9f6d4333

Time (s): cpu = 00:00:09 ; elapsed = 00:00:07 . Memory (MB): peak = 1261.699 ; gain = 3.980

Phase 1.3 Build Placer Netlist Model
Phase 1.3 Build Placer Netlist Model | Checksum: 103029ecf

Time (s): cpu = 00:00:19 ; elapsed = 00:00:15 . Memory (MB): peak = 1389.574 ; gain = 131.855

Phase 1.4 Constrain Clocks/Macros
Phase 1.4 Constrain Clocks/Macros | Checksum: 103029ecf

Time (s): cpu = 00:00:19 ; elapsed = 00:00:15 . Memory (MB): peak = 1389.574 ; gain = 131.855
Phase 1 Placer Initialization | Checksum: 103029ecf

Time (s): cpu = 00:00:19 ; elapsed = 00:00:15 . Memory (MB): peak = 1389.574 ; gain = 131.855

Phase 2 Global Placement

Phase 2.1 Floorplanning
Phase 2.1 Floorplanning | Checksum: 17f85be70

Time (s): cpu = 00:00:23 ; elapsed = 00:00:18 . Memory (MB): peak = 1389.574 ; gain = 131.855

Phase 2.2 Physical Synthesis In Placer
INFO: [Physopt 32-65] No nets found for high-fanout optimization.
INFO: [Physopt 32-232] Optimized 0 net. Created 0 new instance.
INFO: [Physopt 32-775] End 1 Pass. Optimized 0 net or cell. Created 0 new cell, deleted 0 existing cell and moved 0 existing cell
Netlist sorting complete. Time (s): cpu = 00:00:00 ; elapsed = 00:00:00.063 . Memory (MB): peak = 1389.574 ; gain = 0.000

Summary of Physical Synthesis Optimizations
============================================


-----------------------------------------------------------------------------------------------------------------------------
|  Optimization       |  Added Cells  |  Removed Cells  |  Optimized Cells/Nets  |  Dont Touch  |  Iterations  |  Elapsed   |
-----------------------------------------------------------------------------------------------------------------------------
|  Very High Fanout   |            0  |              0  |                     0  |           0  |           1  |  00:00:00  |
|  Total              |            0  |              0  |                     0  |           0  |           1  |  00:00:00  |
-----------------------------------------------------------------------------------------------------------------------------


Phase 2.2 Physical Synthesis In Placer | Checksum: 2097cb1fd

Time (s): cpu = 00:01:11 ; elapsed = 00:00:52 . Memory (MB): peak = 1389.574 ; gain = 131.855
Phase 2 Global Placement | Checksum: 1b4fa6e2d

Time (s): cpu = 00:01:13 ; elapsed = 00:00:53 . Memory (MB): peak = 1389.574 ; gain = 131.855

Phase 3 Detail Placement

Phase 3.1 Commit Multi Column Macros
Phase 3.1 Commit Multi Column Macros | Checksum: 1b4fa6e2d

Time (s): cpu = 00:01:13 ; elapsed = 00:00:53 . Memory (MB): peak = 1389.574 ; gain = 131.855

Phase 3.2 Commit Most Macros & LUTRAMs
Phase 3.2 Commit Most Macros & LUTRAMs | Checksum: 189bd1a2e

Time (s): cpu = 00:01:21 ; elapsed = 00:00:59 . Memory (MB): peak = 1389.574 ; gain = 131.855

Phase 3.3 Area Swap Optimization
Phase 3.3 Area Swap Optimization | Checksum: 14fdd9855

Time (s): cpu = 00:01:21 ; elapsed = 00:01:00 . Memory (MB): peak = 1389.574 ; gain = 131.855

Phase 3.4 Pipeline Register Optimization
Phase 3.4 Pipeline Register Optimization | Checksum: 14fdd9855

Time (s): cpu = 00:01:22 ; elapsed = 00:01:00 . Memory (MB): peak = 1389.574 ; gain = 131.855

Phase 3.5 Timing Path Optimizer
Phase 3.5 Timing Path Optimizer | Checksum: 14fdd9855

Time (s): cpu = 00:01:22 ; elapsed = 00:01:00 . Memory (MB): peak = 1389.574 ; gain = 131.855

Phase 3.6 Fast Optimization
Phase 3.6 Fast Optimization | Checksum: 1e0149b84

Time (s): cpu = 00:01:26 ; elapsed = 00:01:08 . Memory (MB): peak = 1389.574 ; gain = 131.855

Phase 3.7 Small Shape Detail Placement
Phase 3.7 Small Shape Detail Placement | Checksum: 1008c2035

Time (s): cpu = 00:01:38 ; elapsed = 00:01:20 . Memory (MB): peak = 1389.574 ; gain = 131.855

Phase 3.8 Re-assign LUT pins
Phase 3.8 Re-assign LUT pins | Checksum: 122c12482

Time (s): cpu = 00:01:41 ; elapsed = 00:01:24 . Memory (MB): peak = 1389.574 ; gain = 131.855

Phase 3.9 Pipeline Register Optimization
Phase 3.9 Pipeline Register Optimization | Checksum: 122c12482

Time (s): cpu = 00:01:41 ; elapsed = 00:01:24 . Memory (MB): peak = 1389.574 ; gain = 131.855

Phase 3.10 Fast Optimization
Phase 3.10 Fast Optimization | Checksum: 1fd3e7933

Time (s): cpu = 00:01:56 ; elapsed = 00:01:39 . Memory (MB): peak = 1389.574 ; gain = 131.855
Phase 3 Detail Placement | Checksum: 1fd3e7933

Time (s): cpu = 00:01:56 ; elapsed = 00:01:39 . Memory (MB): peak = 1389.574 ; gain = 131.855

Phase 4 Post Placement Optimization and Clean-Up

Phase 4.1 Post Commit Optimization
INFO: [Timing 38-35] Done setting XDC timing constraints.

Phase 4.1.1 Post Placement Optimization
Post Placement Optimization Initialization | Checksum: 10d6357e1

Phase 4.1.1.1 BUFG Insertion
INFO: [Place 46-33] Processed net design_1_i/top_0/inst/sha1_inst_4/w_mem_inst/w_mem_reg[1][0]_0, BUFG insertion was skipped due to placement/routing conflicts.
INFO: [Place 46-33] Processed net design_1_i/top_0/inst/sha1_inst_6/E[0], BUFG insertion was skipped due to placement/routing conflicts.
INFO: [Place 46-31] BUFG insertion identified 2 candidate nets, 0 success, 2 skipped for placement/routing, 0 skipped for timing, 0 skipped for netlist change reason.
Phase 4.1.1.1 BUFG Insertion | Checksum: 10d6357e1

Time (s): cpu = 00:02:01 ; elapsed = 00:01:43 . Memory (MB): peak = 1407.168 ; gain = 149.449
INFO: [Place 30-746] Post Placement Timing Summary WNS=-58.889. For the most accurate timing information please run report_timing.
Phase 4.1.1 Post Placement Optimization | Checksum: 110d1921a

Time (s): cpu = 00:02:15 ; elapsed = 00:01:59 . Memory (MB): peak = 1407.168 ; gain = 149.449
Phase 4.1 Post Commit Optimization | Checksum: 110d1921a

Time (s): cpu = 00:02:16 ; elapsed = 00:01:59 . Memory (MB): peak = 1407.168 ; gain = 149.449

Phase 4.2 Post Placement Cleanup
Phase 4.2 Post Placement Cleanup | Checksum: 110d1921a

Time (s): cpu = 00:02:16 ; elapsed = 00:01:59 . Memory (MB): peak = 1407.168 ; gain = 149.449

Phase 4.3 Placer Reporting
Phase 4.3 Placer Reporting | Checksum: 110d1921a

Time (s): cpu = 00:02:16 ; elapsed = 00:01:59 . Memory (MB): peak = 1407.168 ; gain = 149.449

Phase 4.4 Final Placement Cleanup
Phase 4.4 Final Placement Cleanup | Checksum: 1b0ff523a

Time (s): cpu = 00:02:16 ; elapsed = 00:01:59 . Memory (MB): peak = 1407.168 ; gain = 149.449
Phase 4 Post Placement Optimization and Clean-Up | Checksum: 1b0ff523a

Time (s): cpu = 00:02:16 ; elapsed = 00:02:00 . Memory (MB): peak = 1407.168 ; gain = 149.449
Ending Placer Task | Checksum: 17fa65cf2

Time (s): cpu = 00:02:16 ; elapsed = 00:02:00 . Memory (MB): peak = 1407.168 ; gain = 149.449
INFO: [Common 17-83] Releasing license: Implementation
51 Infos, 0 Warnings, 0 Critical Warnings and 0 Errors encountered.
place_design completed successfully
place_design: Time (s): cpu = 00:02:21 ; elapsed = 00:02:04 . Memory (MB): peak = 1407.168 ; gain = 149.449
INFO: [Timing 38-480] Writing timing data to binary archive.
Writing placer database...
Writing XDEF routing.
Writing XDEF routing logical nets.
Writing XDEF routing special nets.
Write XDEF Complete: Time (s): cpu = 00:00:04 ; elapsed = 00:00:01 . Memory (MB): peak = 1411.094 ; gain = 3.926
INFO: [Common 17-1381] The checkpoint 'C:/Users/Emerson/Documents/fpga/project_ebaz_miner/project_ebaz_miner.runs/impl_1/design_1_wrapper_placed.dcp' has been generated.
INFO: [runtcl-4] Executing : report_io -file design_1_wrapper_io_placed.rpt
report_io: Time (s): cpu = 00:00:00 ; elapsed = 00:00:00.045 . Memory (MB): peak = 1411.094 ; gain = 0.000
INFO: [runtcl-4] Executing : report_utilization -file design_1_wrapper_utilization_placed.rpt -pb design_1_wrapper_utilization_placed.pb
report_utilization: Time (s): cpu = 00:00:00 ; elapsed = 00:00:00.171 . Memory (MB): peak = 1411.094 ; gain = 0.000
INFO: [runtcl-4] Executing : report_control_sets -verbose -file design_1_wrapper_control_sets_placed.rpt
report_control_sets: Time (s): cpu = 00:00:00 ; elapsed = 00:00:00.062 . Memory (MB): peak = 1411.094 ; gain = 0.000
Command: route_design
Attempting to get a license for feature 'Implementation' and/or device 'xc7z010'
INFO: [Common 17-349] Got license for feature 'Implementation' and/or device 'xc7z010'
Running DRC as a precondition to command route_design
INFO: [DRC 23-27] Running DRC with 2 threads
INFO: [Vivado_Tcl 4-198] DRC finished with 0 Errors
INFO: [Vivado_Tcl 4-199] Please refer to the DRC report (report_drc) for more information.


Starting Routing Task
INFO: [Route 35-254] Multithreading enabled for route_design using a maximum of 2 CPUs
Checksum: PlaceDB: c227e788 ConstDB: 0 ShapeSum: bd7e756a RouteDB: 0

Phase 1 Build RT Design
Phase 1 Build RT Design | Checksum: 11ed9d24a

Time (s): cpu = 00:00:10 ; elapsed = 00:00:08 . Memory (MB): peak = 1450.637 ; gain = 37.422
Post Restoration Checksum: NetGraph: c38e5edb NumContArr: 5b4b736f Constraints: 0 Timing: 0

Phase 2 Router Initialization

Phase 2.1 Create Timer
Phase 2.1 Create Timer | Checksum: 11ed9d24a

Time (s): cpu = 00:00:11 ; elapsed = 00:00:09 . Memory (MB): peak = 1450.637 ; gain = 37.422

Phase 2.2 Fix Topology Constraints
Phase 2.2 Fix Topology Constraints | Checksum: 11ed9d24a

Time (s): cpu = 00:00:11 ; elapsed = 00:00:09 . Memory (MB): peak = 1456.168 ; gain = 42.953

Phase 2.3 Pre Route Cleanup
Phase 2.3 Pre Route Cleanup | Checksum: 11ed9d24a

Time (s): cpu = 00:00:11 ; elapsed = 00:00:09 . Memory (MB): peak = 1456.168 ; gain = 42.953
 Number of Nodes with overlaps = 0

Phase 2.4 Update Timing
Phase 2.4 Update Timing | Checksum: 1777b5a73

Time (s): cpu = 00:00:17 ; elapsed = 00:00:13 . Memory (MB): peak = 1482.812 ; gain = 69.598
INFO: [Route 35-416] Intermediate Timing Summary | WNS=-57.578| TNS=-29383.402| WHS=-0.146 | THS=-103.122|

Phase 2 Router Initialization | Checksum: 169858c70

Time (s): cpu = 00:00:20 ; elapsed = 00:00:14 . Memory (MB): peak = 1540.969 ; gain = 127.754

Phase 3 Initial Routing
Phase 3 Initial Routing | Checksum: 162bc3f97

Time (s): cpu = 00:00:24 ; elapsed = 00:00:17 . Memory (MB): peak = 1547.512 ; gain = 134.297

Phase 4 Rip-up And Reroute

Phase 4.1 Global Iteration 0
 Number of Nodes with overlaps = 7465
 Number of Nodes with overlaps = 3368
 Number of Nodes with overlaps = 1805
 Number of Nodes with overlaps = 562
 Number of Nodes with overlaps = 208
 Number of Nodes with overlaps = 73
 Number of Nodes with overlaps = 41
 Number of Nodes with overlaps = 5
 Number of Nodes with overlaps = 7
 Number of Nodes with overlaps = 28
 Number of Nodes with overlaps = 2
 Number of Nodes with overlaps = 0
INFO: [Route 35-416] Intermediate Timing Summary | WNS=-62.166| TNS=-31704.748| WHS=N/A    | THS=N/A    |

Phase 4.1 Global Iteration 0 | Checksum: 1972aa9ba

Time (s): cpu = 00:01:41 ; elapsed = 00:01:01 . Memory (MB): peak = 1547.512 ; gain = 134.297

Phase 4.2 Global Iteration 1
 Number of Nodes with overlaps = 2745
 Number of Nodes with overlaps = 1488
 Number of Nodes with overlaps = 606
 Number of Nodes with overlaps = 441
 Number of Nodes with overlaps = 196
 Number of Nodes with overlaps = 83
 Number of Nodes with overlaps = 42
 Number of Nodes with overlaps = 20
 Number of Nodes with overlaps = 8
 Number of Nodes with overlaps = 7
 Number of Nodes with overlaps = 4
 Number of Nodes with overlaps = 2
 Number of Nodes with overlaps = 1
 Number of Nodes with overlaps = 0
INFO: [Route 35-416] Intermediate Timing Summary | WNS=-62.728| TNS=-31637.734| WHS=N/A    | THS=N/A    |

Phase 4.2 Global Iteration 1 | Checksum: fa5db145

Time (s): cpu = 00:03:14 ; elapsed = 00:01:55 . Memory (MB): peak = 1547.512 ; gain = 134.297
Phase 4 Rip-up And Reroute | Checksum: fa5db145

Time (s): cpu = 00:03:14 ; elapsed = 00:01:55 . Memory (MB): peak = 1547.512 ; gain = 134.297

Phase 5 Delay and Skew Optimization

Phase 5.1 Delay CleanUp

Phase 5.1.1 Update Timing
Phase 5.1.1 Update Timing | Checksum: 101466543

Time (s): cpu = 00:03:16 ; elapsed = 00:01:57 . Memory (MB): peak = 1547.512 ; gain = 134.297
INFO: [Route 35-416] Intermediate Timing Summary | WNS=-62.051| TNS=-31688.225| WHS=N/A    | THS=N/A    |

 Number of Nodes with overlaps = 0
Phase 5.1 Delay CleanUp | Checksum: 16f487b91

Time (s): cpu = 00:03:19 ; elapsed = 00:01:58 . Memory (MB): peak = 1547.512 ; gain = 134.297

Phase 5.2 Clock Skew Optimization
Phase 5.2 Clock Skew Optimization | Checksum: 16f487b91

Time (s): cpu = 00:03:19 ; elapsed = 00:01:58 . Memory (MB): peak = 1547.512 ; gain = 134.297
Phase 5 Delay and Skew Optimization | Checksum: 16f487b91

Time (s): cpu = 00:03:19 ; elapsed = 00:01:58 . Memory (MB): peak = 1547.512 ; gain = 134.297

Phase 6 Post Hold Fix

Phase 6.1 Hold Fix Iter

Phase 6.1.1 Update Timing
Phase 6.1.1 Update Timing | Checksum: 16bfa05bc

Time (s): cpu = 00:03:21 ; elapsed = 00:02:00 . Memory (MB): peak = 1547.512 ; gain = 134.297
INFO: [Route 35-416] Intermediate Timing Summary | WNS=-62.014| TNS=-31634.463| WHS=-0.016 | THS=-0.016 |

Phase 6.1 Hold Fix Iter | Checksum: 118402bfe

Time (s): cpu = 00:03:22 ; elapsed = 00:02:00 . Memory (MB): peak = 1547.512 ; gain = 134.297
Phase 6 Post Hold Fix | Checksum: 1e2b22b2d

Time (s): cpu = 00:03:22 ; elapsed = 00:02:00 . Memory (MB): peak = 1547.512 ; gain = 134.297

Phase 7 Route finalize

Router Utilization Summary
  Global Vertical Routing Utilization    = 18.9796 %
  Global Horizontal Routing Utilization  = 19.1206 %
  Routable Net Status*
  *Does not include unroutable nets such as driverless and loadless.
  Run report_route_status for detailed report.
  Number of Failed Nets               = 0
  Number of Unrouted Nets             = 0
  Number of Partially Routed Nets     = 0
  Number of Node Overlaps             = 0

Congestion Report
North Dir 1x1 Area, Max Cong = 74.7748%, No Congested Regions.
South Dir 1x1 Area, Max Cong = 70.2703%, No Congested Regions.
East Dir 1x1 Area, Max Cong = 69.1176%, No Congested Regions.
West Dir 1x1 Area, Max Cong = 66.1765%, No Congested Regions.

------------------------------
Reporting congestion hotspots
------------------------------
Direction: North
----------------
Congested clusters found at Level 0
Effective congestion level: 0 Aspect Ratio: 1 Sparse Ratio: 0
Direction: South
----------------
Congested clusters found at Level 0
Effective congestion level: 0 Aspect Ratio: 1 Sparse Ratio: 0
Direction: East
----------------
Congested clusters found at Level 0
Effective congestion level: 0 Aspect Ratio: 1 Sparse Ratio: 0
Direction: West
----------------
Congested clusters found at Level 0
Effective congestion level: 0 Aspect Ratio: 1 Sparse Ratio: 0

Phase 7 Route finalize | Checksum: 1c6bbdb67

Time (s): cpu = 00:03:22 ; elapsed = 00:02:00 . Memory (MB): peak = 1547.512 ; gain = 134.297

Phase 8 Verifying routed nets

 Verification completed successfully
Phase 8 Verifying routed nets | Checksum: 1c6bbdb67

Time (s): cpu = 00:03:22 ; elapsed = 00:02:01 . Memory (MB): peak = 1547.512 ; gain = 134.297

Phase 9 Depositing Routes
Phase 9 Depositing Routes | Checksum: 137c7ce46

Time (s): cpu = 00:03:26 ; elapsed = 00:02:05 . Memory (MB): peak = 1547.512 ; gain = 134.297

Phase 10 Post Router Timing

Phase 10.1 Update Timing
Phase 10.1 Update Timing | Checksum: 1377d1a98

Time (s): cpu = 00:03:28 ; elapsed = 00:02:07 . Memory (MB): peak = 1547.512 ; gain = 134.297
INFO: [Route 35-57] Estimated Timing Summary | WNS=-62.014| TNS=-31634.463| WHS=0.055  | THS=0.000  |

WARNING: [Route 35-328] Router estimated timing not met.
Resolution: For a complete and accurate timing signoff, report_timing_summary must be run after route_design. Alternatively, route_design can be run with the -timing_summary option to enable a complete timing signoff at the end of route_design.
Phase 10 Post Router Timing | Checksum: 1377d1a98

Time (s): cpu = 00:03:28 ; elapsed = 00:02:07 . Memory (MB): peak = 1547.512 ; gain = 134.297
INFO: [Route 35-16] Router Completed Successfully

Time (s): cpu = 00:03:29 ; elapsed = 00:02:07 . Memory (MB): peak = 1547.512 ; gain = 134.297

Routing Is Done.
INFO: [Common 17-83] Releasing license: Implementation
69 Infos, 1 Warnings, 0 Critical Warnings and 0 Errors encountered.
route_design completed successfully
route_design: Time (s): cpu = 00:03:32 ; elapsed = 00:02:09 . Memory (MB): peak = 1547.512 ; gain = 136.418
INFO: [Timing 38-480] Writing timing data to binary archive.
Writing placer database...
Writing XDEF routing.
Writing XDEF routing logical nets.
Writing XDEF routing special nets.
Write XDEF Complete: Time (s): cpu = 00:00:08 ; elapsed = 00:00:03 . Memory (MB): peak = 1547.512 ; gain = 0.000
INFO: [Common 17-1381] The checkpoint 'C:/Users/Emerson/Documents/fpga/project_ebaz_miner/project_ebaz_miner.runs/impl_1/design_1_wrapper_routed.dcp' has been generated.
write_checkpoint: Time (s): cpu = 00:00:11 ; elapsed = 00:00:07 . Memory (MB): peak = 1547.512 ; gain = 0.000
INFO: [runtcl-4] Executing : report_drc -file design_1_wrapper_drc_routed.rpt -pb design_1_wrapper_drc_routed.pb -rpx design_1_wrapper_drc_routed.rpx
Command: report_drc -file design_1_wrapper_drc_routed.rpt -pb design_1_wrapper_drc_routed.pb -rpx design_1_wrapper_drc_routed.rpx
INFO: [DRC 23-27] Running DRC with 2 threads
INFO: [Coretcl 2-168] The results of DRC are in file C:/Users/Emerson/Documents/fpga/project_ebaz_miner/project_ebaz_miner.runs/impl_1/design_1_wrapper_drc_routed.rpt.
report_drc completed successfully
report_drc: Time (s): cpu = 00:00:12 ; elapsed = 00:00:07 . Memory (MB): peak = 1549.055 ; gain = 1.543
INFO: [runtcl-4] Executing : report_methodology -file design_1_wrapper_methodology_drc_routed.rpt -pb design_1_wrapper_methodology_drc_routed.pb -rpx design_1_wrapper_methodology_drc_routed.rpx
Command: report_methodology -file design_1_wrapper_methodology_drc_routed.rpt -pb design_1_wrapper_methodology_drc_routed.pb -rpx design_1_wrapper_methodology_drc_routed.rpx
INFO: [Timing 38-35] Done setting XDC timing constraints.
INFO: [Timing 38-35] Done setting XDC timing constraints.
INFO: [DRC 23-133] Running Methodology with 2 threads
INFO: [Coretcl 2-1520] The results of Report Methodology are in file C:/Users/Emerson/Documents/fpga/project_ebaz_miner/project_ebaz_miner.runs/impl_1/design_1_wrapper_methodology_drc_routed.rpt.
report_methodology completed successfully
report_methodology: Time (s): cpu = 00:00:22 ; elapsed = 00:00:14 . Memory (MB): peak = 1590.027 ; gain = 40.973
INFO: [runtcl-4] Executing : report_power -file design_1_wrapper_power_routed.rpt -pb design_1_wrapper_power_summary_routed.pb -rpx design_1_wrapper_power_routed.rpx
Command: report_power -file design_1_wrapper_power_routed.rpt -pb design_1_wrapper_power_summary_routed.pb -rpx design_1_wrapper_power_routed.rpx
INFO: [Timing 38-35] Done setting XDC timing constraints.
Running Vector-less Activity Propagation...

Finished Running Vector-less Activity Propagation
WARNING: [Power 33-332] Found switching activity that implies high-fanout reset nets being asserted for excessive periods of time which may result in inaccurate power analysis.
Resolution: To review and fix problems, please run Power Constraints Advisor in the GUI from Tools > Power Constraints Advisor or run report_power with the -advisory option to generate a text report.
81 Infos, 2 Warnings, 0 Critical Warnings and 0 Errors encountered.
report_power completed successfully
report_power: Time (s): cpu = 00:00:14 ; elapsed = 00:00:09 . Memory (MB): peak = 1644.812 ; gain = 54.785
INFO: [runtcl-4] Executing : report_route_status -file design_1_wrapper_route_status.rpt -pb design_1_wrapper_route_status.pb
INFO: [runtcl-4] Executing : report_timing_summary -max_paths 10 -file design_1_wrapper_timing_summary_routed.rpt -pb design_1_wrapper_timing_summary_routed.pb -rpx design_1_wrapper_timing_summary_routed.rpx -warn_on_violation 
INFO: [Timing 38-91] UpdateTimingParams: Speed grade: -1, Delay Type: min_max, Timing Stage: Requireds.
INFO: [Timing 38-191] Multithreading enabled for timing update using a maximum of 2 CPUs
CRITICAL WARNING: [Timing 38-282] The design failed to meet the timing requirements. Please see the timing summary report for details on the timing violations.
INFO: [runtcl-4] Executing : report_incremental_reuse -file design_1_wrapper_incremental_reuse_routed.rpt
INFO: [Vivado_Tcl 4-545] No incremental reuse to report, no incremental placement and routing data was found.
INFO: [runtcl-4] Executing : report_clock_utilization -file design_1_wrapper_clock_utilization_routed.rpt
INFO: [runtcl-4] Executing : report_bus_skew -warn_on_violation -file design_1_wrapper_bus_skew_routed.rpt -pb design_1_wrapper_bus_skew_routed.pb -rpx design_1_wrapper_bus_skew_routed.rpx
INFO: [Timing 38-91] UpdateTimingParams: Speed grade: -1, Delay Type: min_max, Timing Stage: Requireds.
INFO: [Timing 38-191] Multithreading enabled for timing update using a maximum of 2 CPUs
Command: write_bitstream -force design_1_wrapper.bit
Attempting to get a license for feature 'Implementation' and/or device 'xc7z010'
INFO: [Common 17-349] Got license for feature 'Implementation' and/or device 'xc7z010'
Running DRC as a precondition to command write_bitstream
INFO: [DRC 23-27] Running DRC with 2 threads
WARNING: [DRC DPIP-1] Input pipelining: DSP design_1_i/top_0/inst/bcd_inst_0/remainder_d90 input design_1_i/top_0/inst/bcd_inst_0/remainder_d90/B[17:0] is not pipelined. Pipelining DSP48 input will improve performance.
WARNING: [DRC DPIP-1] Input pipelining: DSP design_1_i/top_0/inst/bcd_inst_1/remainder_d90 input design_1_i/top_0/inst/bcd_inst_1/remainder_d90/B[17:0] is not pipelined. Pipelining DSP48 input will improve performance.
WARNING: [DRC DPIP-1] Input pipelining: DSP design_1_i/top_0/inst/bcd_inst_2/remainder_d90 input design_1_i/top_0/inst/bcd_inst_2/remainder_d90/B[17:0] is not pipelined. Pipelining DSP48 input will improve performance.
WARNING: [DRC DPIP-1] Input pipelining: DSP design_1_i/top_0/inst/bcd_inst_3/remainder_d90 input design_1_i/top_0/inst/bcd_inst_3/remainder_d90/B[17:0] is not pipelined. Pipelining DSP48 input will improve performance.
WARNING: [DRC DPIP-1] Input pipelining: DSP design_1_i/top_0/inst/bcd_inst_4/remainder_d90 input design_1_i/top_0/inst/bcd_inst_4/remainder_d90/B[17:0] is not pipelined. Pipelining DSP48 input will improve performance.
WARNING: [DRC DPIP-1] Input pipelining: DSP design_1_i/top_0/inst/bcd_inst_5/remainder_d90 input design_1_i/top_0/inst/bcd_inst_5/remainder_d90/B[17:0] is not pipelined. Pipelining DSP48 input will improve performance.
WARNING: [DRC DPIP-1] Input pipelining: DSP design_1_i/top_0/inst/bcd_inst_6/remainder_d90 input design_1_i/top_0/inst/bcd_inst_6/remainder_d90/B[17:0] is not pipelined. Pipelining DSP48 input will improve performance.
WARNING: [DRC DPIP-1] Input pipelining: DSP design_1_i/top_0/inst/bcd_inst_7/remainder_d90 input design_1_i/top_0/inst/bcd_inst_7/remainder_d90/B[17:0] is not pipelined. Pipelining DSP48 input will improve performance.
WARNING: [DRC DPOP-1] PREG Output pipelining: DSP design_1_i/top_0/inst/bcd_inst_0/remainder_d90 output design_1_i/top_0/inst/bcd_inst_0/remainder_d90/P[47:0] is not pipelined (PREG=0). Pipelining the DSP48 output will improve performance and often saves power so it is suggested whenever possible to fully pipeline this function.  If this DSP48 function was inferred, it is suggested to describe an additional register stage after this function.  If the DSP48 was instantiated in the design, it is suggested to set the PREG attribute to 1.
WARNING: [DRC DPOP-1] PREG Output pipelining: DSP design_1_i/top_0/inst/bcd_inst_1/remainder_d90 output design_1_i/top_0/inst/bcd_inst_1/remainder_d90/P[47:0] is not pipelined (PREG=0). Pipelining the DSP48 output will improve performance and often saves power so it is suggested whenever possible to fully pipeline this function.  If this DSP48 function was inferred, it is suggested to describe an additional register stage after this function.  If the DSP48 was instantiated in the design, it is suggested to set the PREG attribute to 1.
WARNING: [DRC DPOP-1] PREG Output pipelining: DSP design_1_i/top_0/inst/bcd_inst_2/remainder_d90 output design_1_i/top_0/inst/bcd_inst_2/remainder_d90/P[47:0] is not pipelined (PREG=0). Pipelining the DSP48 output will improve performance and often saves power so it is suggested whenever possible to fully pipeline this function.  If this DSP48 function was inferred, it is suggested to describe an additional register stage after this function.  If the DSP48 was instantiated in the design, it is suggested to set the PREG attribute to 1.
WARNING: [DRC DPOP-1] PREG Output pipelining: DSP design_1_i/top_0/inst/bcd_inst_3/remainder_d90 output design_1_i/top_0/inst/bcd_inst_3/remainder_d90/P[47:0] is not pipelined (PREG=0). Pipelining the DSP48 output will improve performance and often saves power so it is suggested whenever possible to fully pipeline this function.  If this DSP48 function was inferred, it is suggested to describe an additional register stage after this function.  If the DSP48 was instantiated in the design, it is suggested to set the PREG attribute to 1.
WARNING: [DRC DPOP-1] PREG Output pipelining: DSP design_1_i/top_0/inst/bcd_inst_4/remainder_d90 output design_1_i/top_0/inst/bcd_inst_4/remainder_d90/P[47:0] is not pipelined (PREG=0). Pipelining the DSP48 output will improve performance and often saves power so it is suggested whenever possible to fully pipeline this function.  If this DSP48 function was inferred, it is suggested to describe an additional register stage after this function.  If the DSP48 was instantiated in the design, it is suggested to set the PREG attribute to 1.
WARNING: [DRC DPOP-1] PREG Output pipelining: DSP design_1_i/top_0/inst/bcd_inst_5/remainder_d90 output design_1_i/top_0/inst/bcd_inst_5/remainder_d90/P[47:0] is not pipelined (PREG=0). Pipelining the DSP48 output will improve performance and often saves power so it is suggested whenever possible to fully pipeline this function.  If this DSP48 function was inferred, it is suggested to describe an additional register stage after this function.  If the DSP48 was instantiated in the design, it is suggested to set the PREG attribute to 1.
WARNING: [DRC DPOP-1] PREG Output pipelining: DSP design_1_i/top_0/inst/bcd_inst_6/remainder_d90 output design_1_i/top_0/inst/bcd_inst_6/remainder_d90/P[47:0] is not pipelined (PREG=0). Pipelining the DSP48 output will improve performance and often saves power so it is suggested whenever possible to fully pipeline this function.  If this DSP48 function was inferred, it is suggested to describe an additional register stage after this function.  If the DSP48 was instantiated in the design, it is suggested to set the PREG attribute to 1.
WARNING: [DRC DPOP-1] PREG Output pipelining: DSP design_1_i/top_0/inst/bcd_inst_7/remainder_d90 output design_1_i/top_0/inst/bcd_inst_7/remainder_d90/P[47:0] is not pipelined (PREG=0). Pipelining the DSP48 output will improve performance and often saves power so it is suggested whenever possible to fully pipeline this function.  If this DSP48 function was inferred, it is suggested to describe an additional register stage after this function.  If the DSP48 was instantiated in the design, it is suggested to set the PREG attribute to 1.
WARNING: [DRC DPOP-2] MREG Output pipelining: DSP design_1_i/top_0/inst/bcd_inst_0/remainder_d90 multiplier stage design_1_i/top_0/inst/bcd_inst_0/remainder_d90/P[47:0] is not pipelined (MREG=0). Pipelining the multiplier function will improve performance and will save significant power so it is suggested whenever possible to fully pipeline this function.  If this multiplier was inferred, it is suggested to describe an additional register stage after this function.  If there is no registered adder/accumulator following the multiply function, two pipeline stages are suggested to allow both the MREG and PREG registers to be used.  If the DSP48 was instantiated in the design, it is suggested to set both the MREG and PREG attributes to 1 when performing multiply functions.
WARNING: [DRC DPOP-2] MREG Output pipelining: DSP design_1_i/top_0/inst/bcd_inst_1/remainder_d90 multiplier stage design_1_i/top_0/inst/bcd_inst_1/remainder_d90/P[47:0] is not pipelined (MREG=0). Pipelining the multiplier function will improve performance and will save significant power so it is suggested whenever possible to fully pipeline this function.  If this multiplier was inferred, it is suggested to describe an additional register stage after this function.  If there is no registered adder/accumulator following the multiply function, two pipeline stages are suggested to allow both the MREG and PREG registers to be used.  If the DSP48 was instantiated in the design, it is suggested to set both the MREG and PREG attributes to 1 when performing multiply functions.
WARNING: [DRC DPOP-2] MREG Output pipelining: DSP design_1_i/top_0/inst/bcd_inst_2/remainder_d90 multiplier stage design_1_i/top_0/inst/bcd_inst_2/remainder_d90/P[47:0] is not pipelined (MREG=0). Pipelining the multiplier function will improve performance and will save significant power so it is suggested whenever possible to fully pipeline this function.  If this multiplier was inferred, it is suggested to describe an additional register stage after this function.  If there is no registered adder/accumulator following the multiply function, two pipeline stages are suggested to allow both the MREG and PREG registers to be used.  If the DSP48 was instantiated in the design, it is suggested to set both the MREG and PREG attributes to 1 when performing multiply functions.
WARNING: [DRC DPOP-2] MREG Output pipelining: DSP design_1_i/top_0/inst/bcd_inst_3/remainder_d90 multiplier stage design_1_i/top_0/inst/bcd_inst_3/remainder_d90/P[47:0] is not pipelined (MREG=0). Pipelining the multiplier function will improve performance and will save significant power so it is suggested whenever possible to fully pipeline this function.  If this multiplier was inferred, it is suggested to describe an additional register stage after this function.  If there is no registered adder/accumulator following the multiply function, two pipeline stages are suggested to allow both the MREG and PREG registers to be used.  If the DSP48 was instantiated in the design, it is suggested to set both the MREG and PREG attributes to 1 when performing multiply functions.
WARNING: [DRC DPOP-2] MREG Output pipelining: DSP design_1_i/top_0/inst/bcd_inst_4/remainder_d90 multiplier stage design_1_i/top_0/inst/bcd_inst_4/remainder_d90/P[47:0] is not pipelined (MREG=0). Pipelining the multiplier function will improve performance and will save significant power so it is suggested whenever possible to fully pipeline this function.  If this multiplier was inferred, it is suggested to describe an additional register stage after this function.  If there is no registered adder/accumulator following the multiply function, two pipeline stages are suggested to allow both the MREG and PREG registers to be used.  If the DSP48 was instantiated in the design, it is suggested to set both the MREG and PREG attributes to 1 when performing multiply functions.
WARNING: [DRC DPOP-2] MREG Output pipelining: DSP design_1_i/top_0/inst/bcd_inst_5/remainder_d90 multiplier stage design_1_i/top_0/inst/bcd_inst_5/remainder_d90/P[47:0] is not pipelined (MREG=0). Pipelining the multiplier function will improve performance and will save significant power so it is suggested whenever possible to fully pipeline this function.  If this multiplier was inferred, it is suggested to describe an additional register stage after this function.  If there is no registered adder/accumulator following the multiply function, two pipeline stages are suggested to allow both the MREG and PREG registers to be used.  If the DSP48 was instantiated in the design, it is suggested to set both the MREG and PREG attributes to 1 when performing multiply functions.
WARNING: [DRC DPOP-2] MREG Output pipelining: DSP design_1_i/top_0/inst/bcd_inst_6/remainder_d90 multiplier stage design_1_i/top_0/inst/bcd_inst_6/remainder_d90/P[47:0] is not pipelined (MREG=0). Pipelining the multiplier function will improve performance and will save significant power so it is suggested whenever possible to fully pipeline this function.  If this multiplier was inferred, it is suggested to describe an additional register stage after this function.  If there is no registered adder/accumulator following the multiply function, two pipeline stages are suggested to allow both the MREG and PREG registers to be used.  If the DSP48 was instantiated in the design, it is suggested to set both the MREG and PREG attributes to 1 when performing multiply functions.
WARNING: [DRC DPOP-2] MREG Output pipelining: DSP design_1_i/top_0/inst/bcd_inst_7/remainder_d90 multiplier stage design_1_i/top_0/inst/bcd_inst_7/remainder_d90/P[47:0] is not pipelined (MREG=0). Pipelining the multiplier function will improve performance and will save significant power so it is suggested whenever possible to fully pipeline this function.  If this multiplier was inferred, it is suggested to describe an additional register stage after this function.  If there is no registered adder/accumulator following the multiply function, two pipeline stages are suggested to allow both the MREG and PREG registers to be used.  If the DSP48 was instantiated in the design, it is suggested to set both the MREG and PREG attributes to 1 when performing multiply functions.
INFO: [Vivado 12-3199] DRC finished with 0 Errors, 24 Warnings
INFO: [Vivado 12-3200] Please refer to the DRC report (report_drc) for more information.
INFO: [Designutils 20-2272] Running write_bitstream with 2 threads.
Loading data files...
Loading site data...
Loading route data...
Processing options...
Creating bitmap...
Creating bitstream...
Writing bitstream ./design_1_wrapper.bit...
INFO: [Vivado 12-1842] Bitgen Completed Successfully.
INFO: [Project 1-120] WebTalk data collection is mandatory when using a WebPACK part without a full Vivado license. To see the specific WebTalk data collected for your design, open the usage_statistics_webtalk.html or usage_statistics_webtalk.xml file in the implementation directory.
INFO: [Common 17-83] Releasing license: Implementation
99 Infos, 26 Warnings, 1 Critical Warnings and 0 Errors encountered.
write_bitstream completed successfully
write_bitstream: Time (s): cpu = 00:00:28 ; elapsed = 00:00:23 . Memory (MB): peak = 2082.695 ; gain = 437.020
INFO: [Common 17-206] Exiting Vivado at Mon May 11 14:51:36 2026...
