17:21:57 INFO  : Registering command handlers for SDK TCF services
17:21:57 INFO  : Launching XSCT server: xsct.bat -interactive C:\Users\Emerson\Documents\fpga\duinocoin_miner_ebaz4205_fpga\project_ebaz_miner.sdk\temp_xsdb_launch_script.tcl
17:21:59 INFO  : XSCT server has started successfully.
17:21:59 INFO  : Successfully done setting XSCT server connection channel  
17:22:04 INFO  : Successfully done setting SDK workspace  
17:22:04 INFO  : Processing command line option -hwspec C:/Users/Emerson/Documents/fpga/duinocoin_miner_ebaz4205_fpga/project_ebaz_miner.sdk/design_1_wrapper.hdf.
17:23:49 INFO  : Connected to target on host '127.0.0.1' and port '3121'.
17:23:49 INFO  : 'targets -set -filter {jtag_cable_name =~ "Xilinx Virtual Cable localhost:2542" && level==0} -index 1' command is executed.
17:24:05 INFO  : FPGA configured successfully with bitstream "C:/Users/Emerson/Documents/fpga/duinocoin_miner_ebaz4205_fpga/project_ebaz_miner.sdk/design_1_wrapper_hw_platform_0/design_1_wrapper.bit"
17:24:22 INFO  : 'targets -set -filter {jtag_cable_name =~ "Xilinx Virtual Cable localhost:2542" && level==0} -index 1' command is executed.
17:24:22 INFO  : 'fpga -state' command is executed.
17:24:22 INFO  : Connected to target on host '127.0.0.1' and port '3121'.
17:24:22 INFO  : Jtag cable 'Xilinx Virtual Cable localhost:2542' is selected.
17:24:22 INFO  : 'jtag frequency' command is executed.
17:24:22 INFO  : Sourcing of 'C:/Users/Emerson/Documents/fpga/duinocoin_miner_ebaz4205_fpga/project_ebaz_miner.sdk/design_1_wrapper_hw_platform_0/ps7_init.tcl' is done.
17:24:22 INFO  : Context for 'APU' is selected.
17:24:22 INFO  : Hardware design information is loaded from 'C:/Users/Emerson/Documents/fpga/duinocoin_miner_ebaz4205_fpga/project_ebaz_miner.sdk/design_1_wrapper_hw_platform_0/system.hdf'.
17:24:22 INFO  : 'configparams force-mem-access 1' command is executed.
17:24:22 INFO  : Context for 'APU' is selected.
17:24:22 INFO  : 'stop' command is executed.
17:24:23 INFO  : 'ps7_init' command is executed.
17:24:23 INFO  : 'ps7_post_config' command is executed.
17:24:23 INFO  : Context for processor 'ps7_cortexa9_0' is selected.
17:24:23 INFO  : Processor reset is completed for 'ps7_cortexa9_0'.
17:24:23 INFO  : Context for processor 'ps7_cortexa9_0' is selected.
17:24:24 INFO  : The application 'C:/Users/Emerson/Documents/fpga/duinocoin_miner_ebaz4205_fpga/project_ebaz_miner.sdk/ebaz_miner/Debug/ebaz_miner.elf' is downloaded to processor 'ps7_cortexa9_0'.
17:24:24 INFO  : 'configparams force-mem-access 0' command is executed.
17:24:24 INFO  : ----------------XSDB Script----------------
connect -url tcp:127.0.0.1:3121
source C:/Users/Emerson/Documents/fpga/duinocoin_miner_ebaz4205_fpga/project_ebaz_miner.sdk/design_1_wrapper_hw_platform_0/ps7_init.tcl
targets -set -nocase -filter {name =~"APU*" && jtag_cable_name =~ "Xilinx Virtual Cable localhost:2542"} -index 0
loadhw -hw C:/Users/Emerson/Documents/fpga/duinocoin_miner_ebaz4205_fpga/project_ebaz_miner.sdk/design_1_wrapper_hw_platform_0/system.hdf -mem-ranges [list {0x40000000 0xbfffffff}]
configparams force-mem-access 1
targets -set -nocase -filter {name =~"APU*" && jtag_cable_name =~ "Xilinx Virtual Cable localhost:2542"} -index 0
stop
ps7_init
ps7_post_config
targets -set -nocase -filter {name =~ "ARM*#0" && jtag_cable_name =~ "Xilinx Virtual Cable localhost:2542"} -index 0
rst -processor
targets -set -nocase -filter {name =~ "ARM*#0" && jtag_cable_name =~ "Xilinx Virtual Cable localhost:2542"} -index 0
dow C:/Users/Emerson/Documents/fpga/duinocoin_miner_ebaz4205_fpga/project_ebaz_miner.sdk/ebaz_miner/Debug/ebaz_miner.elf
configparams force-mem-access 0
----------------End of Script----------------

17:24:24 INFO  : Memory regions updated for context APU
17:24:24 INFO  : Context for processor 'ps7_cortexa9_0' is selected.
17:24:24 INFO  : 'con' command is executed.
17:24:24 INFO  : ----------------XSDB Script (After Launch)----------------
targets -set -nocase -filter {name =~ "ARM*#0" && jtag_cable_name =~ "Xilinx Virtual Cable localhost:2542"} -index 0
con
----------------End of Script----------------

17:24:25 INFO  : Launch script is exported to file 'C:\Users\Emerson\Documents\fpga\duinocoin_miner_ebaz4205_fpga\project_ebaz_miner.sdk\.sdk\launch_scripts\xilinx_c-c++_application_(system_debugger)\system_debugger_using_debug_ebaz_miner.elf_on_local.tcl'
17:25:36 INFO  : Invoking Bootgen: bootgen -image output.bif -arch zynq -o C:\Users\Emerson\Documents\fpga\duinocoin_miner_ebaz4205_fpga\BOOT\BOOT.bin
17:25:36 INFO  : Creating new bif file C:\Users\Emerson\Documents\fpga\duinocoin_miner_ebaz4205_fpga\BOOT\output.bif
17:25:37 INFO  : Bootgen command execution is done.
17:25:46 INFO  : Disconnected from the channel tcfchan#1.
