#-----------------------------------------------------------
# Webtalk v2018.2 (64-bit)
# SW Build 2258646 on Thu Jun 14 20:03:12 MDT 2018
# 
# Start of session at: Wed May 13 17:18:00 2026
# Process ID: 17360
# Current directory: C:/Users/Emerson/Documents/fpga/duinocoin_miner_ebaz4205_fpga/project_ebaz_miner.sdk/webtalk
# Command line: wbtcv.exe -mode batch -source sdk_webtalk.tcl
# Log file: C:/Users/Emerson/Documents/fpga/duinocoin_miner_ebaz4205_fpga/project_ebaz_miner.sdk/webtalk/webtalk.log
# Journal file: C:/Users/Emerson/Documents/fpga/duinocoin_miner_ebaz4205_fpga/project_ebaz_miner.sdk/webtalk\webtalk.jou
#-----------------------------------------------------------
source sdk_webtalk.tcl
# webtalk_init -webtalk_dir C:\\Users\\Emerson\\Documents\\fpga\\duinocoin_miner_ebaz4205_fpga\\project_ebaz_miner.sdk\\webtalk
# webtalk_register_client -client project
# webtalk_add_data -client project -key date_generated -value "2026-05-13 17:17:59" -context "software_version_and_target_device"
# webtalk_add_data -client project -key product_version -value "SDK v2018.2" -context "software_version_and_target_device"
# webtalk_add_data -client project -key build_version -value "2018.2" -context "software_version_and_target_device"
# webtalk_add_data -client project -key os_platform -value "amd64" -context "software_version_and_target_device"
# webtalk_add_data -client project -key registration_id -value "" -context "software_version_and_target_device"
# webtalk_add_data -client project -key tool_flow -value "SDK" -context "software_version_and_target_device"
# webtalk_add_data -client project -key beta -value "false" -context "software_version_and_target_device"
# webtalk_add_data -client project -key route_design -value "NA" -context "software_version_and_target_device"
# webtalk_add_data -client project -key target_family -value "NA" -context "software_version_and_target_device"
# webtalk_add_data -client project -key target_device -value "NA" -context "software_version_and_target_device"
# webtalk_add_data -client project -key target_package -value "NA" -context "software_version_and_target_device"
# webtalk_add_data -client project -key target_speed -value "NA" -context "software_version_and_target_device"
# webtalk_add_data -client project -key random_id -value "kercluj5p9h54q73m8hr7s15r5" -context "software_version_and_target_device"
# webtalk_add_data -client project -key project_id -value "2018.2_7" -context "software_version_and_target_device"
# webtalk_add_data -client project -key project_iteration -value "7" -context "software_version_and_target_device"
# webtalk_add_data -client project -key os_name -value "Microsoft Windows 8 or later , 64-bit" -context "user_environment"
# webtalk_add_data -client project -key os_release -value "major release  (build 9200)" -context "user_environment"
# webtalk_add_data -client project -key cpu_name -value "AMD Ryzen 5 6600H with Radeon Graphics         " -context "user_environment"
# webtalk_add_data -client project -key cpu_speed -value "3294 MHz" -context "user_environment"
# webtalk_add_data -client project -key total_processors -value "2" -context "user_environment"
# webtalk_add_data -client project -key system_ram -value "13.688 GB" -context "user_environment"
# webtalk_register_client -client sdk
# webtalk_add_data -client sdk -key uid -value "1778703232720" -context "sdk\\\\bsp/1778703232720"
# webtalk_add_data -client sdk -key hwid -value "1778617329362" -context "sdk\\\\bsp/1778703232720"
# webtalk_add_data -client sdk -key os -value "standalone" -context "sdk\\\\bsp/1778703232720"
# webtalk_add_data -client sdk -key apptemplate -value "zynq_fsbl" -context "sdk\\\\bsp/1778703232720"
# webtalk_add_data -client sdk -key RecordType -value "BSPCreation" -context "sdk\\\\bsp/1778703232720"
# webtalk_add_data -client sdk -key uid -value "1778703237220" -context "sdk\\\\application/1778703237220"
# webtalk_add_data -client sdk -key hwid -value "1778617329362" -context "sdk\\\\application/1778703237220"
# webtalk_add_data -client sdk -key bspid -value "1778703232720" -context "sdk\\\\application/1778703237220"
# webtalk_add_data -client sdk -key newbsp -value "true" -context "sdk\\\\application/1778703237220"
# webtalk_add_data -client sdk -key os -value "standalone" -context "sdk\\\\application/1778703237220"
# webtalk_add_data -client sdk -key apptemplate -value "zynq_fsbl" -context "sdk\\\\application/1778703237220"
# webtalk_add_data -client sdk -key RecordType -value "APPCreation" -context "sdk\\\\application/1778703237220"
# webtalk_add_data -client sdk -key LangUsed -value "C" -context "sdk\\\\application/1778703237220"
# webtalk_add_data -client sdk -key Procused -value "ps7_cortexa9" -context "sdk\\\\application/1778703237220"
# webtalk_add_data -client sdk -key projSize -value "633.2890625" -context "sdk\\\\application/1778703237220"
# webtalk_add_data -client sdk -key uid -value "NA" -context "sdk\\\\bsp/1778703479718"
# webtalk_add_data -client sdk -key RecordType -value "ToolUsage" -context "sdk\\\\bsp/1778703479718"
# webtalk_add_data -client sdk -key BootgenCount -value "3" -context "sdk\\\\bsp/1778703479718"
# webtalk_add_data -client sdk -key DebugCount -value "0" -context "sdk\\\\bsp/1778703479718"
# webtalk_add_data -client sdk -key PerfCount -value "0" -context "sdk\\\\bsp/1778703479718"
# webtalk_add_data -client sdk -key FlashCount -value "0" -context "sdk\\\\bsp/1778703479718"
# webtalk_add_data -client sdk -key CrossTriggCount -value "0" -context "sdk\\\\bsp/1778703479718"
# webtalk_add_data -client sdk -key QemuDebugCount -value "0" -context "sdk\\\\bsp/1778703479718"
# webtalk_transmit -clientid 1659007097 -regid "" -xml C:\\Users\\Emerson\\Documents\\fpga\\duinocoin_miner_ebaz4205_fpga\\project_ebaz_miner.sdk\\webtalk\\usage_statistics_ext_sdk.xml -html C:\\Users\\Emerson\\Documents\\fpga\\duinocoin_miner_ebaz4205_fpga\\project_ebaz_miner.sdk\\webtalk\\usage_statistics_ext_sdk.html -wdm C:\\Users\\Emerson\\Documents\\fpga\\duinocoin_miner_ebaz4205_fpga\\project_ebaz_miner.sdk\\webtalk\\sdk_webtalk.wdm -intro "<H3>SDK Usage Report</H3><BR>"
# webtalk_terminate
INFO: [Common 17-206] Exiting Webtalk at Wed May 13 17:18:05 2026...
